This is pdfTeX, Version 3.14159265-2.6-1.40.20 (TeX Live 2019/Debian) (preloaded format=pdflatex 2020.10.18)  10 MAR 2021 00:43
entering extended mode
 restricted \write18 enabled.
 %&-line parsing enabled.
**aula04.tex
(./aula04.tex
LaTeX2e <2020-02-02> patch level 2
L3 programming layer <2020-02-14>
(/usr/share/texlive/texmf-dist/tex/latex/base/slides.cls
Document Class: slides 2019/11/04 v2.4b Standard LaTeX document class
(/usr/share/texlive/texmf-dist/tex/latex/base/slides.def
File: slides.def 2019/11/04 v2.4b SLiTeX definitions
 hacks, slides,
\c@page=\count167

picture, mods,
\@smashboxa=\box45
\@smashboxb=\box46
\@smashboxc=\box47
 output, init)
(/usr/share/texlive/texmf-dist/tex/latex/base/sfonts.def
File: sfonts.def 2019/07/09 v2.2f Standard LaTeX slide font definitions

(/usr/share/texlive/texmf-dist/tex/latex/base/ot1lcmss.fd
File: ot1lcmss.fd 2019/07/09 v2.2f Standard LaTeX slide font definitions
))
\c@minutes=\count168
\c@seconds=\count169
\c@mv@invisible=\count170
LaTeX Font Info:    Overwriting symbol font `operators' in version `normal'
(Font)                  OT1/cmr/m/n --> OT1/lcmss/m/n on input line 360.
LaTeX Font Info:    Overwriting symbol font `letters' in version `normal'
(Font)                  OML/cmm/m/it --> OML/lcmm/m/it on input line 363.
LaTeX Font Info:    Overwriting symbol font `symbols' in version `normal'
(Font)                  OMS/cmsy/m/n --> OMS/lcmsy/m/n on input line 365.
LaTeX Font Info:    Overwriting symbol font `largesymbols' in version `normal'
(Font)                  OMX/cmex/m/n --> OMX/lcmex/m/n on input line 367.
LaTeX Font Info:    Overwriting symbol font `operators' in version `invisible'
(Font)                  OT1/cmr/m/n --> OT1/lcmss/m/In on input line 370.
LaTeX Font Info:    Overwriting symbol font `letters' in version `invisible'
(Font)                  OML/cmm/m/it --> OML/lcmm/m/Iit on input line 372.
LaTeX Font Info:    Overwriting symbol font `symbols' in version `invisible'
(Font)                  OMS/cmsy/m/n --> OMS/lcmsy/m/In on input line 374.
LaTeX Font Info:    Overwriting symbol font `largesymbols' in version `invisibl
e'
(Font)                  OMX/cmex/m/n --> OMX/lcmex/m/In on input line 376.
)
(/usr/share/texlive/texmf-dist/tex/generic/babel/babel.sty
Package: babel 2020/02/14 3.40 The Babel package

(/usr/share/texlive/texmf-dist/tex/generic/babel/switch.def
File: switch.def 2020/02/14 3.40 Babel switching mechanism
)
(/usr/share/texlive/texmf-dist/tex/generic/babel-portuges/portuges.ldf
Language: portuges 2008/03/18 v1.2q Portuguese support from the babel system

(/usr/share/texlive/texmf-dist/tex/generic/babel/babel.def
File: babel.def 2020/02/14 3.40 Babel common definitions
\babel@savecnt=\count171
\U@D=\dimen134

(/usr/share/texlive/texmf-dist/tex/generic/babel/txtbabel.def)
\bbl@readstream=\read2
\bbl@dirlevel=\count172
)
Package babel Info: \l@brazil = using hyphenrules for portuguese
(babel)             (\language14) on input line 113.
Package babel Info: Making " an active character on input line 145.
))
(/usr/share/texlive/texmf-dist/tex/latex/base/inputenc.sty
Package: inputenc 2018/08/11 v1.3c Input encoding file
\inpenc@prehook=\toks14
\inpenc@posthook=\toks15

(/usr/share/texlive/texmf-dist/tex/latex/base/latin1.def
File: latin1.def 2018/08/11 v1.3c Input encoding file
))
(/usr/share/texlive/texmf-dist/tex/latex/base/textcomp.sty
Package: textcomp 2020/02/02 v2.0n Standard LaTeX package
)
(/usr/share/texlive/texmf-dist/tex/latex/base/fontenc.sty
Package: fontenc 2020/02/11 v2.0o Standard LaTeX package
LaTeX Font Info:    Trying to load font information for T1+lcmss on input line 
112.

(/usr/share/texlive/texmf-dist/tex/latex/base/t1lcmss.fd
File: t1lcmss.fd 2019/07/09 v2.2f Standard LaTeX slide font definitions
))
(/usr/share/texlive/texmf-dist/tex/latex/multirow/multirow.sty
Package: multirow 2019/05/31 v2.5 Span multiple rows of a table
\multirow@colwidth=\skip47
\multirow@cntb=\count173
\multirow@dima=\skip48
\bigstrutjot=\dimen135
)
(/usr/share/texlive/texmf-dist/tex/latex/graphics/graphicx.sty
Package: graphicx 2019/11/30 v1.2a Enhanced LaTeX Graphics (DPC,SPQR)

(/usr/share/texlive/texmf-dist/tex/latex/graphics/keyval.sty
Package: keyval 2014/10/28 v1.15 key=value parser (DPC)
\KV@toks@=\toks16
)
(/usr/share/texlive/texmf-dist/tex/latex/graphics/graphics.sty
Package: graphics 2019/11/30 v1.4a Standard LaTeX Graphics (DPC,SPQR)

(/usr/share/texlive/texmf-dist/tex/latex/graphics/trig.sty
Package: trig 2016/01/03 v1.10 sin cos tan (DPC)
)
(/usr/share/texlive/texmf-dist/tex/latex/graphics-cfg/graphics.cfg
File: graphics.cfg 2016/06/04 v1.11 sample graphics configuration
)
Package graphics Info: Driver file: pdftex.def on input line 105.

(/usr/share/texlive/texmf-dist/tex/latex/graphics-def/pdftex.def
File: pdftex.def 2018/01/08 v1.0l Graphics/color driver for pdftex
))
\Gin@req@height=\dimen136
\Gin@req@width=\dimen137
)
(/usr/share/texlive/texmf-dist/tex/latex/epstopdf-pkg/epstopdf.sty
Package: epstopdf 2020-01-24 v2.11 Conversion with epstopdf on the fly (HO)

(/usr/share/texlive/texmf-dist/tex/generic/infwarerr/infwarerr.sty
Package: infwarerr 2019/12/03 v1.5 Providing info/warning/error messages (HO)
)
(/usr/share/texlive/texmf-dist/tex/latex/grfext/grfext.sty
Package: grfext 2019/12/03 v1.3 Manage graphics extensions (HO)

(/usr/share/texlive/texmf-dist/tex/generic/kvdefinekeys/kvdefinekeys.sty
Package: kvdefinekeys 2019-12-19 v1.6 Define keys (HO)
))
(/usr/share/texlive/texmf-dist/tex/latex/kvoptions/kvoptions.sty
Package: kvoptions 2019/11/29 v3.13 Key value format for package options (HO)

(/usr/share/texlive/texmf-dist/tex/generic/ltxcmds/ltxcmds.sty
Package: ltxcmds 2019/12/15 v1.24 LaTeX kernel commands for general use (HO)
)
(/usr/share/texlive/texmf-dist/tex/generic/kvsetkeys/kvsetkeys.sty
Package: kvsetkeys 2019/12/15 v1.18 Key value parser (HO)
))
(/usr/share/texlive/texmf-dist/tex/latex/pdftexcmds/pdftexcmds.sty
Package: pdftexcmds 2019/11/24 v0.31 Utility functions of pdfTeX for LuaTeX (HO
)

(/usr/share/texlive/texmf-dist/tex/generic/iftex/iftex.sty
Package: iftex 2019/11/07 v1.0c TeX engine tests
)
Package pdftexcmds Info: \pdf@primitive is available.
Package pdftexcmds Info: \pdf@ifprimitive is available.
Package pdftexcmds Info: \pdfdraftmode found.
)
(/usr/share/texlive/texmf-dist/tex/latex/epstopdf-pkg/epstopdf-base.sty
Package: epstopdf-base 2020-01-24 v2.11 Base part for package epstopdf
Package epstopdf-base Info: Redefining graphics rule for `.eps' on input line 4
85.
Package grfext Info: Graphics extension search list:
(grfext)             [.pdf,.png,.jpg,.mps,.jpeg,.jbig2,.jb2,.PDF,.PNG,.JPG,.JPE
G,.JBIG2,.JB2,.eps]
(grfext)             \AppendGraphicsExtensions on input line 504.

(/usr/share/texlive/texmf-dist/tex/latex/latexconfig/epstopdf-sys.cfg
File: epstopdf-sys.cfg 2010/07/13 v1.3 Configuration of (r)epstopdf for TeX Liv
e
)))
(./clrscode.sty
Package: clrscode 2007/03/29 v1.7 format pseudocode
 (/usr/share/texlive/texmf-dist/tex/latex/base/latexsym.sty
Package: latexsym 1998/08/17 v2.2e Standard LaTeX package (lasy symbols)
\symlasy=\mathgroup4
LaTeX Font Info:    Overwriting symbol font `lasy' in version `bold'
(Font)                  U/lasy/m/n --> U/lasy/b/n on input line 52.
)
\c@codelinenumber=\count174
\c@indent=\count175
\digitwidth=\skip49
\savecode=\box48
\codeboxwidth=\skip50
\c@thisindent=\count176
)
(/usr/share/texlive/texmf-dist/tex/latex/algorithms/algorithm.sty
Package: algorithm 2009/08/24 v0.1 Document Style `algorithm' - floating enviro
nment

(/usr/share/texlive/texmf-dist/tex/latex/float/float.sty
Package: float 2001/11/08 v1.3d Float enhancements (AL)
\c@float@type=\count177
\float@exts=\toks17
\float@box=\box49
\@float@everytoks=\toks18
\@floatcapt=\box50
)
(/usr/share/texlive/texmf-dist/tex/latex/base/ifthen.sty
Package: ifthen 2014/09/29 v1.1c Standard LaTeX ifthen package (DPC)
)
\@float@every@algorithm=\toks19
\c@algorithm=\count178
)
(/usr/share/texlive/texmf-dist/tex/latex/tools/multicol.sty
Package: multicol 2019/12/09 v1.8y multicolumn formatting (FMi)
\c@tracingmulticols=\count179
\mult@box=\box51
\multicol@leftmargin=\dimen138
\c@unbalance=\count180
\c@collectmore=\count181
\doublecol@number=\count182
\multicoltolerance=\count183
\multicolpretolerance=\count184
\full@width=\dimen139
\page@free=\dimen140
\premulticols=\dimen141
\postmulticols=\dimen142
\multicolsep=\skip51
\multicolbaselineskip=\skip52
\partial@page=\box52
\last@line=\box53
\maxbalancingoverflow=\dimen143
\mult@rightbox=\box54
\mult@grightbox=\box55
\mult@gfirstbox=\box56
\mult@firstbox=\box57
\@tempa=\box58
\@tempa=\box59
\@tempa=\box60
\@tempa=\box61
\@tempa=\box62
\@tempa=\box63
\@tempa=\box64
\@tempa=\box65
\@tempa=\box66
\@tempa=\box67
\@tempa=\box68
\@tempa=\box69
\@tempa=\box70
\@tempa=\box71
\@tempa=\box72
\@tempa=\box73
\@tempa=\box74
\@tempa=\box75
\@tempa=\box76
\@tempa=\box77
\@tempa=\box78
\@tempa=\box79
\@tempa=\box80
\@tempa=\box81
\@tempa=\box82
\@tempa=\box83
\@tempa=\box84
\@tempa=\box85
\@tempa=\box86
\@tempa=\box87
\@tempa=\box88
\@tempa=\box89
\@tempa=\box90
\@tempa=\box91
\@tempa=\box92
\@tempa=\box93
\@tempa=\box94
\c@minrows=\count185
\c@columnbadness=\count186
\c@finalcolumnbadness=\count187
\last@try=\dimen144
\multicolovershoot=\dimen145
\multicolundershoot=\dimen146
\mult@nat@firstbox=\box95
\colbreak@box=\box96
\mc@col@check@num=\count188
)
(/usr/share/texlive/texmf-dist/tex/latex/psfrag/psfrag.sty
Package: psfrag 1998/04/11 v3.04 PSfrag (MCG)
\pfg@pcount=\count189
\pfg@scount=\count190
\pfg@temp=\write3
)
(/usr/share/texlive/texmf-dist/tex/latex/tools/tabularx.sty
Package: tabularx 2020/01/15 v2.11c `tabularx' package (DPC)

(/usr/share/texlive/texmf-dist/tex/latex/tools/array.sty
Package: array 2019/08/31 v2.4l Tabular extension package (FMi)
\col@sep=\dimen147
\ar@mcellbox=\box97
\extrarowheight=\dimen148
\NC@list=\toks20
\extratabsurround=\skip53
\backup@length=\skip54
\ar@cellbox=\box98
)
\TX@col@width=\dimen149
\TX@old@table=\dimen150
\TX@old@col=\dimen151
\TX@target=\dimen152
\TX@delta=\dimen153
\TX@cols=\count191
\TX@ftn=\toks21
) (./shi.sty

LaTeX Warning: You have requested package `shi',
               but the package provides `aszfolie'.

Package: aszfolie 
(/usr/share/texlive/texmf-dist/tex/latex/graphics/color.sty
Package: color 2019/11/23 v1.2a Standard LaTeX Color (DPC)

(/usr/share/texlive/texmf-dist/tex/latex/graphics-cfg/color.cfg
File: color.cfg 2016/01/02 v1.6 sample color configuration
)
Package color Info: Driver file: pdftex.def on input line 147.
)
(/usr/share/texlive/texmf-dist/tex/latex/tools/calc.sty
Package: calc 2017/05/25 v4.3 Infix arithmetic (KKT,FJ)
\calc@Acount=\count192
\calc@Bcount=\count193
\calc@Adimen=\dimen154
\calc@Bdimen=\dimen155
\calc@Askip=\skip55
\calc@Bskip=\skip56
LaTeX Info: Redefining \setlength on input line 80.
LaTeX Info: Redefining \addtolength on input line 81.
\calc@Ccount=\count194
\calc@Cskip=\skip57
)
\asz@logo=\box99
\slidetitleskip=\skip58
)
(/usr/share/texlive/texmf-dist/tex/latex/amsmath/amsmath.sty
Package: amsmath 2020/01/20 v2.17e AMS math features
\@mathmargin=\skip59

For additional information on amsmath, use the `?' option.
(/usr/share/texlive/texmf-dist/tex/latex/amsmath/amstext.sty
Package: amstext 2000/06/29 v2.01 AMS text

(/usr/share/texlive/texmf-dist/tex/latex/amsmath/amsgen.sty
File: amsgen.sty 1999/11/30 v2.0 generic functions
\@emptytoks=\toks22
\ex@=\dimen156
))
(/usr/share/texlive/texmf-dist/tex/latex/amsmath/amsbsy.sty
Package: amsbsy 1999/11/29 v1.2d Bold Symbols
\pmbraise@=\dimen157
)
(/usr/share/texlive/texmf-dist/tex/latex/amsmath/amsopn.sty
Package: amsopn 2016/03/08 v2.02 operator names
)
\inf@bad=\count195
LaTeX Info: Redefining \frac on input line 227.
\uproot@=\count196
\leftroot@=\count197
LaTeX Info: Redefining \overline on input line 389.
\classnum@=\count198
\DOTSCASE@=\count199
LaTeX Info: Redefining \ldots on input line 486.
LaTeX Info: Redefining \dots on input line 489.
LaTeX Info: Redefining \cdots on input line 610.
\Mathstrutbox@=\box100
\strutbox@=\box101
\big@size=\dimen158
LaTeX Font Info:    Redeclaring font encoding OML on input line 733.
LaTeX Font Info:    Redeclaring font encoding OMS on input line 734.
\macc@depth=\count266
\c@MaxMatrixCols=\count267
\dotsspace@=\muskip16
\c@parentequation=\count268
\dspbrk@lvl=\count269
\tag@help=\toks23
\row@=\count270
\column@=\count271
\maxfields@=\count272
\andhelp@=\toks24
\eqnshift@=\dimen159
\alignsep@=\dimen160
\tagshift@=\dimen161
\tagwidth@=\dimen162
\totwidth@=\dimen163
\lineht@=\dimen164
\@envbody=\toks25
\multlinegap=\skip60
\multlinetaggap=\skip61
\mathdisplay@stack=\toks26
LaTeX Info: Redefining \[ on input line 2859.
LaTeX Info: Redefining \] on input line 2860.
)
(/usr/share/texlive/texmf-dist/tex/latex/amsfonts/amssymb.sty
Package: amssymb 2013/01/14 v3.01 AMS font symbols

(/usr/share/texlive/texmf-dist/tex/latex/amsfonts/amsfonts.sty
Package: amsfonts 2013/01/14 v3.01 Basic AMSFonts support
\symAMSa=\mathgroup5
\symAMSb=\mathgroup6
LaTeX Font Info:    Redeclaring math symbol \hbar on input line 98.
LaTeX Font Info:    Overwriting math alphabet `\mathfrak' in version `bold'
(Font)                  U/euf/m/n --> U/euf/b/n on input line 106.
))
(/usr/share/texlive/texmf-dist/tex/latex/amscls/amsthm.sty
Package: amsthm 2017/10/31 v2.20.4
\thm@style=\toks27
\thm@bodyfont=\toks28
\thm@headfont=\toks29
\thm@notefont=\toks30
\thm@headpunct=\toks31
\thm@preskip=\skip62
\thm@postskip=\skip63
\thm@headsep=\skip64
\dth@everypar=\toks32
)
(/usr/share/texlive/texmf-dist/tex/latex/hyperref/hyperref.sty
Package: hyperref 2020/01/14 v7.00d Hypertext links for LaTeX

(/usr/share/texlive/texmf-dist/tex/generic/pdfescape/pdfescape.sty
Package: pdfescape 2019/12/09 v1.15 Implements pdfTeX's escape features (HO)
)
(/usr/share/texlive/texmf-dist/tex/latex/hycolor/hycolor.sty
Package: hycolor 2020-01-27 v1.10 Color options for hyperref/bookmark (HO)
)
(/usr/share/texlive/texmf-dist/tex/latex/letltxmacro/letltxmacro.sty
Package: letltxmacro 2019/12/03 v1.6 Let assignment for LaTeX macros (HO)
)
(/usr/share/texlive/texmf-dist/tex/latex/auxhook/auxhook.sty
Package: auxhook 2019-12-17 v1.6 Hooks for auxiliary files (HO)
)
\@linkdim=\dimen165
\Hy@linkcounter=\count273
\Hy@pagecounter=\count274

(/usr/share/texlive/texmf-dist/tex/latex/hyperref/pd1enc.def
File: pd1enc.def 2020/01/14 v7.00d Hyperref: PDFDocEncoding definition (HO)
Now handling font encoding PD1 ...
... no UTF-8 mapping file for font encoding PD1
)
(/usr/share/texlive/texmf-dist/tex/generic/intcalc/intcalc.sty
Package: intcalc 2019/12/15 v1.3 Expandable calculations with integers (HO)
)
(/usr/share/texlive/texmf-dist/tex/generic/etexcmds/etexcmds.sty
Package: etexcmds 2019/12/15 v1.7 Avoid name clashes with e-TeX commands (HO)
)
\Hy@SavedSpaceFactor=\count275
\pdfmajorversion=\count276
Package hyperref Info: Option `colorlinks' set `true' on input line 4421.
Package hyperref Info: Hyper figures OFF on input line 4547.
Package hyperref Info: Link nesting OFF on input line 4552.
Package hyperref Info: Hyper index ON on input line 4555.
Package hyperref Info: Plain pages OFF on input line 4562.
Package hyperref Info: Backreferencing ON on input line 4565.
Package hyperref Info: Implicit mode ON; LaTeX internals redefined.
Package hyperref Info: Bookmarks ON on input line 4800.

(/usr/share/texlive/texmf-dist/tex/latex/hyperref/backref.sty
Package: backref 2020/01/14 v1.40 Bibliographical back referencing

(/usr/share/texlive/texmf-dist/tex/latex/rerunfilecheck/rerunfilecheck.sty
Package: rerunfilecheck 2019/12/05 v1.9 Rerun checks for auxiliary files (HO)

(/usr/share/texlive/texmf-dist/tex/latex/atveryend/atveryend.sty
Package: atveryend 2019-12-11 v1.11 Hooks at the very end of document (HO)
Package atveryend Info: \enddocument detected (standard20110627).
)
(/usr/share/texlive/texmf-dist/tex/generic/uniquecounter/uniquecounter.sty
Package: uniquecounter 2019/12/15 v1.4 Provide unlimited unique counter (HO)

(/usr/share/texlive/texmf-dist/tex/generic/bigintcalc/bigintcalc.sty
Package: bigintcalc 2019/12/15 v1.5 Expandable calculations on big integers (HO
)
))
Package uniquecounter Info: New unique counter `rerunfilecheck' on input line 2
86.
))
\c@Hy@tempcnt=\count277

(/usr/share/texlive/texmf-dist/tex/latex/url/url.sty
\Urlmuskip=\muskip17
Package: url 2013/09/16  ver 3.4  Verb mode for urls, etc.
)
LaTeX Info: Redefining \url on input line 5159.
\XeTeXLinkMargin=\dimen166

(/usr/share/texlive/texmf-dist/tex/generic/bitset/bitset.sty
Package: bitset 2019/12/09 v1.3 Handle bit-vector datatype (HO)
)
\Fld@menulength=\count278
\Field@Width=\dimen167
\Fld@charsize=\dimen168
Package hyperref Info: Hyper figures OFF on input line 6430.
Package hyperref Info: Link nesting OFF on input line 6435.
Package hyperref Info: Hyper index ON on input line 6438.
Package hyperref Info: backreferencing ON on input line 6443.
Package hyperref Info: Link coloring ON on input line 6448.
Package hyperref Info: Link coloring with OCG OFF on input line 6455.
Package hyperref Info: PDF/A mode OFF on input line 6460.
LaTeX Info: Redefining \ref on input line 6500.
LaTeX Info: Redefining \pageref on input line 6504.

(/usr/share/texlive/texmf-dist/tex/generic/atbegshi/atbegshi.sty
Package: atbegshi 2019/12/05 v1.19 At begin shipout hook (HO)
)
\Hy@abspage=\count279
\c@Item=\count280
\c@Hfootnote=\count281
)
Package hyperref Info: Driver (autodetected): hpdftex.

(/usr/share/texlive/texmf-dist/tex/latex/hyperref/hpdftex.def
File: hpdftex.def 2020/01/14 v7.00d Hyperref driver for pdfTeX
\Fld@listcount=\count282
\c@bookmark@seq@number=\count283
\Hy@SectionHShift=\skip65
)
Package hyperref Info: Option `colorlinks' set `false' on input line 65.
 (./pause.sty)
\c@theorem=\count284
Package color Info: Redefining color black on input line 283.

(/usr/share/texlive/texmf-dist/tex/latex/l3backend/l3backend-pdfmode.def
File: l3backend-pdfmode.def 2020-02-03 L3 backend support: PDF mode
\l__kernel_color_stack_int=\count285
\l__pdf_internal_box=\box102
)
(./aula04.aux)
\openout1 = `aula04.aux'.

LaTeX Font Info:    Checking defaults for OML/cmm/m/it on input line 292.
LaTeX Font Info:    ... okay on input line 292.
LaTeX Font Info:    Checking defaults for OMS/cmsy/m/n on input line 292.
LaTeX Font Info:    ... okay on input line 292.
LaTeX Font Info:    Checking defaults for OT1/lcmss/m/n on input line 292.
LaTeX Font Info:    ... okay on input line 292.
LaTeX Font Info:    Checking defaults for T1/cmr/m/n on input line 292.
LaTeX Font Info:    ... okay on input line 292.
LaTeX Font Info:    Checking defaults for TS1/cmr/m/n on input line 292.
LaTeX Font Info:    ... okay on input line 292.
LaTeX Font Info:    Checking defaults for OMX/cmex/m/n on input line 292.
LaTeX Font Info:    ... okay on input line 292.
LaTeX Font Info:    Checking defaults for U/cmr/m/n on input line 292.
LaTeX Font Info:    ... okay on input line 292.
LaTeX Font Info:    Checking defaults for PD1/pdf/m/n on input line 292.
LaTeX Font Info:    ... okay on input line 292.

(/usr/share/texlive/texmf-dist/tex/context/base/mkii/supp-pdf.mkii
[Loading MPS to PDF converter (version 2006.09.02).]
\scratchcounter=\count286
\scratchdimen=\dimen169
\scratchbox=\box103
\nofMPsegments=\count287
\nofMParguments=\count288
\everyMPshowfont=\toks33
\MPscratchCnt=\count289
\MPscratchDim=\dimen170
\MPnumerator=\count290
\makeMPintoPDFobject=\count291
\everyMPtoPDFconversion=\toks34
)
\AtBeginShipoutBox=\box104
Package hyperref Info: Link coloring OFF on input line 292.
 (/usr/share/texlive/texmf-dist/tex/latex/hyperref/nameref.sty
Package: nameref 2019/09/16 v2.46 Cross-referencing by name of section

(/usr/share/texlive/texmf-dist/tex/latex/refcount/refcount.sty
Package: refcount 2019/12/15 v3.6 Data extraction from label references (HO)
)
(/usr/share/texlive/texmf-dist/tex/generic/gettitlestring/gettitlestring.sty
Package: gettitlestring 2019/12/15 v1.6 Cleanup title references (HO)
)
\c@section@level=\count292
)
LaTeX Info: Redefining \ref on input line 292.
LaTeX Info: Redefining \pageref on input line 292.
LaTeX Info: Redefining \nameref on input line 292.

(./aula04.out) (./aula04.out)
\@outlinefile=\write4
\openout4 = `aula04.out'.

LaTeX Font Info:    Trying to load font information for OML+lcmm on input line 
312.

(/usr/share/texlive/texmf-dist/tex/latex/base/omllcmm.fd
File: omllcmm.fd 2019/07/09 v2.2f Standard LaTeX slide font definitions
)
LaTeX Font Info:    Trying to load font information for OMS+lcmsy on input line
 312.

(/usr/share/texlive/texmf-dist/tex/latex/base/omslcmsy.fd
File: omslcmsy.fd 2019/07/09 v2.2f Standard LaTeX slide font definitions
)
LaTeX Font Info:    Trying to load font information for OMX+lcmex on input line
 312.

(/usr/share/texlive/texmf-dist/tex/latex/base/omxlcmex.fd
File: omxlcmex.fd 2019/07/09 v2.2f Standard LaTeX slide font definitions
)
LaTeX Font Info:    External font `cmex10 at17.28pt' loaded for size
(Font)              <19.907> on input line 312.
LaTeX Font Info:    External font `cmex10 at17.28pt' loaded for size
(Font)              <16.59> on input line 312.
LaTeX Font Info:    External font `cmex10 at17.28pt' loaded for size
(Font)              <13.82> on input line 312.
LaTeX Font Info:    Trying to load font information for U+msa on input line 312
.

(/usr/share/texlive/texmf-dist/tex/latex/amsfonts/umsa.fd
File: umsa.fd 2013/01/14 v3.01 AMS symbols A
)
LaTeX Font Info:    Trying to load font information for U+msb on input line 312
.

(/usr/share/texlive/texmf-dist/tex/latex/amsfonts/umsb.fd
File: umsb.fd 2013/01/14 v3.01 AMS symbols B
)
LaTeX Font Info:    Trying to load font information for T1+lcmtt on input line 
315.

(/usr/share/texlive/texmf-dist/tex/latex/base/t1lcmtt.fd
File: t1lcmtt.fd 2019/07/09 v2.2f Standard LaTeX slide font definitions
)

LaTeX Font Warning: Font shape `T1/lcmss/m/n' in size <17> not available
(Font)              size <16.59> substituted on input line 317.


Overfull \hbox (10.41669pt too wide) has occurred while \output is active
[][] 
 []

[1
Non-PDF special ignored!
<special> header=psfrag.pro
{/var/lib/texmf/fonts/map/pdftex/updmap/pdftex.map}

]
Overfull \hbox (10.41669pt too wide) has occurred while \output is active
[][] 
 []

[2]
Overfull \hbox (10.41669pt too wide) has occurred while \output is active
[][] 
 []

[3]
Overfull \hbox (10.41669pt too wide) has occurred while \output is active
[][] 
 []

[4]
Package epstopdf Info: Source file: <fig01.eps>
(epstopdf)                    date: 2021-02-02 09:46:03
(epstopdf)                    size: 4390 bytes
(epstopdf)             Output file: <fig01-eps-converted-to.pdf>
(epstopdf)                    date: 2021-02-02 09:46:03
(epstopdf)                    size: 4929 bytes
(epstopdf)             Command: <repstopdf --outfile=fig01-eps-converted-to.pdf
 fig01.eps>
(epstopdf)             \includegraphics on input line 344.
Package epstopdf Info: Output file is already uptodate.
<fig01-eps-converted-to.pdf, id=26, 684.5575pt x 229.85875pt>
File: fig01-eps-converted-to.pdf Graphic file (type pdf)
<use fig01-eps-converted-to.pdf>
Package pdftex.def Info: fig01-eps-converted-to.pdf  used on input line 344.
(pdftex.def)             Requested size: 677.93336pt x 227.62204pt.

Overfull \hbox (27.93336pt too wide) in paragraph at lines 344--345
 [] 
 []


Overfull \hbox (10.41669pt too wide) has occurred while \output is active
[][] 
 []

[5 <./fig01-eps-converted-to.pdf>]
Overfull \hbox (10.41669pt too wide) has occurred while \output is active
[][] 
 []

[6]
Package epstopdf Info: Source file: <fig02.eps>
(epstopdf)                    date: 2021-02-02 09:46:03
(epstopdf)                    size: 4742 bytes
(epstopdf)             Output file: <fig02-eps-converted-to.pdf>
(epstopdf)                    date: 2021-02-02 09:46:03
(epstopdf)                    size: 5764 bytes
(epstopdf)             Command: <repstopdf --outfile=fig02-eps-converted-to.pdf
 fig02.eps>
(epstopdf)             \includegraphics on input line 363.
Package epstopdf Info: Output file is already uptodate.
<fig02-eps-converted-to.pdf, id=40, 607.26875pt x 271.0125pt>
File: fig02-eps-converted-to.pdf Graphic file (type pdf)
<use fig02-eps-converted-to.pdf>
Package pdftex.def Info: fig02-eps-converted-to.pdf  used on input line 363.
(pdftex.def)             Requested size: 637.57689pt x 284.52756pt.

Overfull \hbox (10.41669pt too wide) has occurred while \output is active
[][] 
 []

[7 <./fig02-eps-converted-to.pdf>]
Overfull \hbox (10.41669pt too wide) has occurred while \output is active
[][] 
 []

[8]
Overfull \hbox (10.41669pt too wide) has occurred while \output is active
[][] 
 []

[9]
Package epstopdf Info: Source file: <fig03.eps>
(epstopdf)                    date: 2021-02-02 09:46:03
(epstopdf)                    size: 19250 bytes
(epstopdf)             Output file: <fig03-eps-converted-to.pdf>
(epstopdf)                    date: 2021-02-02 09:46:03
(epstopdf)                    size: 9804 bytes
(epstopdf)             Command: <repstopdf --outfile=fig03-eps-converted-to.pdf
 fig03.eps>
(epstopdf)             \includegraphics on input line 401.
Package epstopdf Info: Output file is already uptodate.
<fig03-eps-converted-to.pdf, id=62, 393.47pt x 127.47626pt>
File: fig03-eps-converted-to.pdf Graphic file (type pdf)
<use fig03-eps-converted-to.pdf>
Package pdftex.def Info: fig03-eps-converted-to.pdf  used on input line 401.
(pdftex.def)             Requested size: 351.3099pt x 113.81102pt.

Overfull \hbox (16.6667pt too wide) has occurred while \output is active
[][] 
 []

[10 <./fig03-eps-converted-to.pdf>]
Overfull \vbox (1.18411pt too high) has occurred while \output is active []


Overfull \hbox (16.6667pt too wide) has occurred while \output is active
[][] 
 []

[11]
Package epstopdf Info: Source file: <fig04.eps>
(epstopdf)                    date: 2021-02-02 09:46:03
(epstopdf)                    size: 12025 bytes
(epstopdf)             Output file: <fig04-eps-converted-to.pdf>
(epstopdf)                    date: 2021-02-02 09:46:03
(epstopdf)                    size: 7086 bytes
(epstopdf)             Command: <repstopdf --outfile=fig04-eps-converted-to.pdf
 fig04.eps>
(epstopdf)             \includegraphics on input line 431.
Package epstopdf Info: Output file is already uptodate.
<fig04-eps-converted-to.pdf, id=105, 600.2425pt x 346.29375pt>
File: fig04-eps-converted-to.pdf Graphic file (type pdf)
<use fig04-eps-converted-to.pdf>
Package pdftex.def Info: fig04-eps-converted-to.pdf  used on input line 431.
(pdftex.def)             Requested size: 591.8331pt x 341.43306pt.

Overfull \hbox (16.6667pt too wide) has occurred while \output is active
[][] 
 []

[12 <./fig04-eps-converted-to.pdf>]
Package epstopdf Info: Source file: <fig05.eps>
(epstopdf)                    date: 2021-02-02 09:46:03
(epstopdf)                    size: 6253 bytes
(epstopdf)             Output file: <fig05-eps-converted-to.pdf>
(epstopdf)                    date: 2021-02-02 09:46:03
(epstopdf)                    size: 5708 bytes
(epstopdf)             Command: <repstopdf --outfile=fig05-eps-converted-to.pdf
 fig05.eps>
(epstopdf)             \includegraphics on input line 439.
Package epstopdf Info: Output file is already uptodate.
<fig05-eps-converted-to.pdf, id=115, 586.19pt x 344.28625pt>
File: fig05-eps-converted-to.pdf Graphic file (type pdf)
<use fig05-eps-converted-to.pdf>
Package pdftex.def Info: fig05-eps-converted-to.pdf  used on input line 439.
(pdftex.def)             Requested size: 484.44456pt x 284.52756pt.

Overfull \hbox (16.6667pt too wide) has occurred while \output is active
[][] 
 []

[13 <./fig05-eps-converted-to.pdf>]
Overfull \hbox (16.6667pt too wide) has occurred while \output is active
[][] 
 []

[14]
Overfull \hbox (16.6667pt too wide) has occurred while \output is active
[][] 
 []

[15]
Overfull \hbox (16.6667pt too wide) has occurred while \output is active
[][] 
 []

[16]
Overfull \hbox (16.6667pt too wide) has occurred while \output is active
[][] 
 []

[17]
Overfull \hbox (16.6667pt too wide) has occurred while \output is active
[][] 
 []

[18]
Overfull \hbox (16.6667pt too wide) has occurred while \output is active
[][] 
 []

[19]
Package epstopdf Info: Source file: <fig08.eps>
(epstopdf)                    date: 2021-02-02 09:46:03
(epstopdf)                    size: 10522 bytes
(epstopdf)             Output file: <fig08-eps-converted-to.pdf>
(epstopdf)                    date: 2021-02-02 09:46:03
(epstopdf)                    size: 7800 bytes
(epstopdf)             Command: <repstopdf --outfile=fig08-eps-converted-to.pdf
 fig08.eps>
(epstopdf)             \includegraphics on input line 518.
Package epstopdf Info: Output file is already uptodate.
<fig08-eps-converted-to.pdf, id=152, 485.815pt x 319.1925pt>
File: fig08-eps-converted-to.pdf Graphic file (type pdf)
<use fig08-eps-converted-to.pdf>
Package pdftex.def Info: fig08-eps-converted-to.pdf  used on input line 518.
(pdftex.def)             Requested size: 519.66866pt x 341.43306pt.

Overfull \hbox (16.6667pt too wide) has occurred while \output is active
[][] 
 []

[20 <./fig08-eps-converted-to.pdf>]
Overfull \hbox (16.6667pt too wide) has occurred while \output is active
[][] 
 []

[21]
Overfull \hbox (16.6667pt too wide) has occurred while \output is active
[][] 
 []

[22]
Overfull \hbox (16.6667pt too wide) has occurred while \output is active
[][] 
 []

[23]
Overfull \hbox (16.6667pt too wide) has occurred while \output is active
[][] 
 []

[24]
Package epstopdf Info: Source file: <fig06.eps>
(epstopdf)                    date: 2021-02-02 09:46:03
(epstopdf)                    size: 10266 bytes
(epstopdf)             Output file: <fig06-eps-converted-to.pdf>
(epstopdf)                    date: 2021-02-02 09:46:03
(epstopdf)                    size: 6736 bytes
(epstopdf)             Command: <repstopdf --outfile=fig06-eps-converted-to.pdf
 fig06.eps>
(epstopdf)             \includegraphics on input line 588.
Package epstopdf Info: Output file is already uptodate.
<fig06-eps-converted-to.pdf, id=182, 489.83pt x 346.29375pt>
File: fig06-eps-converted-to.pdf Graphic file (type pdf)
<use fig06-eps-converted-to.pdf>
Package pdftex.def Info: fig06-eps-converted-to.pdf  used on input line 588.
(pdftex.def)             Requested size: 442.71895pt x 312.9803pt.

Overfull \hbox (16.6667pt too wide) has occurred while \output is active
[][] 
 []

[25 <./fig06-eps-converted-to.pdf>]
Package epstopdf Info: Source file: <fig07.eps>
(epstopdf)                    date: 2021-02-02 09:46:03
(epstopdf)                    size: 5411 bytes
(epstopdf)             Output file: <fig07-eps-converted-to.pdf>
(epstopdf)                    date: 2021-02-02 09:46:03
(epstopdf)                    size: 5457 bytes
(epstopdf)             Command: <repstopdf --outfile=fig07-eps-converted-to.pdf
 fig07.eps>
(epstopdf)             \includegraphics on input line 595.
Package epstopdf Info: Output file is already uptodate.
<fig07-eps-converted-to.pdf, id=193, 525.965pt x 299.1175pt>
File: fig07-eps-converted-to.pdf Graphic file (type pdf)
<use fig07-eps-converted-to.pdf>
Package pdftex.def Info: fig07-eps-converted-to.pdf  used on input line 595.
(pdftex.def)             Requested size: 500.34607pt x 284.52756pt.

Overfull \hbox (16.6667pt too wide) has occurred while \output is active
[][] 
 []

[26 <./fig07-eps-converted-to.pdf>]
Overfull \hbox (16.6667pt too wide) has occurred while \output is active
[][] 
 []

[27]
Overfull \hbox (16.6667pt too wide) has occurred while \output is active
[][] 
 []

[28]
Overfull \hbox (16.6667pt too wide) has occurred while \output is active
[][] 
 []

[29]
Overfull \hbox (16.6667pt too wide) has occurred while \output is active
[][] 
 []

[30]
Overfull \hbox (16.6667pt too wide) has occurred while \output is active
[][] 
 []

[31]
Overfull \hbox (16.6667pt too wide) has occurred while \output is active
[][] 
 []

[32]
Overfull \hbox (16.6667pt too wide) has occurred while \output is active
[][] 
 []

[33]
Package epstopdf Info: Source file: <fig09.eps>
(epstopdf)                    date: 2021-02-02 09:46:03
(epstopdf)                    size: 5524 bytes
(epstopdf)             Output file: <fig09-eps-converted-to.pdf>
(epstopdf)                    date: 2021-02-02 09:46:03
(epstopdf)                    size: 5859 bytes
(epstopdf)             Command: <repstopdf --outfile=fig09-eps-converted-to.pdf
 fig09.eps>
(epstopdf)             \includegraphics on input line 684.
Package epstopdf Info: Output file is already uptodate.
<fig09-eps-converted-to.pdf, id=233, 384.43625pt x 220.825pt>
File: fig09-eps-converted-to.pdf Graphic file (type pdf)
<use fig09-eps-converted-to.pdf>
Package pdftex.def Info: fig09-eps-converted-to.pdf  used on input line 684.
(pdftex.def)             Requested size: 396.29051pt x 227.62204pt.

Overfull \hbox (16.6667pt too wide) has occurred while \output is active
[][] 
 []

[34 <./fig09-eps-converted-to.pdf>]
Overfull \hbox (16.6667pt too wide) has occurred while \output is active
[][] 
 []

[35]
Overfull \hbox (15.73897pt too wide) in paragraph at lines 702--710
[][] 
 []


Overfull \hbox (16.6667pt too wide) has occurred while \output is active
[][] 
 []

[36]
Overfull \hbox (16.6667pt too wide) has occurred while \output is active
[][] 
 []

[37]
Overfull \hbox (16.6667pt too wide) has occurred while \output is active
[][] 
 []

[38]
Overfull \hbox (16.6667pt too wide) has occurred while \output is active
[][] 
 []

[39]
Overfull \hbox (16.6667pt too wide) has occurred while \output is active
[][] 
 []

[40]
Overfull \hbox (16.6667pt too wide) has occurred while \output is active
[][] 
 []

[41]
Overfull \hbox (16.6667pt too wide) has occurred while \output is active
[][] 
 []

[42]
Overfull \hbox (16.6667pt too wide) has occurred while \output is active
[][] 
 []

[43]
Overfull \hbox (26.39122pt too wide) in paragraph at lines 786--786
[]| [] 
 []


Overfull \hbox (16.6667pt too wide) has occurred while \output is active
[][] 
 []

[44]
Overfull \hbox (16.6667pt too wide) has occurred while \output is active
[][] 
 []

[45]
Overfull \hbox (16.6667pt too wide) has occurred while \output is active
[][] 
 []

[46]
Overfull \hbox (16.6667pt too wide) has occurred while \output is active
[][] 
 []

[47]
Overfull \hbox (16.6667pt too wide) has occurred while \output is active
[][] 
 []

[48]
Warning: Indentation ends at level 1 in codebox on page 0.

Overfull \hbox (16.6667pt too wide) has occurred while \output is active
[][] 
 []

[49]
Package epstopdf Info: Source file: <fig13.eps>
(epstopdf)                    date: 2021-02-02 09:46:03
(epstopdf)                    size: 9632 bytes
(epstopdf)             Output file: <fig13-eps-converted-to.pdf>
(epstopdf)                    date: 2021-02-02 09:46:03
(epstopdf)                    size: 5527 bytes
(epstopdf)             Command: <repstopdf --outfile=fig13-eps-converted-to.pdf
 fig13.eps>
(epstopdf)             \includegraphics on input line 848.
Package epstopdf Info: Output file is already uptodate.
<fig13-eps-converted-to.pdf, id=307, 445.665pt x 303.1325pt>
File: fig13-eps-converted-to.pdf Graphic file (type pdf)
<use fig13-eps-converted-to.pdf>
Package pdftex.def Info: fig13-eps-converted-to.pdf  used on input line 848.
(pdftex.def)             Requested size: 418.31993pt x 284.52756pt.

Overfull \hbox (16.6667pt too wide) has occurred while \output is active
[][] 
 []

[50 <./fig13-eps-converted-to.pdf>]
Package epstopdf Info: Source file: <fig11.eps>
(epstopdf)                    date: 2021-02-02 09:46:03
(epstopdf)                    size: 16603 bytes
(epstopdf)             Output file: <fig11-eps-converted-to.pdf>
(epstopdf)                    date: 2021-02-02 09:46:03
(epstopdf)                    size: 5918 bytes
(epstopdf)             Command: <repstopdf --outfile=fig11-eps-converted-to.pdf
 fig11.eps>
(epstopdf)             \includegraphics on input line 857.
Package epstopdf Info: Output file is already uptodate.
<fig11-eps-converted-to.pdf, id=317, 719.68875pt x 369.38pt>
File: fig11-eps-converted-to.pdf Graphic file (type pdf)
<use fig11-eps-converted-to.pdf>
Package pdftex.def Info: fig11-eps-converted-to.pdf  used on input line 857.
(pdftex.def)             Requested size: 554.3707pt x 284.52756pt.

Overfull \hbox (16.6667pt too wide) has occurred while \output is active
[][] 
 []

[51 <./fig11-eps-converted-to.pdf>]
Overfull \hbox (16.6667pt too wide) has occurred while \output is active
[][] 
 []

[52]
Package epstopdf Info: Source file: <fig14.eps>
(epstopdf)                    date: 2021-02-02 09:46:03
(epstopdf)                    size: 19445 bytes
(epstopdf)             Output file: <fig14-eps-converted-to.pdf>
(epstopdf)                    date: 2021-02-02 09:46:03
(epstopdf)                    size: 9784 bytes
(epstopdf)             Command: <repstopdf --outfile=fig14-eps-converted-to.pdf
 fig14.eps>
(epstopdf)             \includegraphics on input line 884.
Package epstopdf Info: Output file is already uptodate.
<fig14-eps-converted-to.pdf, id=331, 445.665pt x 237.88875pt>
File: fig14-eps-converted-to.pdf Graphic file (type pdf)
<use fig14-eps-converted-to.pdf>
Package pdftex.def Info: fig14-eps-converted-to.pdf  used on input line 884.
(pdftex.def)             Requested size: 533.06805pt x 284.52756pt.

Overfull \hbox (16.6667pt too wide) has occurred while \output is active
[][] 
 []

[53 <./fig14-eps-converted-to.pdf>]
Package epstopdf Info: Source file: <fig12.eps>
(epstopdf)                    date: 2021-02-02 09:46:03
(epstopdf)                    size: 19567 bytes
(epstopdf)             Output file: <fig12-eps-converted-to.pdf>
(epstopdf)                    date: 2021-02-02 09:46:03
(epstopdf)                    size: 7646 bytes
(epstopdf)             Command: <repstopdf --outfile=fig12-eps-converted-to.pdf
 fig12.eps>
(epstopdf)             \includegraphics on input line 892.
Package epstopdf Info: Output file is already uptodate.
<fig12-eps-converted-to.pdf, id=341, 713.66624pt x 420.57124pt>
File: fig12-eps-converted-to.pdf Graphic file (type pdf)
<use fig12-eps-converted-to.pdf>
Package pdftex.def Info: fig12-eps-converted-to.pdf  used on input line 892.
(pdftex.def)             Requested size: 482.81467pt x 284.52756pt.

Overfull \hbox (16.6667pt too wide) has occurred while \output is active
[][] 
 []

[54 <./fig12-eps-converted-to.pdf>]
Overfull \hbox (16.6667pt too wide) has occurred while \output is active
[][] 
 []

[55]
Overfull \hbox (16.6667pt too wide) has occurred while \output is active
[][] 
 []

[56]
Overfull \hbox (16.6667pt too wide) has occurred while \output is active
[][] 
 []

[57]
Overfull \hbox (16.6667pt too wide) has occurred while \output is active
[][] 
 []

[58]
Overfull \hbox (16.6667pt too wide) has occurred while \output is active
[][] 
 []

[59]
Overfull \hbox (16.6667pt too wide) has occurred while \output is active
[][] 
 []

[60]
Overfull \hbox (16.6667pt too wide) has occurred while \output is active
[][] 
 []

[61]
Overfull \hbox (16.6667pt too wide) has occurred while \output is active
[][] 
 []

[62]
Package epstopdf Info: Source file: <fig10.eps>
(epstopdf)                    date: 2021-02-02 09:46:03
(epstopdf)                    size: 3779 bytes
(epstopdf)             Output file: <fig10-eps-converted-to.pdf>
(epstopdf)                    date: 2021-02-02 09:46:03
(epstopdf)                    size: 4732 bytes
(epstopdf)             Command: <repstopdf --outfile=fig10-eps-converted-to.pdf
 fig10.eps>
(epstopdf)             \includegraphics on input line 997.
Package epstopdf Info: Output file is already uptodate.
<fig10-eps-converted-to.pdf, id=388, 401.5pt x 106.3975pt>
File: fig10-eps-converted-to.pdf Graphic file (type pdf)
<use fig10-eps-converted-to.pdf>
Package pdftex.def Info: fig10-eps-converted-to.pdf  used on input line 997.
(pdftex.def)             Requested size: 644.25102pt x 170.71652pt.

Overfull \hbox (16.6667pt too wide) has occurred while \output is active
[][] 
 []

[63 <./fig10-eps-converted-to.pdf>]
Overfull \hbox (16.6667pt too wide) has occurred while \output is active
[][] 
 []

[64]
Overfull \hbox (16.6667pt too wide) has occurred while \output is active
[][] 
 []

[65]
Overfull \hbox (16.6667pt too wide) has occurred while \output is active
[][] 
 []

[66]
Overfull \hbox (16.6667pt too wide) has occurred while \output is active
[][] 
 []

[67]
0 minutes
Package atveryend Info: Empty hook `BeforeClearDocument' on input line 1066.
Package atveryend Info: Empty hook `AfterLastShipout' on input line 1066.
(./aula04.aux)
Package atveryend Info: Executing hook `AtVeryEndDocument' on input line 1066.
Package atveryend Info: Executing hook `AtEndAfterFileList' on input line 1066.

Package rerunfilecheck Info: File `aula04.out' has not changed.
(rerunfilecheck)             Checksum: D41D8CD98F00B204E9800998ECF8427E;0.


LaTeX Font Warning: Size substitutions with differences
(Font)              up to 0.41pt have occurred.

Package atveryend Info: Empty hook `AtVeryVeryEnd' on input line 1066.
 ) 
Here is how much of TeX's memory you used:
 8743 strings out of 481239
 126299 string characters out of 5920376
 397145 words of memory out of 5000000
 23723 multiletter control sequences out of 15000+600000
 541759 words of font info for 50 fonts, out of 8000000 for 9000
 1141 hyphenation exceptions out of 8191
 47i,10n,37p,298b,374s stack positions out of 5000i,500n,10000p,200000b,80000s
{/usr/share/texmf/fonts/enc/dvips/cm-super/cm-super-t1.enc}</usr/share/texliv
e/texmf-dist/fonts/type1/public/amsfonts/cm/cmex10.pfb></usr/share/texlive/texm
f-dist/fonts/type1/public/amsfonts/cm/cmmi8.pfb></usr/share/texlive/texmf-dist/
fonts/type1/public/amsfonts/cm/cmsy8.pfb></usr/share/texlive/texmf-dist/fonts/t
ype1/public/amsfonts/latxfont/lasy8.pfb></usr/share/texlive/texmf-dist/fonts/ty
pe1/public/amsfonts/latxfont/lcmss8.pfb></usr/share/texlive/texmf-dist/fonts/ty
pe1/public/amsfonts/symbols/msam10.pfb></usr/share/texmf/fonts/type1/public/cm-
super/sflb8.pfb></usr/share/texmf/fonts/type1/public/cm-super/sflq8.pfb></usr/s
hare/texmf/fonts/type1/public/cm-super/sfltt8.pfb>
Output written on aula04.pdf (67 pages, 229866 bytes).
PDF statistics:
 465 PDF objects out of 1000 (max. 8388607)
 351 compressed objects within 4 object streams
 70 named destinations out of 1000 (max. 500000)
 71 words of extra memory for PDF output out of 10000 (max. 10000000)

