This is pdfTeX, Version 3.14159265-2.6-1.40.18 (TeX Live 2017/Debian) (preloaded format=pdflatex 2019.3.3)  3 JUN 2020 23:49
entering extended mode
 restricted \write18 enabled.
 %&-line parsing enabled.
**aula13.tex
(./aula13.tex
LaTeX2e <2017-04-15>
Babel <3.18> and hyphenation patterns for 84 language(s) loaded.
(/usr/share/texlive/texmf-dist/tex/latex/base/slides.cls
Document Class: slides 2016/03/29 v2.4a Standard LaTeX document class
(/usr/share/texlive/texmf-dist/tex/latex/base/slides.def
File: slides.def 2016/03/29 v2.4a SLiTeX definitions
 hacks, slides,
\c@page=\count79

picture, mods,
\@smashboxa=\box26
\@smashboxb=\box27
\@smashboxc=\box28
 output, init)
(/usr/share/texlive/texmf-dist/tex/latex/base/sfonts.def
File: sfonts.def 1998/06/12 v2.2e Standard LaTeX slide font definitions

(/usr/share/texlive/texmf-dist/tex/latex/base/ot1lcmss.fd
File: ot1lcmss.fd 1998/06/12 v2.2e Standard LaTeX slide font definitions
))
\c@minutes=\count80
\c@seconds=\count81
\c@mv@invisible=\count82
LaTeX Font Info:    Overwriting symbol font `operators' in version `normal'
(Font)                  OT1/cmr/m/n --> OT1/lcmss/m/n on input line 359.
LaTeX Font Info:    Overwriting symbol font `letters' in version `normal'
(Font)                  OML/cmm/m/it --> OML/lcmm/m/it on input line 362.
LaTeX Font Info:    Overwriting symbol font `symbols' in version `normal'
(Font)                  OMS/cmsy/m/n --> OMS/lcmsy/m/n on input line 364.
LaTeX Font Info:    Overwriting symbol font `largesymbols' in version `normal'
(Font)                  OMX/cmex/m/n --> OMX/lcmex/m/n on input line 366.
LaTeX Font Info:    Overwriting symbol font `operators' in version `invisible'
(Font)                  OT1/cmr/m/n --> OT1/lcmss/m/In on input line 369.
LaTeX Font Info:    Overwriting symbol font `letters' in version `invisible'
(Font)                  OML/cmm/m/it --> OML/lcmm/m/Iit on input line 371.
LaTeX Font Info:    Overwriting symbol font `symbols' in version `invisible'
(Font)                  OMS/cmsy/m/n --> OMS/lcmsy/m/In on input line 373.
LaTeX Font Info:    Overwriting symbol font `largesymbols' in version `invisibl
e'
(Font)                  OMX/cmex/m/n --> OMX/lcmex/m/In on input line 375.
)
(/usr/share/texlive/texmf-dist/tex/generic/babel/babel.sty
Package: babel 2018/02/14 3.18 The Babel package

(/usr/share/texlive/texmf-dist/tex/generic/babel/switch.def
File: switch.def 2018/02/14 3.18 Babel switching mechanism
)
(/usr/share/texlive/texmf-dist/tex/generic/babel-portuges/portuges.ldf
Language: portuges 2008/03/18 v1.2q Portuguese support from the babel system

(/usr/share/texlive/texmf-dist/tex/generic/babel/babel.def
File: babel.def 2018/02/14 3.18 Babel common definitions
\babel@savecnt=\count83
\U@D=\dimen102

(/usr/share/texlive/texmf-dist/tex/generic/babel/txtbabel.def)
\bbl@dirlevel=\count84
)
\l@brazil = a dialect from \language\l@portuges 
Package babel Info: Making " an active character on input line 145.
))
(/usr/share/texlive/texmf-dist/tex/latex/base/inputenc.sty
Package: inputenc 2015/03/17 v1.2c Input encoding file
\inpenc@prehook=\toks14
\inpenc@posthook=\toks15

(/usr/share/texlive/texmf-dist/tex/latex/base/latin1.def
File: latin1.def 2015/03/17 v1.2c Input encoding file
))
(/usr/share/texlive/texmf-dist/tex/latex/base/textcomp.sty
Package: textcomp 2017/04/05 v2.0i Standard LaTeX package
Package textcomp Info: Sub-encoding information:
(textcomp)               5 = only ISO-Adobe without \textcurrency
(textcomp)               4 = 5 + \texteuro
(textcomp)               3 = 4 + \textohm
(textcomp)               2 = 3 + \textestimated + \textcurrency
(textcomp)               1 = TS1 - \textcircled - \t
(textcomp)               0 = TS1 (full)
(textcomp)             Font families with sub-encoding setting implement
(textcomp)             only a restricted character set as indicated.
(textcomp)             Family '?' is the default used for unknown fonts.
(textcomp)             See the documentation for details.
Package textcomp Info: Setting ? sub-encoding to TS1/1 on input line 79.

(/usr/share/texlive/texmf-dist/tex/latex/base/ts1enc.def
File: ts1enc.def 2001/06/05 v3.0e (jk/car/fm) Standard LaTeX file
)
LaTeX Info: Redefining \oldstylenums on input line 334.
Package textcomp Info: Setting cmr sub-encoding to TS1/0 on input line 349.
Package textcomp Info: Setting cmss sub-encoding to TS1/0 on input line 350.
Package textcomp Info: Setting cmtt sub-encoding to TS1/0 on input line 351.
Package textcomp Info: Setting cmvtt sub-encoding to TS1/0 on input line 352.
Package textcomp Info: Setting cmbr sub-encoding to TS1/0 on input line 353.
Package textcomp Info: Setting cmtl sub-encoding to TS1/0 on input line 354.
Package textcomp Info: Setting ccr sub-encoding to TS1/0 on input line 355.
Package textcomp Info: Setting ptm sub-encoding to TS1/4 on input line 356.
Package textcomp Info: Setting pcr sub-encoding to TS1/4 on input line 357.
Package textcomp Info: Setting phv sub-encoding to TS1/4 on input line 358.
Package textcomp Info: Setting ppl sub-encoding to TS1/3 on input line 359.
Package textcomp Info: Setting pag sub-encoding to TS1/4 on input line 360.
Package textcomp Info: Setting pbk sub-encoding to TS1/4 on input line 361.
Package textcomp Info: Setting pnc sub-encoding to TS1/4 on input line 362.
Package textcomp Info: Setting pzc sub-encoding to TS1/4 on input line 363.
Package textcomp Info: Setting bch sub-encoding to TS1/4 on input line 364.
Package textcomp Info: Setting put sub-encoding to TS1/5 on input line 365.
Package textcomp Info: Setting uag sub-encoding to TS1/5 on input line 366.
Package textcomp Info: Setting ugq sub-encoding to TS1/5 on input line 367.
Package textcomp Info: Setting ul8 sub-encoding to TS1/4 on input line 368.
Package textcomp Info: Setting ul9 sub-encoding to TS1/4 on input line 369.
Package textcomp Info: Setting augie sub-encoding to TS1/5 on input line 370.
Package textcomp Info: Setting dayrom sub-encoding to TS1/3 on input line 371.
Package textcomp Info: Setting dayroms sub-encoding to TS1/3 on input line 372.

Package textcomp Info: Setting pxr sub-encoding to TS1/0 on input line 373.
Package textcomp Info: Setting pxss sub-encoding to TS1/0 on input line 374.
Package textcomp Info: Setting pxtt sub-encoding to TS1/0 on input line 375.
Package textcomp Info: Setting txr sub-encoding to TS1/0 on input line 376.
Package textcomp Info: Setting txss sub-encoding to TS1/0 on input line 377.
Package textcomp Info: Setting txtt sub-encoding to TS1/0 on input line 378.
Package textcomp Info: Setting lmr sub-encoding to TS1/0 on input line 379.
Package textcomp Info: Setting lmdh sub-encoding to TS1/0 on input line 380.
Package textcomp Info: Setting lmss sub-encoding to TS1/0 on input line 381.
Package textcomp Info: Setting lmssq sub-encoding to TS1/0 on input line 382.
Package textcomp Info: Setting lmvtt sub-encoding to TS1/0 on input line 383.
Package textcomp Info: Setting lmtt sub-encoding to TS1/0 on input line 384.
Package textcomp Info: Setting qhv sub-encoding to TS1/0 on input line 385.
Package textcomp Info: Setting qag sub-encoding to TS1/0 on input line 386.
Package textcomp Info: Setting qbk sub-encoding to TS1/0 on input line 387.
Package textcomp Info: Setting qcr sub-encoding to TS1/0 on input line 388.
Package textcomp Info: Setting qcs sub-encoding to TS1/0 on input line 389.
Package textcomp Info: Setting qpl sub-encoding to TS1/0 on input line 390.
Package textcomp Info: Setting qtm sub-encoding to TS1/0 on input line 391.
Package textcomp Info: Setting qzc sub-encoding to TS1/0 on input line 392.
Package textcomp Info: Setting qhvc sub-encoding to TS1/0 on input line 393.
Package textcomp Info: Setting futs sub-encoding to TS1/4 on input line 394.
Package textcomp Info: Setting futx sub-encoding to TS1/4 on input line 395.
Package textcomp Info: Setting futj sub-encoding to TS1/4 on input line 396.
Package textcomp Info: Setting hlh sub-encoding to TS1/3 on input line 397.
Package textcomp Info: Setting hls sub-encoding to TS1/3 on input line 398.
Package textcomp Info: Setting hlst sub-encoding to TS1/3 on input line 399.
Package textcomp Info: Setting hlct sub-encoding to TS1/5 on input line 400.
Package textcomp Info: Setting hlx sub-encoding to TS1/5 on input line 401.
Package textcomp Info: Setting hlce sub-encoding to TS1/5 on input line 402.
Package textcomp Info: Setting hlcn sub-encoding to TS1/5 on input line 403.
Package textcomp Info: Setting hlcw sub-encoding to TS1/5 on input line 404.
Package textcomp Info: Setting hlcf sub-encoding to TS1/5 on input line 405.
Package textcomp Info: Setting pplx sub-encoding to TS1/3 on input line 406.
Package textcomp Info: Setting pplj sub-encoding to TS1/3 on input line 407.
Package textcomp Info: Setting ptmx sub-encoding to TS1/4 on input line 408.
Package textcomp Info: Setting ptmj sub-encoding to TS1/4 on input line 409.
)
(/usr/share/texlive/texmf-dist/tex/latex/base/fontenc.sty
Package: fontenc 2017/04/05 v2.0i Standard LaTeX package

(/usr/share/texlive/texmf-dist/tex/latex/base/t1enc.def
File: t1enc.def 2017/04/05 v2.0i Standard LaTeX file
LaTeX Font Info:    Redeclaring font encoding T1 on input line 48.
)
LaTeX Font Info:    Try loading font information for T1+lcmss on input line 105
.

(/usr/share/texlive/texmf-dist/tex/latex/base/t1lcmss.fd
File: t1lcmss.fd 1998/06/12 v2.2e Standard LaTeX slide font definitions
))
(/usr/share/texlive/texmf-dist/tex/latex/multirow/multirow.sty
Package: multirow 2016/11/25 v2.2 Span multiple rows of a table
\multirow@colwidth=\skip41
\multirow@cntb=\count85
\multirow@dima=\skip42
\bigstrutjot=\dimen103
)
(/usr/share/texlive/texmf-dist/tex/latex/graphics/graphicx.sty
Package: graphicx 2017/06/01 v1.1a Enhanced LaTeX Graphics (DPC,SPQR)

(/usr/share/texlive/texmf-dist/tex/latex/graphics/keyval.sty
Package: keyval 2014/10/28 v1.15 key=value parser (DPC)
\KV@toks@=\toks16
)
(/usr/share/texlive/texmf-dist/tex/latex/graphics/graphics.sty
Package: graphics 2017/06/25 v1.2c Standard LaTeX Graphics (DPC,SPQR)

(/usr/share/texlive/texmf-dist/tex/latex/graphics/trig.sty
Package: trig 2016/01/03 v1.10 sin cos tan (DPC)
)
(/usr/share/texlive/texmf-dist/tex/latex/graphics-cfg/graphics.cfg
File: graphics.cfg 2016/06/04 v1.11 sample graphics configuration
)
Package graphics Info: Driver file: pdftex.def on input line 99.

(/usr/share/texlive/texmf-dist/tex/latex/graphics-def/pdftex.def
File: pdftex.def 2018/01/08 v1.0l Graphics/color driver for pdftex
))
\Gin@req@height=\dimen104
\Gin@req@width=\dimen105
)
(/usr/share/texlive/texmf-dist/tex/latex/oberdiek/epstopdf.sty
Package: epstopdf 2016/05/15 v2.6 Conversion with epstopdf on the fly (HO)

(/usr/share/texlive/texmf-dist/tex/latex/oberdiek/epstopdf-base.sty
Package: epstopdf-base 2016/05/15 v2.6 Base part for package epstopdf

(/usr/share/texlive/texmf-dist/tex/generic/oberdiek/infwarerr.sty
Package: infwarerr 2016/05/16 v1.4 Providing info/warning/error messages (HO)
)
(/usr/share/texlive/texmf-dist/tex/latex/oberdiek/grfext.sty
Package: grfext 2016/05/16 v1.2 Manage graphics extensions (HO)

(/usr/share/texlive/texmf-dist/tex/generic/oberdiek/kvdefinekeys.sty
Package: kvdefinekeys 2016/05/16 v1.4 Define keys (HO)

(/usr/share/texlive/texmf-dist/tex/generic/oberdiek/ltxcmds.sty
Package: ltxcmds 2016/05/16 v1.23 LaTeX kernel commands for general use (HO)
)))
(/usr/share/texlive/texmf-dist/tex/latex/oberdiek/kvoptions.sty
Package: kvoptions 2016/05/16 v3.12 Key value format for package options (HO)

(/usr/share/texlive/texmf-dist/tex/generic/oberdiek/kvsetkeys.sty
Package: kvsetkeys 2016/05/16 v1.17 Key value parser (HO)

(/usr/share/texlive/texmf-dist/tex/generic/oberdiek/etexcmds.sty
Package: etexcmds 2016/05/16 v1.6 Avoid name clashes with e-TeX commands (HO)

(/usr/share/texlive/texmf-dist/tex/generic/oberdiek/ifluatex.sty
Package: ifluatex 2016/05/16 v1.4 Provides the ifluatex switch (HO)
Package ifluatex Info: LuaTeX not detected.
)
Package etexcmds Info: Could not find \expanded.
(etexcmds)             That can mean that you are not using pdfTeX 1.50 or
(etexcmds)             that some package has redefined \expanded.
(etexcmds)             In the latter case, load this package earlier.
)))
(/usr/share/texlive/texmf-dist/tex/generic/oberdiek/pdftexcmds.sty
Package: pdftexcmds 2018/01/21 v0.26 Utility functions of pdfTeX for LuaTeX (HO
)

(/usr/share/texlive/texmf-dist/tex/generic/oberdiek/ifpdf.sty
Package: ifpdf 2017/03/15 v3.2 Provides the ifpdf switch
)
Package pdftexcmds Info: LuaTeX not detected.
Package pdftexcmds Info: \pdf@primitive is available.
Package pdftexcmds Info: \pdf@ifprimitive is available.
Package pdftexcmds Info: \pdfdraftmode found.
)
Package epstopdf-base Info: Redefining graphics rule for `.eps' on input line 4
38.
Package grfext Info: Graphics extension search list:
(grfext)             [.pdf,.png,.jpg,.mps,.jpeg,.jbig2,.jb2,.PDF,.PNG,.JPG,.JPE
G,.JBIG2,.JB2,.eps]
(grfext)             \AppendGraphicsExtensions on input line 456.

(/usr/share/texlive/texmf-dist/tex/latex/latexconfig/epstopdf-sys.cfg
File: epstopdf-sys.cfg 2010/07/13 v1.3 Configuration of (r)epstopdf for TeX Liv
e
)))
(/usr/share/texlive/texmf-dist/tex/latex/float/float.sty
Package: float 2001/11/08 v1.3d Float enhancements (AL)
\c@float@type=\count86
\float@exts=\toks17
\float@box=\box29
\@float@everytoks=\toks18
\@floatcapt=\box30
)
(/usr/share/texlive/texmf-dist/tex/latex/tools/tabularx.sty
Package: tabularx 2016/02/03 v2.11 `tabularx' package (DPC)

(/usr/share/texlive/texmf-dist/tex/latex/tools/array.sty
Package: array 2016/10/06 v2.4d Tabular extension package (FMi)
\col@sep=\dimen106
\extrarowheight=\dimen107
\NC@list=\toks19
\extratabsurround=\skip43
\backup@length=\skip44
)
\TX@col@width=\dimen108
\TX@old@table=\dimen109
\TX@old@col=\dimen110
\TX@target=\dimen111
\TX@delta=\dimen112
\TX@cols=\count87
\TX@ftn=\toks20
) (./clrscode.sty
Package: clrscode 2007/03/29 v1.7 format pseudocode

(/usr/share/texlive/texmf-dist/tex/latex/base/latexsym.sty
Package: latexsym 1998/08/17 v2.2e Standard LaTeX package (lasy symbols)
\symlasy=\mathgroup4
LaTeX Font Info:    Overwriting symbol font `lasy' in version `bold'
(Font)                  U/lasy/m/n --> U/lasy/b/n on input line 52.
)
\c@codelinenumber=\count88
\c@indent=\count89
\digitwidth=\skip45
\savecode=\box31
\codeboxwidth=\skip46
\c@thisindent=\count90
)
(/usr/share/texlive/texmf-dist/tex/latex/algorithms/algorithm.sty
Package: algorithm 2009/08/24 v0.1 Document Style `algorithm' - floating enviro
nment

(/usr/share/texlive/texmf-dist/tex/latex/base/ifthen.sty
Package: ifthen 2014/09/29 v1.1c Standard LaTeX ifthen package (DPC)
)
\@float@every@algorithm=\toks21
\c@algorithm=\count91
)
(/usr/share/texlive/texmf-dist/tex/latex/tools/multicol.sty
Package: multicol 2017/04/11 v1.8q multicolumn formatting (FMi)
\c@tracingmulticols=\count92
\mult@box=\box32
\multicol@leftmargin=\dimen113
\c@unbalance=\count93
\c@collectmore=\count94
\doublecol@number=\count95
\multicoltolerance=\count96
\multicolpretolerance=\count97
\full@width=\dimen114
\page@free=\dimen115
\premulticols=\dimen116
\postmulticols=\dimen117
\multicolsep=\skip47
\multicolbaselineskip=\skip48
\partial@page=\box33
\last@line=\box34
\maxbalancingoverflow=\dimen118
\mult@rightbox=\box35
\mult@grightbox=\box36
\mult@gfirstbox=\box37
\mult@firstbox=\box38
\@tempa=\box39
\@tempa=\box40
\@tempa=\box41
\@tempa=\box42
\@tempa=\box43
\@tempa=\box44
\@tempa=\box45
\@tempa=\box46
\@tempa=\box47
\@tempa=\box48
\@tempa=\box49
\@tempa=\box50
\@tempa=\box51
\@tempa=\box52
\@tempa=\box53
\@tempa=\box54
\@tempa=\box55
\c@columnbadness=\count98
\c@finalcolumnbadness=\count99
\last@try=\dimen119
\multicolovershoot=\dimen120
\multicolundershoot=\dimen121
\mult@nat@firstbox=\box56
\colbreak@box=\box57
\mc@col@check@num=\count100
)
(/usr/share/texlive/texmf-dist/tex/latex/psfrag/psfrag.sty
Package: psfrag 1998/04/11 v3.04 PSfrag (MCG)
\pfg@pcount=\count101
\pfg@scount=\count102
\pfg@temp=\write3
)
(/usr/share/texlive/texmf-dist/tex/latex/pgf/frontendlayer/tikz.sty
(/usr/share/texlive/texmf-dist/tex/latex/pgf/basiclayer/pgf.sty
(/usr/share/texlive/texmf-dist/tex/latex/pgf/utilities/pgfrcs.sty
(/usr/share/texlive/texmf-dist/tex/generic/pgf/utilities/pgfutil-common.tex
\pgfutil@everybye=\toks22
\pgfutil@tempdima=\dimen122
\pgfutil@tempdimb=\dimen123

(/usr/share/texlive/texmf-dist/tex/generic/pgf/utilities/pgfutil-common-lists.t
ex)) (/usr/share/texlive/texmf-dist/tex/generic/pgf/utilities/pgfutil-latex.def
\pgfutil@abb=\box58
(/usr/share/texlive/texmf-dist/tex/latex/ms/everyshi.sty
Package: everyshi 2001/05/15 v3.00 EveryShipout Package (MS)
))
(/usr/share/texlive/texmf-dist/tex/generic/pgf/utilities/pgfrcs.code.tex
Package: pgfrcs 2015/08/07 v3.0.1a (rcs-revision 1.31)
))
Package: pgf 2015/08/07 v3.0.1a (rcs-revision 1.15)

(/usr/share/texlive/texmf-dist/tex/latex/pgf/basiclayer/pgfcore.sty
(/usr/share/texlive/texmf-dist/tex/latex/pgf/systemlayer/pgfsys.sty
(/usr/share/texlive/texmf-dist/tex/generic/pgf/systemlayer/pgfsys.code.tex
Package: pgfsys 2014/07/09 v3.0.1a (rcs-revision 1.48)

(/usr/share/texlive/texmf-dist/tex/generic/pgf/utilities/pgfkeys.code.tex
\pgfkeys@pathtoks=\toks23
\pgfkeys@temptoks=\toks24

(/usr/share/texlive/texmf-dist/tex/generic/pgf/utilities/pgfkeysfiltered.code.t
ex
\pgfkeys@tmptoks=\toks25
))
\pgf@x=\dimen124
\pgf@y=\dimen125
\pgf@xa=\dimen126
\pgf@ya=\dimen127
\pgf@xb=\dimen128
\pgf@yb=\dimen129
\pgf@xc=\dimen130
\pgf@yc=\dimen131
\w@pgf@writea=\write4
\r@pgf@reada=\read1
\c@pgf@counta=\count103
\c@pgf@countb=\count104
\c@pgf@countc=\count105
\c@pgf@countd=\count106
\t@pgf@toka=\toks26
\t@pgf@tokb=\toks27
\t@pgf@tokc=\toks28
 (/usr/share/texlive/texmf-dist/tex/generic/pgf/systemlayer/pgf.cfg
File: pgf.cfg 2008/05/14  (rcs-revision 1.7)
)
Driver file for pgf: pgfsys-pdftex.def

(/usr/share/texlive/texmf-dist/tex/generic/pgf/systemlayer/pgfsys-pdftex.def
File: pgfsys-pdftex.def 2014/10/11  (rcs-revision 1.35)

(/usr/share/texlive/texmf-dist/tex/generic/pgf/systemlayer/pgfsys-common-pdf.de
f
File: pgfsys-common-pdf.def 2013/10/10  (rcs-revision 1.13)
)))
(/usr/share/texlive/texmf-dist/tex/generic/pgf/systemlayer/pgfsyssoftpath.code.
tex
File: pgfsyssoftpath.code.tex 2013/09/09  (rcs-revision 1.9)
\pgfsyssoftpath@smallbuffer@items=\count107
\pgfsyssoftpath@bigbuffer@items=\count108
)
(/usr/share/texlive/texmf-dist/tex/generic/pgf/systemlayer/pgfsysprotocol.code.
tex
File: pgfsysprotocol.code.tex 2006/10/16  (rcs-revision 1.4)
)) (/usr/share/texlive/texmf-dist/tex/latex/xcolor/xcolor.sty
Package: xcolor 2016/05/11 v2.12 LaTeX color extensions (UK)

(/usr/share/texlive/texmf-dist/tex/latex/graphics-cfg/color.cfg
File: color.cfg 2016/01/02 v1.6 sample color configuration
)
Package xcolor Info: Driver file: pdftex.def on input line 225.
Package xcolor Info: Model `cmy' substituted by `cmy0' on input line 1348.
Package xcolor Info: Model `hsb' substituted by `rgb' on input line 1352.
Package xcolor Info: Model `RGB' extended on input line 1364.
Package xcolor Info: Model `HTML' substituted by `rgb' on input line 1366.
Package xcolor Info: Model `Hsb' substituted by `hsb' on input line 1367.
Package xcolor Info: Model `tHsb' substituted by `hsb' on input line 1368.
Package xcolor Info: Model `HSB' substituted by `hsb' on input line 1369.
Package xcolor Info: Model `Gray' substituted by `gray' on input line 1370.
Package xcolor Info: Model `wave' substituted by `hsb' on input line 1371.
)
(/usr/share/texlive/texmf-dist/tex/generic/pgf/basiclayer/pgfcore.code.tex
Package: pgfcore 2010/04/11 v3.0.1a (rcs-revision 1.7)

(/usr/share/texlive/texmf-dist/tex/generic/pgf/math/pgfmath.code.tex
(/usr/share/texlive/texmf-dist/tex/generic/pgf/math/pgfmathcalc.code.tex
(/usr/share/texlive/texmf-dist/tex/generic/pgf/math/pgfmathutil.code.tex)
(/usr/share/texlive/texmf-dist/tex/generic/pgf/math/pgfmathparser.code.tex
\pgfmath@dimen=\dimen132
\pgfmath@count=\count109
\pgfmath@box=\box59
\pgfmath@toks=\toks29
\pgfmath@stack@operand=\toks30
\pgfmath@stack@operation=\toks31
)
(/usr/share/texlive/texmf-dist/tex/generic/pgf/math/pgfmathfunctions.code.tex
(/usr/share/texlive/texmf-dist/tex/generic/pgf/math/pgfmathfunctions.basic.code
.tex)
(/usr/share/texlive/texmf-dist/tex/generic/pgf/math/pgfmathfunctions.trigonomet
ric.code.tex)
(/usr/share/texlive/texmf-dist/tex/generic/pgf/math/pgfmathfunctions.random.cod
e.tex)
(/usr/share/texlive/texmf-dist/tex/generic/pgf/math/pgfmathfunctions.comparison
.code.tex)
(/usr/share/texlive/texmf-dist/tex/generic/pgf/math/pgfmathfunctions.base.code.
tex)
(/usr/share/texlive/texmf-dist/tex/generic/pgf/math/pgfmathfunctions.round.code
.tex)
(/usr/share/texlive/texmf-dist/tex/generic/pgf/math/pgfmathfunctions.misc.code.
tex)
(/usr/share/texlive/texmf-dist/tex/generic/pgf/math/pgfmathfunctions.integerari
thmetics.code.tex)))
(/usr/share/texlive/texmf-dist/tex/generic/pgf/math/pgfmathfloat.code.tex
\c@pgfmathroundto@lastzeros=\count110
))
(/usr/share/texlive/texmf-dist/tex/generic/pgf/basiclayer/pgfcorepoints.code.te
x
File: pgfcorepoints.code.tex 2013/10/07  (rcs-revision 1.27)
\pgf@picminx=\dimen133
\pgf@picmaxx=\dimen134
\pgf@picminy=\dimen135
\pgf@picmaxy=\dimen136
\pgf@pathminx=\dimen137
\pgf@pathmaxx=\dimen138
\pgf@pathminy=\dimen139
\pgf@pathmaxy=\dimen140
\pgf@xx=\dimen141
\pgf@xy=\dimen142
\pgf@yx=\dimen143
\pgf@yy=\dimen144
\pgf@zx=\dimen145
\pgf@zy=\dimen146
)
(/usr/share/texlive/texmf-dist/tex/generic/pgf/basiclayer/pgfcorepathconstruct.
code.tex
File: pgfcorepathconstruct.code.tex 2013/10/07  (rcs-revision 1.29)
\pgf@path@lastx=\dimen147
\pgf@path@lasty=\dimen148
)
(/usr/share/texlive/texmf-dist/tex/generic/pgf/basiclayer/pgfcorepathusage.code
.tex
File: pgfcorepathusage.code.tex 2014/11/02  (rcs-revision 1.24)
\pgf@shorten@end@additional=\dimen149
\pgf@shorten@start@additional=\dimen150
)
(/usr/share/texlive/texmf-dist/tex/generic/pgf/basiclayer/pgfcorescopes.code.te
x
File: pgfcorescopes.code.tex 2015/05/08  (rcs-revision 1.46)
\pgfpic=\box60
\pgf@hbox=\box61
\pgf@layerbox@main=\box62
\pgf@picture@serial@count=\count111
)
(/usr/share/texlive/texmf-dist/tex/generic/pgf/basiclayer/pgfcoregraphicstate.c
ode.tex
File: pgfcoregraphicstate.code.tex 2014/11/02  (rcs-revision 1.12)
\pgflinewidth=\dimen151
)
(/usr/share/texlive/texmf-dist/tex/generic/pgf/basiclayer/pgfcoretransformation
s.code.tex
File: pgfcoretransformations.code.tex 2015/08/07  (rcs-revision 1.20)
\pgf@pt@x=\dimen152
\pgf@pt@y=\dimen153
\pgf@pt@temp=\dimen154
)
(/usr/share/texlive/texmf-dist/tex/generic/pgf/basiclayer/pgfcorequick.code.tex
File: pgfcorequick.code.tex 2008/10/09  (rcs-revision 1.3)
)
(/usr/share/texlive/texmf-dist/tex/generic/pgf/basiclayer/pgfcoreobjects.code.t
ex
File: pgfcoreobjects.code.tex 2006/10/11  (rcs-revision 1.2)
)
(/usr/share/texlive/texmf-dist/tex/generic/pgf/basiclayer/pgfcorepathprocessing
.code.tex
File: pgfcorepathprocessing.code.tex 2013/09/09  (rcs-revision 1.9)
)
(/usr/share/texlive/texmf-dist/tex/generic/pgf/basiclayer/pgfcorearrows.code.te
x
File: pgfcorearrows.code.tex 2015/05/14  (rcs-revision 1.43)
\pgfarrowsep=\dimen155
)
(/usr/share/texlive/texmf-dist/tex/generic/pgf/basiclayer/pgfcoreshade.code.tex
File: pgfcoreshade.code.tex 2013/07/15  (rcs-revision 1.15)
\pgf@max=\dimen156
\pgf@sys@shading@range@num=\count112
)
(/usr/share/texlive/texmf-dist/tex/generic/pgf/basiclayer/pgfcoreimage.code.tex
File: pgfcoreimage.code.tex 2013/07/15  (rcs-revision 1.18)

(/usr/share/texlive/texmf-dist/tex/generic/pgf/basiclayer/pgfcoreexternal.code.
tex
File: pgfcoreexternal.code.tex 2014/07/09  (rcs-revision 1.21)
\pgfexternal@startupbox=\box63
))
(/usr/share/texlive/texmf-dist/tex/generic/pgf/basiclayer/pgfcorelayers.code.te
x
File: pgfcorelayers.code.tex 2013/07/18  (rcs-revision 1.7)
)
(/usr/share/texlive/texmf-dist/tex/generic/pgf/basiclayer/pgfcoretransparency.c
ode.tex
File: pgfcoretransparency.code.tex 2013/09/30  (rcs-revision 1.5)
)
(/usr/share/texlive/texmf-dist/tex/generic/pgf/basiclayer/pgfcorepatterns.code.
tex
File: pgfcorepatterns.code.tex 2013/11/07  (rcs-revision 1.5)
)))
(/usr/share/texlive/texmf-dist/tex/generic/pgf/modules/pgfmoduleshapes.code.tex
File: pgfmoduleshapes.code.tex 2014/03/21  (rcs-revision 1.35)
\pgfnodeparttextbox=\box64
) (/usr/share/texlive/texmf-dist/tex/generic/pgf/modules/pgfmoduleplot.code.tex
File: pgfmoduleplot.code.tex 2015/08/03  (rcs-revision 1.13)
)
(/usr/share/texlive/texmf-dist/tex/latex/pgf/compatibility/pgfcomp-version-0-65
.sty
Package: pgfcomp-version-0-65 2007/07/03 v3.0.1a (rcs-revision 1.7)
\pgf@nodesepstart=\dimen157
\pgf@nodesepend=\dimen158
)
(/usr/share/texlive/texmf-dist/tex/latex/pgf/compatibility/pgfcomp-version-1-18
.sty
Package: pgfcomp-version-1-18 2007/07/23 v3.0.1a (rcs-revision 1.1)
)) (/usr/share/texlive/texmf-dist/tex/latex/pgf/utilities/pgffor.sty
(/usr/share/texlive/texmf-dist/tex/latex/pgf/utilities/pgfkeys.sty
(/usr/share/texlive/texmf-dist/tex/generic/pgf/utilities/pgfkeys.code.tex))
(/usr/share/texlive/texmf-dist/tex/latex/pgf/math/pgfmath.sty
(/usr/share/texlive/texmf-dist/tex/generic/pgf/math/pgfmath.code.tex))
(/usr/share/texlive/texmf-dist/tex/generic/pgf/utilities/pgffor.code.tex
Package: pgffor 2013/12/13 v3.0.1a (rcs-revision 1.25)

(/usr/share/texlive/texmf-dist/tex/generic/pgf/math/pgfmath.code.tex)
\pgffor@iter=\dimen159
\pgffor@skip=\dimen160
\pgffor@stack=\toks32
\pgffor@toks=\toks33
))
(/usr/share/texlive/texmf-dist/tex/generic/pgf/frontendlayer/tikz/tikz.code.tex
Package: tikz 2015/08/07 v3.0.1a (rcs-revision 1.151)

(/usr/share/texlive/texmf-dist/tex/generic/pgf/libraries/pgflibraryplothandlers
.code.tex
File: pgflibraryplothandlers.code.tex 2013/08/31 v3.0.1a (rcs-revision 1.20)
\pgf@plot@mark@count=\count113
\pgfplotmarksize=\dimen161
)
\tikz@lastx=\dimen162
\tikz@lasty=\dimen163
\tikz@lastxsaved=\dimen164
\tikz@lastysaved=\dimen165
\tikzleveldistance=\dimen166
\tikzsiblingdistance=\dimen167
\tikz@figbox=\box65
\tikz@figbox@bg=\box66
\tikz@tempbox=\box67
\tikz@tempbox@bg=\box68
\tikztreelevel=\count114
\tikznumberofchildren=\count115
\tikznumberofcurrentchild=\count116
\tikz@fig@count=\count117

(/usr/share/texlive/texmf-dist/tex/generic/pgf/modules/pgfmodulematrix.code.tex
File: pgfmodulematrix.code.tex 2013/09/17  (rcs-revision 1.8)
\pgfmatrixcurrentrow=\count118
\pgfmatrixcurrentcolumn=\count119
\pgf@matrix@numberofcolumns=\count120
)
\tikz@expandcount=\count121

(/usr/share/texlive/texmf-dist/tex/generic/pgf/frontendlayer/tikz/libraries/tik
zlibrarytopaths.code.tex
File: tikzlibrarytopaths.code.tex 2008/06/17 v3.0.1a (rcs-revision 1.2)
)))
(/usr/share/texlive/texmf-dist/tex/latex/tikzmark/tikzlibrarytikzmark.code.tex)
(./shi.sty

LaTeX Warning: You have requested package `shi',
               but the package provides `aszfolie'.

Package: aszfolie 
(/usr/share/texlive/texmf-dist/tex/latex/tools/calc.sty
Package: calc 2014/10/28 v4.3 Infix arithmetic (KKT,FJ)
\calc@Acount=\count122
\calc@Bcount=\count123
\calc@Adimen=\dimen168
\calc@Bdimen=\dimen169
\calc@Askip=\skip49
\calc@Bskip=\skip50
LaTeX Info: Redefining \setlength on input line 80.
LaTeX Info: Redefining \addtolength on input line 81.
\calc@Ccount=\count124
\calc@Cskip=\skip51
)
\asz@logo=\box69
\slidetitleskip=\skip52
)
(/usr/share/texlive/texmf-dist/tex/latex/amsmath/amsmath.sty
Package: amsmath 2017/09/02 v2.17a AMS math features
\@mathmargin=\skip53

For additional information on amsmath, use the `?' option.
(/usr/share/texlive/texmf-dist/tex/latex/amsmath/amstext.sty
Package: amstext 2000/06/29 v2.01 AMS text

(/usr/share/texlive/texmf-dist/tex/latex/amsmath/amsgen.sty
File: amsgen.sty 1999/11/30 v2.0 generic functions
\@emptytoks=\toks34
\ex@=\dimen170
))
(/usr/share/texlive/texmf-dist/tex/latex/amsmath/amsbsy.sty
Package: amsbsy 1999/11/29 v1.2d Bold Symbols
\pmbraise@=\dimen171
)
(/usr/share/texlive/texmf-dist/tex/latex/amsmath/amsopn.sty
Package: amsopn 2016/03/08 v2.02 operator names
)
\inf@bad=\count125
LaTeX Info: Redefining \frac on input line 213.
\uproot@=\count126
\leftroot@=\count127
LaTeX Info: Redefining \overline on input line 375.
\classnum@=\count128
\DOTSCASE@=\count129
LaTeX Info: Redefining \ldots on input line 472.
LaTeX Info: Redefining \dots on input line 475.
LaTeX Info: Redefining \cdots on input line 596.
\Mathstrutbox@=\box70
\strutbox@=\box71
\big@size=\dimen172
LaTeX Font Info:    Redeclaring font encoding OML on input line 712.
LaTeX Font Info:    Redeclaring font encoding OMS on input line 713.
\macc@depth=\count130
\c@MaxMatrixCols=\count131
\dotsspace@=\muskip10
\c@parentequation=\count132
\dspbrk@lvl=\count133
\tag@help=\toks35
\row@=\count134
\column@=\count135
\maxfields@=\count136
\andhelp@=\toks36
\eqnshift@=\dimen173
\alignsep@=\dimen174
\tagshift@=\dimen175
\tagwidth@=\dimen176
\totwidth@=\dimen177
\lineht@=\dimen178
\@envbody=\toks37
\multlinegap=\skip54
\multlinetaggap=\skip55
\mathdisplay@stack=\toks38
LaTeX Info: Redefining \[ on input line 2817.
LaTeX Info: Redefining \] on input line 2818.
)
(/usr/share/texlive/texmf-dist/tex/latex/amsfonts/amssymb.sty
Package: amssymb 2013/01/14 v3.01 AMS font symbols

(/usr/share/texlive/texmf-dist/tex/latex/amsfonts/amsfonts.sty
Package: amsfonts 2013/01/14 v3.01 Basic AMSFonts support
\symAMSa=\mathgroup5
\symAMSb=\mathgroup6
LaTeX Font Info:    Overwriting math alphabet `\mathfrak' in version `bold'
(Font)                  U/euf/m/n --> U/euf/b/n on input line 106.
))
(/usr/share/texlive/texmf-dist/tex/latex/amscls/amsthm.sty
Package: amsthm 2017/10/31 v2.20.4
\thm@style=\toks39
\thm@bodyfont=\toks40
\thm@headfont=\toks41
\thm@notefont=\toks42
\thm@headpunct=\toks43
\thm@preskip=\skip56
\thm@postskip=\skip57
\thm@headsep=\skip58
\dth@everypar=\toks44
)
(/usr/share/texlive/texmf-dist/tex/latex/hyperref/hyperref.sty
Package: hyperref 2018/02/06 v6.86b Hypertext links for LaTeX

(/usr/share/texlive/texmf-dist/tex/generic/oberdiek/hobsub-hyperref.sty
Package: hobsub-hyperref 2016/05/16 v1.14 Bundle oberdiek, subset hyperref (HO)


(/usr/share/texlive/texmf-dist/tex/generic/oberdiek/hobsub-generic.sty
Package: hobsub-generic 2016/05/16 v1.14 Bundle oberdiek, subset generic (HO)
Package: hobsub 2016/05/16 v1.14 Construct package bundles (HO)
Package hobsub Info: Skipping package `infwarerr' (already loaded).
Package hobsub Info: Skipping package `ltxcmds' (already loaded).
Package hobsub Info: Skipping package `ifluatex' (already loaded).
Package: ifvtex 2016/05/16 v1.6 Detect VTeX and its facilities (HO)
Package ifvtex Info: VTeX not detected.
Package: intcalc 2016/05/16 v1.2 Expandable calculations with integers (HO)
Package hobsub Info: Skipping package `ifpdf' (already loaded).
Package hobsub Info: Skipping package `etexcmds' (already loaded).
Package hobsub Info: Skipping package `kvsetkeys' (already loaded).
Package hobsub Info: Skipping package `kvdefinekeys' (already loaded).
Package hobsub Info: Skipping package `pdftexcmds' (already loaded).
Package: pdfescape 2016/05/16 v1.14 Implements pdfTeX's escape features (HO)
Package: bigintcalc 2016/05/16 v1.4 Expandable calculations on big integers (HO
)
Package: bitset 2016/05/16 v1.2 Handle bit-vector datatype (HO)
Package: uniquecounter 2016/05/16 v1.3 Provide unlimited unique counter (HO)
)
Package hobsub Info: Skipping package `hobsub' (already loaded).
Package: letltxmacro 2016/05/16 v1.5 Let assignment for LaTeX macros (HO)
Package: hopatch 2016/05/16 v1.3 Wrapper for package hooks (HO)
Package: xcolor-patch 2016/05/16 xcolor patch
Package: atveryend 2016/05/16 v1.9 Hooks at the very end of document (HO)
Package atveryend Info: \enddocument detected (standard20110627).
Package: atbegshi 2016/06/09 v1.18 At begin shipout hook (HO)
Package: refcount 2016/05/16 v3.5 Data extraction from label references (HO)
Package: hycolor 2016/05/16 v1.8 Color options for hyperref/bookmark (HO)
)
(/usr/share/texlive/texmf-dist/tex/generic/ifxetex/ifxetex.sty
Package: ifxetex 2010/09/12 v0.6 Provides ifxetex conditional
)
(/usr/share/texlive/texmf-dist/tex/latex/oberdiek/auxhook.sty
Package: auxhook 2016/05/16 v1.4 Hooks for auxiliary files (HO)
)
\@linkdim=\dimen179
\Hy@linkcounter=\count137
\Hy@pagecounter=\count138

(/usr/share/texlive/texmf-dist/tex/latex/hyperref/pd1enc.def
File: pd1enc.def 2018/02/06 v6.86b Hyperref: PDFDocEncoding definition (HO)
)
\Hy@SavedSpaceFactor=\count139

(/usr/share/texlive/texmf-dist/tex/latex/latexconfig/hyperref.cfg
File: hyperref.cfg 2002/06/06 v1.2 hyperref configuration of TeXLive
)
Package hyperref Info: Option `colorlinks' set `true' on input line 4383.
Package hyperref Info: Hyper figures OFF on input line 4509.
Package hyperref Info: Link nesting OFF on input line 4514.
Package hyperref Info: Hyper index ON on input line 4517.
Package hyperref Info: Plain pages OFF on input line 4524.
Package hyperref Info: Backreferencing ON on input line 4527.
Package hyperref Info: Implicit mode ON; LaTeX internals redefined.
Package hyperref Info: Bookmarks ON on input line 4762.

(/usr/share/texlive/texmf-dist/tex/latex/hyperref/backref.sty
Package: backref 2016/05/21 v1.39 Bibliographical back referencing

(/usr/share/texlive/texmf-dist/tex/latex/oberdiek/rerunfilecheck.sty
Package: rerunfilecheck 2016/05/16 v1.8 Rerun checks for auxiliary files (HO)
Package uniquecounter Info: New unique counter `rerunfilecheck' on input line 2
82.
))
\c@Hy@tempcnt=\count140

(/usr/share/texlive/texmf-dist/tex/latex/url/url.sty
\Urlmuskip=\muskip11
Package: url 2013/09/16  ver 3.4  Verb mode for urls, etc.
)
LaTeX Info: Redefining \url on input line 5115.
\XeTeXLinkMargin=\dimen180
\Fld@menulength=\count141
\Field@Width=\dimen181
\Fld@charsize=\dimen182
Package hyperref Info: Hyper figures OFF on input line 6369.
Package hyperref Info: Link nesting OFF on input line 6374.
Package hyperref Info: Hyper index ON on input line 6377.
Package hyperref Info: backreferencing ON on input line 6382.
Package hyperref Info: Link coloring ON on input line 6387.
Package hyperref Info: Link coloring with OCG OFF on input line 6394.
Package hyperref Info: PDF/A mode OFF on input line 6399.
LaTeX Info: Redefining \ref on input line 6439.
LaTeX Info: Redefining \pageref on input line 6443.
\Hy@abspage=\count142
\c@Item=\count143
\c@Hfootnote=\count144
)
Package hyperref Info: Driver (autodetected): hpdftex.

(/usr/share/texlive/texmf-dist/tex/latex/hyperref/hpdftex.def
File: hpdftex.def 2018/02/06 v6.86b Hyperref driver for pdfTeX
\Fld@listcount=\count145
\c@bookmark@seq@number=\count146
\Hy@SectionHShift=\skip59
)
Package hyperref Info: Option `colorlinks' set `false' on input line 72.
 (./pause.sty)
\c@theorem=\count147

(./aula13.aux)
\openout1 = `aula13.aux'.

LaTeX Font Info:    Checking defaults for OML/cmm/m/it on input line 300.
LaTeX Font Info:    ... okay on input line 300.
LaTeX Font Info:    Checking defaults for T1/cmr/m/n on input line 300.
LaTeX Font Info:    ... okay on input line 300.
LaTeX Font Info:    Checking defaults for OT1/lcmss/m/n on input line 300.
LaTeX Font Info:    ... okay on input line 300.
LaTeX Font Info:    Checking defaults for OMS/cmsy/m/n on input line 300.
LaTeX Font Info:    ... okay on input line 300.
LaTeX Font Info:    Checking defaults for OMX/cmex/m/n on input line 300.
LaTeX Font Info:    ... okay on input line 300.
LaTeX Font Info:    Checking defaults for U/cmr/m/n on input line 300.
LaTeX Font Info:    ... okay on input line 300.
LaTeX Font Info:    Checking defaults for TS1/cmr/m/n on input line 300.
LaTeX Font Info:    Try loading font information for TS1+cmr on input line 300.

 (/usr/share/texlive/texmf-dist/tex/latex/base/ts1cmr.fd
File: ts1cmr.fd 2014/09/29 v2.5h Standard LaTeX font definitions
)
LaTeX Font Info:    ... okay on input line 300.
LaTeX Font Info:    Checking defaults for PD1/pdf/m/n on input line 300.
LaTeX Font Info:    ... okay on input line 300.

(/usr/share/texlive/texmf-dist/tex/context/base/mkii/supp-pdf.mkii
[Loading MPS to PDF converter (version 2006.09.02).]
\scratchcounter=\count148
\scratchdimen=\dimen183
\scratchbox=\box72
\nofMPsegments=\count149
\nofMParguments=\count150
\everyMPshowfont=\toks45
\MPscratchCnt=\count151
\MPscratchDim=\dimen184
\MPnumerator=\count152
\makeMPintoPDFobject=\count153
\everyMPtoPDFconversion=\toks46
) ABD: EveryShipout initializing macros
\AtBeginShipoutBox=\box73
Package hyperref Info: Link coloring OFF on input line 300.

(/usr/share/texlive/texmf-dist/tex/latex/hyperref/nameref.sty
Package: nameref 2016/05/21 v2.44 Cross-referencing by name of section

(/usr/share/texlive/texmf-dist/tex/generic/oberdiek/gettitlestring.sty
Package: gettitlestring 2016/05/16 v1.5 Cleanup title references (HO)
)
\c@section@level=\count154
)
LaTeX Info: Redefining \ref on input line 300.
LaTeX Info: Redefining \pageref on input line 300.
LaTeX Info: Redefining \nameref on input line 300.

(./aula13.out) (./aula13.out)
\@outlinefile=\write5
\openout5 = `aula13.out'.

LaTeX Font Info:    Try loading font information for T1+lcmtt on input line 318
.

(/usr/share/texlive/texmf-dist/tex/latex/base/t1lcmtt.fd
File: t1lcmtt.fd 1998/06/12 v2.2e Standard LaTeX slide font definitions
)
LaTeX Font Info:    Try loading font information for OML+lcmm on input line 321
.

(/usr/share/texlive/texmf-dist/tex/latex/base/omllcmm.fd
File: omllcmm.fd 1998/06/12 v2.2e Standard LaTeX slide font definitions
)
LaTeX Font Info:    Try loading font information for OMS+lcmsy on input line 32
1.

(/usr/share/texlive/texmf-dist/tex/latex/base/omslcmsy.fd
File: omslcmsy.fd 1998/06/12 v2.2e Standard LaTeX slide font definitions
)
LaTeX Font Info:    Try loading font information for OMX+lcmex on input line 32
1.

(/usr/share/texlive/texmf-dist/tex/latex/base/omxlcmex.fd
File: omxlcmex.fd 1998/06/12 v2.2e Standard LaTeX slide font definitions
)
LaTeX Font Info:    External font `cmex10 at17.28pt' loaded for size
(Font)              <19.907> on input line 321.
LaTeX Font Info:    External font `cmex10 at17.28pt' loaded for size
(Font)              <16.59> on input line 321.
LaTeX Font Info:    External font `cmex10 at17.28pt' loaded for size
(Font)              <13.82> on input line 321.
LaTeX Font Info:    Try loading font information for U+msa on input line 321.

(/usr/share/texlive/texmf-dist/tex/latex/amsfonts/umsa.fd
File: umsa.fd 2013/01/14 v3.01 AMS symbols A
)
LaTeX Font Info:    Try loading font information for U+msb on input line 321.

(/usr/share/texlive/texmf-dist/tex/latex/amsfonts/umsb.fd
File: umsb.fd 2013/01/14 v3.01 AMS symbols B
)

LaTeX Font Warning: Font shape `T1/lcmss/m/n' in size <17> not available
(Font)              size <16.59> substituted on input line 324.


Overfull \hbox (10.41669pt too wide) has occurred while \output is active
[][] 
 []

Package babel Info: Redefining portuges shorthand "|
(babel)             in language  on input line 324.
Package babel Info: Redefining portuges shorthand "|
(babel)             in language  on input line 324.
[1
Non-PDF special ignored!{/var/lib/texmf/fonts/map/pdftex/updmap/pdftex.map}

]
Overfull \hbox (10.41669pt too wide) has occurred while \output is active
[][] 
 []

Package babel Info: Redefining portuges shorthand "|
(babel)             in language  on input line 330.
Package babel Info: Redefining portuges shorthand "|
(babel)             in language  on input line 330.
[2]
Overfull \hbox (10.41669pt too wide) has occurred while \output is active
[][] 
 []

Package babel Info: Redefining portuges shorthand "|
(babel)             in language  on input line 336.
Package babel Info: Redefining portuges shorthand "|
(babel)             in language  on input line 336.
[3]
Package epstopdf Info: Source file: <fig01.eps>
(epstopdf)                    date: 2017-04-13 13:59:10
(epstopdf)                    size: 13720 bytes
(epstopdf)             Output file: <fig01-eps-converted-to.pdf>
(epstopdf)                    date: 2017-04-13 14:00:18
(epstopdf)                    size: 9287 bytes
(epstopdf)             Command: <repstopdf --outfile=fig01-eps-converted-to.pdf
 fig01.eps>
(epstopdf)             \includegraphics on input line 342.
Package epstopdf Info: Output file is already uptodate.
<fig01-eps-converted-to.pdf, id=25, 643.40375pt x 426.59375pt>
File: fig01-eps-converted-to.pdf Graphic file (type pdf)
<use fig01-eps-converted-to.pdf>
Package pdftex.def Info: fig01-eps-converted-to.pdf  used on input line 342.
(pdftex.def)             Requested size: 343.3193pt x 227.62204pt.

Overfull \hbox (10.41669pt too wide) has occurred while \output is active
[][] 
 []

Package babel Info: Redefining portuges shorthand "|
(babel)             in language  on input line 344.
Package babel Info: Redefining portuges shorthand "|
(babel)             in language  on input line 344.
[4 <./fig01-eps-converted-to.pdf>]
Overfull \hbox (10.41669pt too wide) has occurred while \output is active
[][] 
 []

Package babel Info: Redefining portuges shorthand "|
(babel)             in language  on input line 355.
Package babel Info: Redefining portuges shorthand "|
(babel)             in language  on input line 355.
[5]
Overfull \hbox (10.41669pt too wide) has occurred while \output is active
[][] 
 []

Package babel Info: Redefining portuges shorthand "|
(babel)             in language  on input line 364.
Package babel Info: Redefining portuges shorthand "|
(babel)             in language  on input line 364.
[6]
Overfull \hbox (10.41669pt too wide) has occurred while \output is active
[][] 
 []

Package babel Info: Redefining portuges shorthand "|
(babel)             in language  on input line 381.
Package babel Info: Redefining portuges shorthand "|
(babel)             in language  on input line 381.
[7]
Overfull \hbox (10.41669pt too wide) has occurred while \output is active
[][] 
 []

Package babel Info: Redefining portuges shorthand "|
(babel)             in language  on input line 392.
Package babel Info: Redefining portuges shorthand "|
(babel)             in language  on input line 392.
[8]
Overfull \hbox (10.41669pt too wide) has occurred while \output is active
[][] 
 []

Package babel Info: Redefining portuges shorthand "|
(babel)             in language  on input line 396.
Package babel Info: Redefining portuges shorthand "|
(babel)             in language  on input line 396.
[9]
Overfull \hbox (16.6667pt too wide) has occurred while \output is active
[][] 
 []

Package babel Info: Redefining portuges shorthand "|
(babel)             in language  on input line 406.
Package babel Info: Redefining portuges shorthand "|
(babel)             in language  on input line 406.
[10]
Overfull \hbox (16.6667pt too wide) has occurred while \output is active
[][] 
 []

Package babel Info: Redefining portuges shorthand "|
(babel)             in language  on input line 417.
Package babel Info: Redefining portuges shorthand "|
(babel)             in language  on input line 417.
[11]
Package epstopdf Info: Source file: <fig02.eps>
(epstopdf)                    date: 2017-04-19 20:46:04
(epstopdf)                    size: 4934 bytes
(epstopdf)             Output file: <fig02-eps-converted-to.pdf>
(epstopdf)                    date: 2017-04-19 20:46:10
(epstopdf)                    size: 5297 bytes
(epstopdf)             Command: <repstopdf --outfile=fig02-eps-converted-to.pdf
 fig02.eps>
(epstopdf)             \includegraphics on input line 422.
Package epstopdf Info: Output file is already uptodate.
<fig02-eps-converted-to.pdf, id=68, 444.66125pt x 116.435pt>
File: fig02-eps-converted-to.pdf Graphic file (type pdf)
<use fig02-eps-converted-to.pdf>
Package pdftex.def Info: fig02-eps-converted-to.pdf  used on input line 422.
(pdftex.def)             Requested size: 434.65909pt x 113.81102pt.

Overfull \hbox (16.6667pt too wide) has occurred while \output is active
[][] 
 []

Package babel Info: Redefining portuges shorthand "|
(babel)             in language  on input line 430.
Package babel Info: Redefining portuges shorthand "|
(babel)             in language  on input line 430.
[12 <./fig02-eps-converted-to.pdf>]
Overfull \hbox (16.6667pt too wide) has occurred while \output is active
[][] 
 []

Package babel Info: Redefining portuges shorthand "|
(babel)             in language  on input line 441.
Package babel Info: Redefining portuges shorthand "|
(babel)             in language  on input line 441.
[13]
Overfull \hbox (16.6667pt too wide) has occurred while \output is active
[][] 
 []

Package babel Info: Redefining portuges shorthand "|
(babel)             in language  on input line 450.
Package babel Info: Redefining portuges shorthand "|
(babel)             in language  on input line 450.
[14]
Overfull \hbox (16.6667pt too wide) has occurred while \output is active
[][] 
 []

Package babel Info: Redefining portuges shorthand "|
(babel)             in language  on input line 460.
Package babel Info: Redefining portuges shorthand "|
(babel)             in language  on input line 460.
[15]
Package epstopdf Info: Source file: <fig03.eps>
(epstopdf)                    date: 2017-04-29 16:05:18
(epstopdf)                    size: 5345 bytes
(epstopdf)             Output file: <fig03-eps-converted-to.pdf>
(epstopdf)                    date: 2017-04-29 16:07:34
(epstopdf)                    size: 5556 bytes
(epstopdf)             Command: <repstopdf --outfile=fig03-eps-converted-to.pdf
 fig03.eps>
(epstopdf)             \includegraphics on input line 464.
Package epstopdf Info: Output file is already uptodate.
<fig03-eps-converted-to.pdf, id=92, 444.66125pt x 155.58125pt>
File: fig03-eps-converted-to.pdf Graphic file (type pdf)
<use fig03-eps-converted-to.pdf>
Package pdftex.def Info: fig03-eps-converted-to.pdf  used on input line 464.
(pdftex.def)             Requested size: 569.24586pt x 199.16928pt.

Overfull \hbox (16.6667pt too wide) has occurred while \output is active
[][] 
 []

Package babel Info: Redefining portuges shorthand "|
(babel)             in language  on input line 473.
Package babel Info: Redefining portuges shorthand "|
(babel)             in language  on input line 473.
[16 <./fig03-eps-converted-to.pdf>]
Overfull \hbox (16.6667pt too wide) has occurred while \output is active
[][] 
 []

Package babel Info: Redefining portuges shorthand "|
(babel)             in language  on input line 477.
Package babel Info: Redefining portuges shorthand "|
(babel)             in language  on input line 477.
[17]
Overfull \hbox (16.6667pt too wide) has occurred while \output is active
[][] 
 []

Package babel Info: Redefining portuges shorthand "|
(babel)             in language  on input line 484.
Package babel Info: Redefining portuges shorthand "|
(babel)             in language  on input line 484.
[18]
Overfull \hbox (16.6667pt too wide) has occurred while \output is active
[][] 
 []

Package babel Info: Redefining portuges shorthand "|
(babel)             in language  on input line 496.
Package babel Info: Redefining portuges shorthand "|
(babel)             in language  on input line 496.
[19]
Overfull \hbox (16.6667pt too wide) has occurred while \output is active
[][] 
 []

Package babel Info: Redefining portuges shorthand "|
(babel)             in language  on input line 513.
Package babel Info: Redefining portuges shorthand "|
(babel)             in language  on input line 513.
[20]
Overfull \hbox (16.6667pt too wide) has occurred while \output is active
[][] 
 []

Package babel Info: Redefining portuges shorthand "|
(babel)             in language  on input line 534.
Package babel Info: Redefining portuges shorthand "|
(babel)             in language  on input line 534.
[21]
Package epstopdf Info: Source file: <fig04.eps>
(epstopdf)                    date: 2017-05-02 15:56:20
(epstopdf)                    size: 10614 bytes
(epstopdf)             Output file: <fig04-eps-converted-to.pdf>
(epstopdf)                    date: 2017-05-02 15:56:40
(epstopdf)                    size: 8867 bytes
(epstopdf)             Command: <repstopdf --outfile=fig04-eps-converted-to.pdf
 fig04.eps>
(epstopdf)             \includegraphics on input line 539.
Package epstopdf Info: Output file is already uptodate.
<fig04-eps-converted-to.pdf, id=123, 799.98875pt x 465.74pt>
File: fig04-eps-converted-to.pdf Graphic file (type pdf)
<use fig04-eps-converted-to.pdf>
Package pdftex.def Info: fig04-eps-converted-to.pdf  used on input line 539.
(pdftex.def)             Requested size: 586.48933pt x 341.43306pt.

Overfull \hbox (16.6667pt too wide) has occurred while \output is active
[][] 
 []

Package babel Info: Redefining portuges shorthand "|
(babel)             in language  on input line 541.
Package babel Info: Redefining portuges shorthand "|
(babel)             in language  on input line 541.
[22 <./fig04-eps-converted-to.pdf>]
Overfull \hbox (16.6667pt too wide) has occurred while \output is active
[][] 
 []

Package babel Info: Redefining portuges shorthand "|
(babel)             in language  on input line 551.
Package babel Info: Redefining portuges shorthand "|
(babel)             in language  on input line 551.
[23]
Overfull \hbox (16.6667pt too wide) has occurred while \output is active
[][] 
 []

Package babel Info: Redefining portuges shorthand "|
(babel)             in language  on input line 558.
Package babel Info: Redefining portuges shorthand "|
(babel)             in language  on input line 558.
[24]
Overfull \hbox (16.6667pt too wide) has occurred while \output is active
[][] 
 []

Package babel Info: Redefining portuges shorthand "|
(babel)             in language  on input line 568.
Package babel Info: Redefining portuges shorthand "|
(babel)             in language  on input line 568.
[25]
Package epstopdf Info: Source file: <fig05.eps>
(epstopdf)                    date: 2017-05-02 19:50:48
(epstopdf)                    size: 6120 bytes
(epstopdf)             Output file: <fig05-eps-converted-to.pdf>
(epstopdf)                    date: 2017-05-02 19:51:16
(epstopdf)                    size: 5329 bytes
(epstopdf)             Command: <repstopdf --outfile=fig05-eps-converted-to.pdf
 fig05.eps>
(epstopdf)             \includegraphics on input line 574.
Package epstopdf Info: Output file is already uptodate.
<fig05-eps-converted-to.pdf, id=146, 212.795pt x 264.99pt>
File: fig05-eps-converted-to.pdf Graphic file (type pdf)
<use fig05-eps-converted-to.pdf>
Package pdftex.def Info: fig05-eps-converted-to.pdf  used on input line 574.
(pdftex.def)             Requested size: 182.78906pt x 227.62204pt.

Overfull \hbox (16.6667pt too wide) has occurred while \output is active
[][] 
 []

Package babel Info: Redefining portuges shorthand "|
(babel)             in language  on input line 579.
Package babel Info: Redefining portuges shorthand "|
(babel)             in language  on input line 579.
[26 <./fig05-eps-converted-to.pdf>]
Package epstopdf Info: Source file: <fig06.eps>
(epstopdf)                    date: 2017-05-02 20:02:04
(epstopdf)                    size: 4534 bytes
(epstopdf)             Output file: <fig06-eps-converted-to.pdf>
(epstopdf)                    date: 2017-05-02 20:04:22
(epstopdf)                    size: 4671 bytes
(epstopdf)             Command: <repstopdf --outfile=fig06-eps-converted-to.pdf
 fig06.eps>
(epstopdf)             \includegraphics on input line 585.
Package epstopdf Info: Output file is already uptodate.
<fig06-eps-converted-to.pdf, id=157, 212.795pt x 204.765pt>
File: fig06-eps-converted-to.pdf Graphic file (type pdf)
<use fig06-eps-converted-to.pdf>
Package pdftex.def Info: fig06-eps-converted-to.pdf  used on input line 585.
(pdftex.def)             Requested size: 177.4218pt x 170.71652pt.

Overfull \hbox (16.6667pt too wide) has occurred while \output is active
[][] 
 []

Package babel Info: Redefining portuges shorthand "|
(babel)             in language  on input line 591.
Package babel Info: Redefining portuges shorthand "|
(babel)             in language  on input line 591.
[27 <./fig06-eps-converted-to.pdf>]
Package epstopdf Info: Source file: <fig07.eps>
(epstopdf)                    date: 2017-05-02 20:09:34
(epstopdf)                    size: 3956 bytes
(epstopdf)             Output file: <fig07-eps-converted-to.pdf>
(epstopdf)                    date: 2017-05-02 20:10:54
(epstopdf)                    size: 4500 bytes
(epstopdf)             Command: <repstopdf --outfile=fig07-eps-converted-to.pdf
 fig07.eps>
(epstopdf)             \includegraphics on input line 597.
Package epstopdf Info: Output file is already uptodate.
<fig07-eps-converted-to.pdf, id=167, 212.795pt x 204.765pt>
File: fig07-eps-converted-to.pdf Graphic file (type pdf)
<use fig07-eps-converted-to.pdf>
Package pdftex.def Info: fig07-eps-converted-to.pdf  used on input line 597.
(pdftex.def)             Requested size: 177.4218pt x 170.71652pt.

Overfull \hbox (16.6667pt too wide) has occurred while \output is active
[][] 
 []

Package babel Info: Redefining portuges shorthand "|
(babel)             in language  on input line 600.
Package babel Info: Redefining portuges shorthand "|
(babel)             in language  on input line 600.
[28 <./fig07-eps-converted-to.pdf>]
Overfull \hbox (16.6667pt too wide) has occurred while \output is active
[][] 
 []

Package babel Info: Redefining portuges shorthand "|
(babel)             in language  on input line 609.
Package babel Info: Redefining portuges shorthand "|
(babel)             in language  on input line 609.
[29]
Overfull \hbox (16.6667pt too wide) has occurred while \output is active
[][] 
 []

Package babel Info: Redefining portuges shorthand "|
(babel)             in language  on input line 620.
Package babel Info: Redefining portuges shorthand "|
(babel)             in language  on input line 620.
[30]
Package epstopdf Info: Source file: <fig08.eps>
(epstopdf)                    date: 2017-05-05 20:09:58
(epstopdf)                    size: 7260 bytes
(epstopdf)             Output file: <fig08-eps-converted-to.pdf>
(epstopdf)                    date: 2017-05-05 20:21:44
(epstopdf)                    size: 5637 bytes
(epstopdf)             Command: <repstopdf --outfile=fig08-eps-converted-to.pdf
 fig08.eps>
(epstopdf)             \includegraphics on input line 625.
Package epstopdf Info: Output file is already uptodate.
<fig08-eps-converted-to.pdf, id=185, 388.45125pt x 331.2375pt>
File: fig08-eps-converted-to.pdf Graphic file (type pdf)
<use fig08-eps-converted-to.pdf>
Package pdftex.def Info: fig08-eps-converted-to.pdf  used on input line 625.
(pdftex.def)             Requested size: 200.19983pt x 170.71652pt.

Overfull \hbox (16.6667pt too wide) has occurred while \output is active
[][] 
 []

Package babel Info: Redefining portuges shorthand "|
(babel)             in language  on input line 628.
Package babel Info: Redefining portuges shorthand "|
(babel)             in language  on input line 628.
[31 <./fig08-eps-converted-to.pdf>]
Overfull \hbox (16.6667pt too wide) has occurred while \output is active
[][] 
 []

Package babel Info: Redefining portuges shorthand "|
(babel)             in language  on input line 632.
Package babel Info: Redefining portuges shorthand "|
(babel)             in language  on input line 632.
[32]
Overfull \hbox (16.6667pt too wide) has occurred while \output is active
[][] 
 []

Package babel Info: Redefining portuges shorthand "|
(babel)             in language  on input line 641.
Package babel Info: Redefining portuges shorthand "|
(babel)             in language  on input line 641.
[33]
Overfull \hbox (16.6667pt too wide) has occurred while \output is active
[][] 
 []

Package babel Info: Redefining portuges shorthand "|
(babel)             in language  on input line 645.
Package babel Info: Redefining portuges shorthand "|
(babel)             in language  on input line 645.
[34]
Overfull \hbox (16.6667pt too wide) has occurred while \output is active
[][] 
 []

Package babel Info: Redefining portuges shorthand "|
(babel)             in language  on input line 658.
Package babel Info: Redefining portuges shorthand "|
(babel)             in language  on input line 658.
[35]
Overfull \hbox (16.6667pt too wide) has occurred while \output is active
[][] 
 []

Package babel Info: Redefining portuges shorthand "|
(babel)             in language  on input line 673.
Package babel Info: Redefining portuges shorthand "|
(babel)             in language  on input line 673.
[36]
Overfull \hbox (16.6667pt too wide) has occurred while \output is active
[][] 
 []

Package babel Info: Redefining portuges shorthand "|
(babel)             in language  on input line 680.
Package babel Info: Redefining portuges shorthand "|
(babel)             in language  on input line 680.
[37]
Overfull \hbox (16.6667pt too wide) has occurred while \output is active
[][] 
 []

Package babel Info: Redefining portuges shorthand "|
(babel)             in language  on input line 706.
Package babel Info: Redefining portuges shorthand "|
(babel)             in language  on input line 706.
[38]
Overfull \hbox (16.6667pt too wide) has occurred while \output is active
[][] 
 []

Package babel Info: Redefining portuges shorthand "|
(babel)             in language  on input line 731.
Package babel Info: Redefining portuges shorthand "|
(babel)             in language  on input line 731.
[39]
Overfull \hbox (16.6667pt too wide) has occurred while \output is active
[][] 
 []

Package babel Info: Redefining portuges shorthand "|
(babel)             in language  on input line 756.
Package babel Info: Redefining portuges shorthand "|
(babel)             in language  on input line 756.
[40]
Overfull \hbox (16.6667pt too wide) has occurred while \output is active
[][] 
 []

Package babel Info: Redefining portuges shorthand "|
(babel)             in language  on input line 782.
Package babel Info: Redefining portuges shorthand "|
(babel)             in language  on input line 782.
[41]
Overfull \hbox (16.6667pt too wide) has occurred while \output is active
[][] 
 []

Package babel Info: Redefining portuges shorthand "|
(babel)             in language  on input line 806.
Package babel Info: Redefining portuges shorthand "|
(babel)             in language  on input line 806.
[42]
Overfull \hbox (16.6667pt too wide) has occurred while \output is active
[][] 
 []

Package babel Info: Redefining portuges shorthand "|
(babel)             in language  on input line 835.
Package babel Info: Redefining portuges shorthand "|
(babel)             in language  on input line 835.
[43]
Overfull \hbox (16.6667pt too wide) has occurred while \output is active
[][] 
 []

Package babel Info: Redefining portuges shorthand "|
(babel)             in language  on input line 839.
Package babel Info: Redefining portuges shorthand "|
(babel)             in language  on input line 839.
[44]
Overfull \hbox (16.6667pt too wide) has occurred while \output is active
[][] 
 []

Package babel Info: Redefining portuges shorthand "|
(babel)             in language  on input line 849.
Package babel Info: Redefining portuges shorthand "|
(babel)             in language  on input line 849.
[45]
Overfull \hbox (16.6667pt too wide) has occurred while \output is active
[][] 
 []

Package babel Info: Redefining portuges shorthand "|
(babel)             in language  on input line 858.
Package babel Info: Redefining portuges shorthand "|
(babel)             in language  on input line 858.
[46]
Overfull \hbox (16.6667pt too wide) has occurred while \output is active
[][] 
 []

Package babel Info: Redefining portuges shorthand "|
(babel)             in language  on input line 870.
Package babel Info: Redefining portuges shorthand "|
(babel)             in language  on input line 870.
[47]
Overfull \hbox (16.6667pt too wide) has occurred while \output is active
[][] 
 []

Package babel Info: Redefining portuges shorthand "|
(babel)             in language  on input line 898.
Package babel Info: Redefining portuges shorthand "|
(babel)             in language  on input line 898.
[48]
Overfull \hbox (16.6667pt too wide) has occurred while \output is active
[][] 
 []

Package babel Info: Redefining portuges shorthand "|
(babel)             in language  on input line 902.
Package babel Info: Redefining portuges shorthand "|
(babel)             in language  on input line 902.
[49]
Overfull \hbox (16.6667pt too wide) has occurred while \output is active
[][] 
 []

Package babel Info: Redefining portuges shorthand "|
(babel)             in language  on input line 910.
Package babel Info: Redefining portuges shorthand "|
(babel)             in language  on input line 910.
[50]
Overfull \hbox (16.6667pt too wide) has occurred while \output is active
[][] 
 []

Package babel Info: Redefining portuges shorthand "|
(babel)             in language  on input line 917.
Package babel Info: Redefining portuges shorthand "|
(babel)             in language  on input line 917.
[51]
Overfull \hbox (16.6667pt too wide) has occurred while \output is active
[][] 
 []

Package babel Info: Redefining portuges shorthand "|
(babel)             in language  on input line 921.
Package babel Info: Redefining portuges shorthand "|
(babel)             in language  on input line 921.
[52]
Package epstopdf Info: Source file: <fig09.eps>
(epstopdf)                    date: 2020-05-08 11:37:14
(epstopdf)                    size: 9332 bytes
(epstopdf)             Output file: <fig09-eps-converted-to.pdf>
(epstopdf)                    date: 2020-05-08 11:37:20
(epstopdf)                    size: 6478 bytes
(epstopdf)             Command: <repstopdf --outfile=fig09-eps-converted-to.pdf
 fig09.eps>
(epstopdf)             \includegraphics on input line 926.
Package epstopdf Info: Output file is already uptodate.


pdfTeX warning: pdflatex (file ./fig09-eps-converted-to.pdf): PDF inclusion: fo
und PDF version <1.7>, but at most version <1.5> allowed
<fig09-eps-converted-to.pdf, id=284, 681.54625pt x 531.9875pt>
File: fig09-eps-converted-to.pdf Graphic file (type pdf)
<use fig09-eps-converted-to.pdf>
Package pdftex.def Info: fig09-eps-converted-to.pdf  used on input line 926.
(pdftex.def)             Requested size: 325.0pt x 253.6789pt.

Overfull \hbox (16.6667pt too wide) has occurred while \output is active
[][] 
 []

Package babel Info: Redefining portuges shorthand "|
(babel)             in language  on input line 928.
Package babel Info: Redefining portuges shorthand "|
(babel)             in language  on input line 928.
[53 <./fig09-eps-converted-to.pdf>]
Overfull \hbox (16.6667pt too wide) has occurred while \output is active
[][] 
 []

Package babel Info: Redefining portuges shorthand "|
(babel)             in language  on input line 941.
Package babel Info: Redefining portuges shorthand "|
(babel)             in language  on input line 941.
[54]
Overfull \hbox (16.6667pt too wide) has occurred while \output is active
[][] 
 []

Package babel Info: Redefining portuges shorthand "|
(babel)             in language  on input line 952.
Package babel Info: Redefining portuges shorthand "|
(babel)             in language  on input line 952.
[55]
Overfull \hbox (16.6667pt too wide) has occurred while \output is active
[][] 
 []

Package babel Info: Redefining portuges shorthand "|
(babel)             in language  on input line 968.
Package babel Info: Redefining portuges shorthand "|
(babel)             in language  on input line 968.
[56]
Overfull \hbox (16.6667pt too wide) has occurred while \output is active
[][] 
 []

Package babel Info: Redefining portuges shorthand "|
(babel)             in language  on input line 984.
Package babel Info: Redefining portuges shorthand "|
(babel)             in language  on input line 984.
[57]
Overfull \hbox (16.6667pt too wide) has occurred while \output is active
[][] 
 []

Package babel Info: Redefining portuges shorthand "|
(babel)             in language  on input line 994.
Package babel Info: Redefining portuges shorthand "|
(babel)             in language  on input line 994.
[58]
Overfull \hbox (16.6667pt too wide) has occurred while \output is active
[][] 
 []

Package babel Info: Redefining portuges shorthand "|
(babel)             in language  on input line 1012.
Package babel Info: Redefining portuges shorthand "|
(babel)             in language  on input line 1012.
[59]
Overfull \hbox (16.6667pt too wide) has occurred while \output is active
[][] 
 []

Package babel Info: Redefining portuges shorthand "|
(babel)             in language  on input line 1038.
Package babel Info: Redefining portuges shorthand "|
(babel)             in language  on input line 1038.
[60]
Overfull \hbox (16.6667pt too wide) has occurred while \output is active
[][] 
 []

Package babel Info: Redefining portuges shorthand "|
(babel)             in language  on input line 1044.
Package babel Info: Redefining portuges shorthand "|
(babel)             in language  on input line 1044.
[61]
Overfull \hbox (16.6667pt too wide) has occurred while \output is active
[][] 
 []

Package babel Info: Redefining portuges shorthand "|
(babel)             in language  on input line 1051.
Package babel Info: Redefining portuges shorthand "|
(babel)             in language  on input line 1051.
[62]
Overfull \hbox (16.6667pt too wide) has occurred while \output is active
[][] 
 []

Package babel Info: Redefining portuges shorthand "|
(babel)             in language  on input line 1060.
Package babel Info: Redefining portuges shorthand "|
(babel)             in language  on input line 1060.
[63]
Overfull \hbox (16.6667pt too wide) has occurred while \output is active
[][] 
 []

Package babel Info: Redefining portuges shorthand "|
(babel)             in language  on input line 1067.
Package babel Info: Redefining portuges shorthand "|
(babel)             in language  on input line 1067.
[64]
Overfull \hbox (16.6667pt too wide) has occurred while \output is active
[][] 
 []

Package babel Info: Redefining portuges shorthand "|
(babel)             in language  on input line 1072.
Package babel Info: Redefining portuges shorthand "|
(babel)             in language  on input line 1072.
[65]
Overfull \hbox (16.6667pt too wide) has occurred while \output is active
[][] 
 []

Package babel Info: Redefining portuges shorthand "|
(babel)             in language  on input line 1076.
Package babel Info: Redefining portuges shorthand "|
(babel)             in language  on input line 1076.
[66]
0 minutes
Package atveryend Info: Empty hook `BeforeClearDocument' on input line 1077.
Package atveryend Info: Empty hook `AfterLastShipout' on input line 1077.
(./aula13.aux)
Package atveryend Info: Executing hook `AtVeryEndDocument' on input line 1077.
Package atveryend Info: Executing hook `AtEndAfterFileList' on input line 1077.

Package rerunfilecheck Info: File `aula13.out' has not changed.
(rerunfilecheck)             Checksum: D41D8CD98F00B204E9800998ECF8427E;0.


LaTeX Font Warning: Size substitutions with differences
(Font)              up to 0.41pt have occurred.

Package atveryend Info: Empty hook `AtVeryVeryEnd' on input line 1077.
 ) 
Here is how much of TeX's memory you used:
 18348 strings out of 492982
 333662 string characters out of 6134897
 396052 words of memory out of 5000000
 21439 multiletter control sequences out of 15000+600000
 13871 words of font info for 41 fonts, out of 8000000 for 9000
 1141 hyphenation exceptions out of 8191
 55i,9n,54p,412b,653s stack positions out of 5000i,500n,10000p,200000b,80000s
{/usr/share/texmf/fonts/enc/dvips/cm-super/cm-super-t1.enc}</usr/share/texliv
e/texmf-dist/fonts/type1/public/amsfonts/cm/cmmi8.pfb></usr/share/texlive/texmf
-dist/fonts/type1/public/amsfonts/cm/cmsy8.pfb></usr/share/texlive/texmf-dist/f
onts/type1/public/amsfonts/latxfont/lcmss8.pfb></usr/share/texlive/texmf-dist/f
onts/type1/public/amsfonts/symbols/msam10.pfb></usr/share/texmf/fonts/type1/pub
lic/cm-super/sflb8.pfb></usr/share/texmf/fonts/type1/public/cm-super/sfli8.pfb>
</usr/share/texmf/fonts/type1/public/cm-super/sflq8.pfb></usr/share/texmf/fonts
/type1/public/cm-super/sfltt8.pfb>
Output written on aula13.pdf (66 pages, 213354 bytes).
PDF statistics:
 394 PDF objects out of 1000 (max. 8388607)
 298 compressed objects within 3 object streams
 71 named destinations out of 1000 (max. 500000)
 58 words of extra memory for PDF output out of 10000 (max. 10000000)

