This is pdfTeX, Version 3.14159265-2.6-1.40.18 (TeX Live 2017/Debian) (preloaded format=pdflatex 2019.3.3)  18 MAY 2020 13:02
entering extended mode
 restricted \write18 enabled.
 %&-line parsing enabled.
**algoritmos_cgm3.tex
(./algoritmos_cgm3.tex
LaTeX2e <2017-04-15>
Babel <3.18> and hyphenation patterns for 84 language(s) loaded.
(/usr/share/texlive/texmf-dist/tex/latex/base/slides.cls
Document Class: slides 2016/03/29 v2.4a Standard LaTeX document class
(/usr/share/texlive/texmf-dist/tex/latex/base/slides.def
File: slides.def 2016/03/29 v2.4a SLiTeX definitions
 hacks, slides,
\c@page=\count79

picture, mods,
\@smashboxa=\box26
\@smashboxb=\box27
\@smashboxc=\box28
 output, init)
(/usr/share/texlive/texmf-dist/tex/latex/base/sfonts.def
File: sfonts.def 1998/06/12 v2.2e Standard LaTeX slide font definitions

(/usr/share/texlive/texmf-dist/tex/latex/base/ot1lcmss.fd
File: ot1lcmss.fd 1998/06/12 v2.2e Standard LaTeX slide font definitions
))
\c@minutes=\count80
\c@seconds=\count81
\c@mv@invisible=\count82
LaTeX Font Info:    Overwriting symbol font `operators' in version `normal'
(Font)                  OT1/cmr/m/n --> OT1/lcmss/m/n on input line 359.
LaTeX Font Info:    Overwriting symbol font `letters' in version `normal'
(Font)                  OML/cmm/m/it --> OML/lcmm/m/it on input line 362.
LaTeX Font Info:    Overwriting symbol font `symbols' in version `normal'
(Font)                  OMS/cmsy/m/n --> OMS/lcmsy/m/n on input line 364.
LaTeX Font Info:    Overwriting symbol font `largesymbols' in version `normal'
(Font)                  OMX/cmex/m/n --> OMX/lcmex/m/n on input line 366.
LaTeX Font Info:    Overwriting symbol font `operators' in version `invisible'
(Font)                  OT1/cmr/m/n --> OT1/lcmss/m/In on input line 369.
LaTeX Font Info:    Overwriting symbol font `letters' in version `invisible'
(Font)                  OML/cmm/m/it --> OML/lcmm/m/Iit on input line 371.
LaTeX Font Info:    Overwriting symbol font `symbols' in version `invisible'
(Font)                  OMS/cmsy/m/n --> OMS/lcmsy/m/In on input line 373.
LaTeX Font Info:    Overwriting symbol font `largesymbols' in version `invisibl
e'
(Font)                  OMX/cmex/m/n --> OMX/lcmex/m/In on input line 375.
)
(/usr/share/texlive/texmf-dist/tex/generic/babel/babel.sty
Package: babel 2018/02/14 3.18 The Babel package

(/usr/share/texlive/texmf-dist/tex/generic/babel/switch.def
File: switch.def 2018/02/14 3.18 Babel switching mechanism
)
(/usr/share/texlive/texmf-dist/tex/generic/babel-portuges/portuges.ldf
Language: portuges 2008/03/18 v1.2q Portuguese support from the babel system

(/usr/share/texlive/texmf-dist/tex/generic/babel/babel.def
File: babel.def 2018/02/14 3.18 Babel common definitions
\babel@savecnt=\count83
\U@D=\dimen102

(/usr/share/texlive/texmf-dist/tex/generic/babel/txtbabel.def)
\bbl@dirlevel=\count84
)
\l@brazil = a dialect from \language\l@portuges 
Package babel Info: Making " an active character on input line 145.
))
(/usr/share/texlive/texmf-dist/tex/latex/base/inputenc.sty
Package: inputenc 2015/03/17 v1.2c Input encoding file
\inpenc@prehook=\toks14
\inpenc@posthook=\toks15

(/usr/share/texlive/texmf-dist/tex/latex/base/latin1.def
File: latin1.def 2015/03/17 v1.2c Input encoding file
))
(/usr/share/texlive/texmf-dist/tex/latex/base/textcomp.sty
Package: textcomp 2017/04/05 v2.0i Standard LaTeX package
Package textcomp Info: Sub-encoding information:
(textcomp)               5 = only ISO-Adobe without \textcurrency
(textcomp)               4 = 5 + \texteuro
(textcomp)               3 = 4 + \textohm
(textcomp)               2 = 3 + \textestimated + \textcurrency
(textcomp)               1 = TS1 - \textcircled - \t
(textcomp)               0 = TS1 (full)
(textcomp)             Font families with sub-encoding setting implement
(textcomp)             only a restricted character set as indicated.
(textcomp)             Family '?' is the default used for unknown fonts.
(textcomp)             See the documentation for details.
Package textcomp Info: Setting ? sub-encoding to TS1/1 on input line 79.

(/usr/share/texlive/texmf-dist/tex/latex/base/ts1enc.def
File: ts1enc.def 2001/06/05 v3.0e (jk/car/fm) Standard LaTeX file
)
LaTeX Info: Redefining \oldstylenums on input line 334.
Package textcomp Info: Setting cmr sub-encoding to TS1/0 on input line 349.
Package textcomp Info: Setting cmss sub-encoding to TS1/0 on input line 350.
Package textcomp Info: Setting cmtt sub-encoding to TS1/0 on input line 351.
Package textcomp Info: Setting cmvtt sub-encoding to TS1/0 on input line 352.
Package textcomp Info: Setting cmbr sub-encoding to TS1/0 on input line 353.
Package textcomp Info: Setting cmtl sub-encoding to TS1/0 on input line 354.
Package textcomp Info: Setting ccr sub-encoding to TS1/0 on input line 355.
Package textcomp Info: Setting ptm sub-encoding to TS1/4 on input line 356.
Package textcomp Info: Setting pcr sub-encoding to TS1/4 on input line 357.
Package textcomp Info: Setting phv sub-encoding to TS1/4 on input line 358.
Package textcomp Info: Setting ppl sub-encoding to TS1/3 on input line 359.
Package textcomp Info: Setting pag sub-encoding to TS1/4 on input line 360.
Package textcomp Info: Setting pbk sub-encoding to TS1/4 on input line 361.
Package textcomp Info: Setting pnc sub-encoding to TS1/4 on input line 362.
Package textcomp Info: Setting pzc sub-encoding to TS1/4 on input line 363.
Package textcomp Info: Setting bch sub-encoding to TS1/4 on input line 364.
Package textcomp Info: Setting put sub-encoding to TS1/5 on input line 365.
Package textcomp Info: Setting uag sub-encoding to TS1/5 on input line 366.
Package textcomp Info: Setting ugq sub-encoding to TS1/5 on input line 367.
Package textcomp Info: Setting ul8 sub-encoding to TS1/4 on input line 368.
Package textcomp Info: Setting ul9 sub-encoding to TS1/4 on input line 369.
Package textcomp Info: Setting augie sub-encoding to TS1/5 on input line 370.
Package textcomp Info: Setting dayrom sub-encoding to TS1/3 on input line 371.
Package textcomp Info: Setting dayroms sub-encoding to TS1/3 on input line 372.

Package textcomp Info: Setting pxr sub-encoding to TS1/0 on input line 373.
Package textcomp Info: Setting pxss sub-encoding to TS1/0 on input line 374.
Package textcomp Info: Setting pxtt sub-encoding to TS1/0 on input line 375.
Package textcomp Info: Setting txr sub-encoding to TS1/0 on input line 376.
Package textcomp Info: Setting txss sub-encoding to TS1/0 on input line 377.
Package textcomp Info: Setting txtt sub-encoding to TS1/0 on input line 378.
Package textcomp Info: Setting lmr sub-encoding to TS1/0 on input line 379.
Package textcomp Info: Setting lmdh sub-encoding to TS1/0 on input line 380.
Package textcomp Info: Setting lmss sub-encoding to TS1/0 on input line 381.
Package textcomp Info: Setting lmssq sub-encoding to TS1/0 on input line 382.
Package textcomp Info: Setting lmvtt sub-encoding to TS1/0 on input line 383.
Package textcomp Info: Setting lmtt sub-encoding to TS1/0 on input line 384.
Package textcomp Info: Setting qhv sub-encoding to TS1/0 on input line 385.
Package textcomp Info: Setting qag sub-encoding to TS1/0 on input line 386.
Package textcomp Info: Setting qbk sub-encoding to TS1/0 on input line 387.
Package textcomp Info: Setting qcr sub-encoding to TS1/0 on input line 388.
Package textcomp Info: Setting qcs sub-encoding to TS1/0 on input line 389.
Package textcomp Info: Setting qpl sub-encoding to TS1/0 on input line 390.
Package textcomp Info: Setting qtm sub-encoding to TS1/0 on input line 391.
Package textcomp Info: Setting qzc sub-encoding to TS1/0 on input line 392.
Package textcomp Info: Setting qhvc sub-encoding to TS1/0 on input line 393.
Package textcomp Info: Setting futs sub-encoding to TS1/4 on input line 394.
Package textcomp Info: Setting futx sub-encoding to TS1/4 on input line 395.
Package textcomp Info: Setting futj sub-encoding to TS1/4 on input line 396.
Package textcomp Info: Setting hlh sub-encoding to TS1/3 on input line 397.
Package textcomp Info: Setting hls sub-encoding to TS1/3 on input line 398.
Package textcomp Info: Setting hlst sub-encoding to TS1/3 on input line 399.
Package textcomp Info: Setting hlct sub-encoding to TS1/5 on input line 400.
Package textcomp Info: Setting hlx sub-encoding to TS1/5 on input line 401.
Package textcomp Info: Setting hlce sub-encoding to TS1/5 on input line 402.
Package textcomp Info: Setting hlcn sub-encoding to TS1/5 on input line 403.
Package textcomp Info: Setting hlcw sub-encoding to TS1/5 on input line 404.
Package textcomp Info: Setting hlcf sub-encoding to TS1/5 on input line 405.
Package textcomp Info: Setting pplx sub-encoding to TS1/3 on input line 406.
Package textcomp Info: Setting pplj sub-encoding to TS1/3 on input line 407.
Package textcomp Info: Setting ptmx sub-encoding to TS1/4 on input line 408.
Package textcomp Info: Setting ptmj sub-encoding to TS1/4 on input line 409.
)
(/usr/share/texlive/texmf-dist/tex/latex/base/fontenc.sty
Package: fontenc 2017/04/05 v2.0i Standard LaTeX package

(/usr/share/texlive/texmf-dist/tex/latex/base/t1enc.def
File: t1enc.def 2017/04/05 v2.0i Standard LaTeX file
LaTeX Font Info:    Redeclaring font encoding T1 on input line 48.
)
LaTeX Font Info:    Try loading font information for T1+lcmss on input line 105
.

(/usr/share/texlive/texmf-dist/tex/latex/base/t1lcmss.fd
File: t1lcmss.fd 1998/06/12 v2.2e Standard LaTeX slide font definitions
))
(/usr/share/texlive/texmf-dist/tex/latex/multirow/multirow.sty
Package: multirow 2016/11/25 v2.2 Span multiple rows of a table
\multirow@colwidth=\skip41
\multirow@cntb=\count85
\multirow@dima=\skip42
\bigstrutjot=\dimen103
)
(/usr/share/texlive/texmf-dist/tex/latex/graphics/graphicx.sty
Package: graphicx 2017/06/01 v1.1a Enhanced LaTeX Graphics (DPC,SPQR)

(/usr/share/texlive/texmf-dist/tex/latex/graphics/keyval.sty
Package: keyval 2014/10/28 v1.15 key=value parser (DPC)
\KV@toks@=\toks16
)
(/usr/share/texlive/texmf-dist/tex/latex/graphics/graphics.sty
Package: graphics 2017/06/25 v1.2c Standard LaTeX Graphics (DPC,SPQR)

(/usr/share/texlive/texmf-dist/tex/latex/graphics/trig.sty
Package: trig 2016/01/03 v1.10 sin cos tan (DPC)
)
(/usr/share/texlive/texmf-dist/tex/latex/graphics-cfg/graphics.cfg
File: graphics.cfg 2016/06/04 v1.11 sample graphics configuration
)
Package graphics Info: Driver file: pdftex.def on input line 99.

(/usr/share/texlive/texmf-dist/tex/latex/graphics-def/pdftex.def
File: pdftex.def 2018/01/08 v1.0l Graphics/color driver for pdftex
))
\Gin@req@height=\dimen104
\Gin@req@width=\dimen105
)
(/usr/share/texlive/texmf-dist/tex/latex/oberdiek/epstopdf.sty
Package: epstopdf 2016/05/15 v2.6 Conversion with epstopdf on the fly (HO)

(/usr/share/texlive/texmf-dist/tex/latex/oberdiek/epstopdf-base.sty
Package: epstopdf-base 2016/05/15 v2.6 Base part for package epstopdf

(/usr/share/texlive/texmf-dist/tex/generic/oberdiek/infwarerr.sty
Package: infwarerr 2016/05/16 v1.4 Providing info/warning/error messages (HO)
)
(/usr/share/texlive/texmf-dist/tex/latex/oberdiek/grfext.sty
Package: grfext 2016/05/16 v1.2 Manage graphics extensions (HO)

(/usr/share/texlive/texmf-dist/tex/generic/oberdiek/kvdefinekeys.sty
Package: kvdefinekeys 2016/05/16 v1.4 Define keys (HO)

(/usr/share/texlive/texmf-dist/tex/generic/oberdiek/ltxcmds.sty
Package: ltxcmds 2016/05/16 v1.23 LaTeX kernel commands for general use (HO)
)))
(/usr/share/texlive/texmf-dist/tex/latex/oberdiek/kvoptions.sty
Package: kvoptions 2016/05/16 v3.12 Key value format for package options (HO)

(/usr/share/texlive/texmf-dist/tex/generic/oberdiek/kvsetkeys.sty
Package: kvsetkeys 2016/05/16 v1.17 Key value parser (HO)

(/usr/share/texlive/texmf-dist/tex/generic/oberdiek/etexcmds.sty
Package: etexcmds 2016/05/16 v1.6 Avoid name clashes with e-TeX commands (HO)

(/usr/share/texlive/texmf-dist/tex/generic/oberdiek/ifluatex.sty
Package: ifluatex 2016/05/16 v1.4 Provides the ifluatex switch (HO)
Package ifluatex Info: LuaTeX not detected.
)
Package etexcmds Info: Could not find \expanded.
(etexcmds)             That can mean that you are not using pdfTeX 1.50 or
(etexcmds)             that some package has redefined \expanded.
(etexcmds)             In the latter case, load this package earlier.
)))
(/usr/share/texlive/texmf-dist/tex/generic/oberdiek/pdftexcmds.sty
Package: pdftexcmds 2018/01/21 v0.26 Utility functions of pdfTeX for LuaTeX (HO
)

(/usr/share/texlive/texmf-dist/tex/generic/oberdiek/ifpdf.sty
Package: ifpdf 2017/03/15 v3.2 Provides the ifpdf switch
)
Package pdftexcmds Info: LuaTeX not detected.
Package pdftexcmds Info: \pdf@primitive is available.
Package pdftexcmds Info: \pdf@ifprimitive is available.
Package pdftexcmds Info: \pdfdraftmode found.
)
Package epstopdf-base Info: Redefining graphics rule for `.eps' on input line 4
38.
Package grfext Info: Graphics extension search list:
(grfext)             [.pdf,.png,.jpg,.mps,.jpeg,.jbig2,.jb2,.PDF,.PNG,.JPG,.JPE
G,.JBIG2,.JB2,.eps]
(grfext)             \AppendGraphicsExtensions on input line 456.

(/usr/share/texlive/texmf-dist/tex/latex/latexconfig/epstopdf-sys.cfg
File: epstopdf-sys.cfg 2010/07/13 v1.3 Configuration of (r)epstopdf for TeX Liv
e
)))
(./clrscode.sty
Package: clrscode 2007/03/29 v1.7 format pseudocode
 (/usr/share/texlive/texmf-dist/tex/latex/base/latexsym.sty
Package: latexsym 1998/08/17 v2.2e Standard LaTeX package (lasy symbols)
\symlasy=\mathgroup4
LaTeX Font Info:    Overwriting symbol font `lasy' in version `bold'
(Font)                  U/lasy/m/n --> U/lasy/b/n on input line 52.
)
\c@codelinenumber=\count86
\c@indent=\count87
\digitwidth=\skip43
\savecode=\box29
\codeboxwidth=\skip44
\c@thisindent=\count88
)
(/usr/share/texlive/texmf-dist/tex/latex/algorithms/algorithm.sty
Package: algorithm 2009/08/24 v0.1 Document Style `algorithm' - floating enviro
nment

(/usr/share/texlive/texmf-dist/tex/latex/float/float.sty
Package: float 2001/11/08 v1.3d Float enhancements (AL)
\c@float@type=\count89
\float@exts=\toks17
\float@box=\box30
\@float@everytoks=\toks18
\@floatcapt=\box31
)
(/usr/share/texlive/texmf-dist/tex/latex/base/ifthen.sty
Package: ifthen 2014/09/29 v1.1c Standard LaTeX ifthen package (DPC)
)
\@float@every@algorithm=\toks19
\c@algorithm=\count90
)
(/usr/share/texlive/texmf-dist/tex/latex/tools/multicol.sty
Package: multicol 2017/04/11 v1.8q multicolumn formatting (FMi)
\c@tracingmulticols=\count91
\mult@box=\box32
\multicol@leftmargin=\dimen106
\c@unbalance=\count92
\c@collectmore=\count93
\doublecol@number=\count94
\multicoltolerance=\count95
\multicolpretolerance=\count96
\full@width=\dimen107
\page@free=\dimen108
\premulticols=\dimen109
\postmulticols=\dimen110
\multicolsep=\skip45
\multicolbaselineskip=\skip46
\partial@page=\box33
\last@line=\box34
\maxbalancingoverflow=\dimen111
\mult@rightbox=\box35
\mult@grightbox=\box36
\mult@gfirstbox=\box37
\mult@firstbox=\box38
\@tempa=\box39
\@tempa=\box40
\@tempa=\box41
\@tempa=\box42
\@tempa=\box43
\@tempa=\box44
\@tempa=\box45
\@tempa=\box46
\@tempa=\box47
\@tempa=\box48
\@tempa=\box49
\@tempa=\box50
\@tempa=\box51
\@tempa=\box52
\@tempa=\box53
\@tempa=\box54
\@tempa=\box55
\c@columnbadness=\count97
\c@finalcolumnbadness=\count98
\last@try=\dimen112
\multicolovershoot=\dimen113
\multicolundershoot=\dimen114
\mult@nat@firstbox=\box56
\colbreak@box=\box57
\mc@col@check@num=\count99
)
(/usr/share/texlive/texmf-dist/tex/latex/psfrag/psfrag.sty
Package: psfrag 1998/04/11 v3.04 PSfrag (MCG)
\pfg@pcount=\count100
\pfg@scount=\count101
\pfg@temp=\write3
)
(/usr/share/texlive/texmf-dist/tex/latex/adjustbox/adjustbox.sty
Package: adjustbox 2012/05/21 v1.0 Adjusting TeX boxes (trim, clip, ...)

(/usr/share/texlive/texmf-dist/tex/latex/xkeyval/xkeyval.sty
Package: xkeyval 2014/12/03 v2.7a package option processing (HA)

(/usr/share/texlive/texmf-dist/tex/generic/xkeyval/xkeyval.tex
(/usr/share/texlive/texmf-dist/tex/generic/xkeyval/xkvutils.tex
\XKV@toks=\toks20
\XKV@tempa@toks=\toks21
)
\XKV@depth=\count102
File: xkeyval.tex 2014/12/03 v2.7a key=value parser (HA)
))
(/usr/share/texlive/texmf-dist/tex/latex/adjustbox/adjcalc.sty
Package: adjcalc 2012/05/16 v1.1 Provides advanced setlength with multiple back
-ends (calc, etex, pgfmath)
)
(/usr/share/texlive/texmf-dist/tex/latex/adjustbox/trimclip.sty
Package: trimclip 2012/05/16 v1.0 Trim and clip general TeX material

(/usr/share/texlive/texmf-dist/tex/latex/collectbox/collectbox.sty
Package: collectbox 2012/05/17 v0.4b Collect macro arguments as boxes
\collectedbox=\box58
)
\tc@llx=\dimen115
\tc@lly=\dimen116
\tc@urx=\dimen117
\tc@ury=\dimen118
Package trimclip Info: Using driver 'tc-pdftex.def'.

(/usr/share/texlive/texmf-dist/tex/latex/adjustbox/tc-pdftex.def
File: tc-pdftex.def 2012/05/13 v1.0 Clipping driver for pdftex
))
\adjbox@Width=\dimen119
\adjbox@Height=\dimen120
\adjbox@Depth=\dimen121
\adjbox@Totalheight=\dimen122

(/usr/share/texlive/texmf-dist/tex/latex/ifoddpage/ifoddpage.sty
Package: ifoddpage 2016/04/23 v1.1 Conditionals for odd/even page detection
\c@checkoddpage=\count103
)
(/usr/share/texlive/texmf-dist/tex/latex/varwidth/varwidth.sty
Package: varwidth 2009/03/30 ver 0.92;  Variable-width minipages
\@vwid@box=\box59
\sift@deathcycles=\count104
\@vwid@loff=\dimen123
\@vwid@roff=\dimen124
))
(/usr/share/texlive/texmf-dist/tex/latex/tools/tabularx.sty
Package: tabularx 2016/02/03 v2.11 `tabularx' package (DPC)

(/usr/share/texlive/texmf-dist/tex/latex/tools/array.sty
Package: array 2016/10/06 v2.4d Tabular extension package (FMi)
\col@sep=\dimen125
\extrarowheight=\dimen126
\NC@list=\toks22
\extratabsurround=\skip47
\backup@length=\skip48
)
\TX@col@width=\dimen127
\TX@old@table=\dimen128
\TX@old@col=\dimen129
\TX@target=\dimen130
\TX@delta=\dimen131
\TX@cols=\count105
\TX@ftn=\toks23
) (./shi.sty

LaTeX Warning: You have requested package `shi',
               but the package provides `aszfolie'.

Package: aszfolie 
(/usr/share/texlive/texmf-dist/tex/latex/graphics/color.sty
Package: color 2016/07/10 v1.1e Standard LaTeX Color (DPC)

(/usr/share/texlive/texmf-dist/tex/latex/graphics-cfg/color.cfg
File: color.cfg 2016/01/02 v1.6 sample color configuration
)
Package color Info: Driver file: pdftex.def on input line 147.
)
(/usr/share/texlive/texmf-dist/tex/latex/tools/calc.sty
Package: calc 2014/10/28 v4.3 Infix arithmetic (KKT,FJ)
\calc@Acount=\count106
\calc@Bcount=\count107
\calc@Adimen=\dimen132
\calc@Bdimen=\dimen133
\calc@Askip=\skip49
\calc@Bskip=\skip50
LaTeX Info: Redefining \setlength on input line 80.
LaTeX Info: Redefining \addtolength on input line 81.
\calc@Ccount=\count108
\calc@Cskip=\skip51
)
\asz@logo=\box60
\slidetitleskip=\skip52
)
(/usr/share/texlive/texmf-dist/tex/latex/amsmath/amsmath.sty
Package: amsmath 2017/09/02 v2.17a AMS math features
\@mathmargin=\skip53

For additional information on amsmath, use the `?' option.
(/usr/share/texlive/texmf-dist/tex/latex/amsmath/amstext.sty
Package: amstext 2000/06/29 v2.01 AMS text

(/usr/share/texlive/texmf-dist/tex/latex/amsmath/amsgen.sty
File: amsgen.sty 1999/11/30 v2.0 generic functions
\@emptytoks=\toks24
\ex@=\dimen134
))
(/usr/share/texlive/texmf-dist/tex/latex/amsmath/amsbsy.sty
Package: amsbsy 1999/11/29 v1.2d Bold Symbols
\pmbraise@=\dimen135
)
(/usr/share/texlive/texmf-dist/tex/latex/amsmath/amsopn.sty
Package: amsopn 2016/03/08 v2.02 operator names
)
\inf@bad=\count109
LaTeX Info: Redefining \frac on input line 213.
\uproot@=\count110
\leftroot@=\count111
LaTeX Info: Redefining \overline on input line 375.
\classnum@=\count112
\DOTSCASE@=\count113
LaTeX Info: Redefining \ldots on input line 472.
LaTeX Info: Redefining \dots on input line 475.
LaTeX Info: Redefining \cdots on input line 596.
\Mathstrutbox@=\box61
\strutbox@=\box62
\big@size=\dimen136
LaTeX Font Info:    Redeclaring font encoding OML on input line 712.
LaTeX Font Info:    Redeclaring font encoding OMS on input line 713.
\macc@depth=\count114
\c@MaxMatrixCols=\count115
\dotsspace@=\muskip10
\c@parentequation=\count116
\dspbrk@lvl=\count117
\tag@help=\toks25
\row@=\count118
\column@=\count119
\maxfields@=\count120
\andhelp@=\toks26
\eqnshift@=\dimen137
\alignsep@=\dimen138
\tagshift@=\dimen139
\tagwidth@=\dimen140
\totwidth@=\dimen141
\lineht@=\dimen142
\@envbody=\toks27
\multlinegap=\skip54
\multlinetaggap=\skip55
\mathdisplay@stack=\toks28
LaTeX Info: Redefining \[ on input line 2817.
LaTeX Info: Redefining \] on input line 2818.
)
(/usr/share/texlive/texmf-dist/tex/latex/amsfonts/amssymb.sty
Package: amssymb 2013/01/14 v3.01 AMS font symbols

(/usr/share/texlive/texmf-dist/tex/latex/amsfonts/amsfonts.sty
Package: amsfonts 2013/01/14 v3.01 Basic AMSFonts support
\symAMSa=\mathgroup5
\symAMSb=\mathgroup6
LaTeX Font Info:    Overwriting math alphabet `\mathfrak' in version `bold'
(Font)                  U/euf/m/n --> U/euf/b/n on input line 106.
))
(/usr/share/texlive/texmf-dist/tex/latex/amscls/amsthm.sty
Package: amsthm 2017/10/31 v2.20.4
\thm@style=\toks29
\thm@bodyfont=\toks30
\thm@headfont=\toks31
\thm@notefont=\toks32
\thm@headpunct=\toks33
\thm@preskip=\skip56
\thm@postskip=\skip57
\thm@headsep=\skip58
\dth@everypar=\toks34
)
(/usr/share/texlive/texmf-dist/tex/latex/hyperref/hyperref.sty
Package: hyperref 2018/02/06 v6.86b Hypertext links for LaTeX

(/usr/share/texlive/texmf-dist/tex/generic/oberdiek/hobsub-hyperref.sty
Package: hobsub-hyperref 2016/05/16 v1.14 Bundle oberdiek, subset hyperref (HO)


(/usr/share/texlive/texmf-dist/tex/generic/oberdiek/hobsub-generic.sty
Package: hobsub-generic 2016/05/16 v1.14 Bundle oberdiek, subset generic (HO)
Package: hobsub 2016/05/16 v1.14 Construct package bundles (HO)
Package hobsub Info: Skipping package `infwarerr' (already loaded).
Package hobsub Info: Skipping package `ltxcmds' (already loaded).
Package hobsub Info: Skipping package `ifluatex' (already loaded).
Package: ifvtex 2016/05/16 v1.6 Detect VTeX and its facilities (HO)
Package ifvtex Info: VTeX not detected.
Package: intcalc 2016/05/16 v1.2 Expandable calculations with integers (HO)
Package hobsub Info: Skipping package `ifpdf' (already loaded).
Package hobsub Info: Skipping package `etexcmds' (already loaded).
Package hobsub Info: Skipping package `kvsetkeys' (already loaded).
Package hobsub Info: Skipping package `kvdefinekeys' (already loaded).
Package hobsub Info: Skipping package `pdftexcmds' (already loaded).
Package: pdfescape 2016/05/16 v1.14 Implements pdfTeX's escape features (HO)
Package: bigintcalc 2016/05/16 v1.4 Expandable calculations on big integers (HO
)
Package: bitset 2016/05/16 v1.2 Handle bit-vector datatype (HO)
Package: uniquecounter 2016/05/16 v1.3 Provide unlimited unique counter (HO)
)
Package hobsub Info: Skipping package `hobsub' (already loaded).
Package: letltxmacro 2016/05/16 v1.5 Let assignment for LaTeX macros (HO)
Package: hopatch 2016/05/16 v1.3 Wrapper for package hooks (HO)
Package: xcolor-patch 2016/05/16 xcolor patch
Package: atveryend 2016/05/16 v1.9 Hooks at the very end of document (HO)
Package atveryend Info: \enddocument detected (standard20110627).
Package: atbegshi 2016/06/09 v1.18 At begin shipout hook (HO)
Package: refcount 2016/05/16 v3.5 Data extraction from label references (HO)
Package: hycolor 2016/05/16 v1.8 Color options for hyperref/bookmark (HO)
)
(/usr/share/texlive/texmf-dist/tex/generic/ifxetex/ifxetex.sty
Package: ifxetex 2010/09/12 v0.6 Provides ifxetex conditional
)
(/usr/share/texlive/texmf-dist/tex/latex/oberdiek/auxhook.sty
Package: auxhook 2016/05/16 v1.4 Hooks for auxiliary files (HO)
)
\@linkdim=\dimen143
\Hy@linkcounter=\count121
\Hy@pagecounter=\count122

(/usr/share/texlive/texmf-dist/tex/latex/hyperref/pd1enc.def
File: pd1enc.def 2018/02/06 v6.86b Hyperref: PDFDocEncoding definition (HO)
)
\Hy@SavedSpaceFactor=\count123

(/usr/share/texlive/texmf-dist/tex/latex/latexconfig/hyperref.cfg
File: hyperref.cfg 2002/06/06 v1.2 hyperref configuration of TeXLive
)
Package hyperref Info: Option `colorlinks' set `true' on input line 4383.
Package hyperref Info: Hyper figures OFF on input line 4509.
Package hyperref Info: Link nesting OFF on input line 4514.
Package hyperref Info: Hyper index ON on input line 4517.
Package hyperref Info: Plain pages OFF on input line 4524.
Package hyperref Info: Backreferencing ON on input line 4527.
Package hyperref Info: Implicit mode ON; LaTeX internals redefined.
Package hyperref Info: Bookmarks ON on input line 4762.

(/usr/share/texlive/texmf-dist/tex/latex/hyperref/backref.sty
Package: backref 2016/05/21 v1.39 Bibliographical back referencing

(/usr/share/texlive/texmf-dist/tex/latex/oberdiek/rerunfilecheck.sty
Package: rerunfilecheck 2016/05/16 v1.8 Rerun checks for auxiliary files (HO)
Package uniquecounter Info: New unique counter `rerunfilecheck' on input line 2
82.
))
\c@Hy@tempcnt=\count124

(/usr/share/texlive/texmf-dist/tex/latex/url/url.sty
\Urlmuskip=\muskip11
Package: url 2013/09/16  ver 3.4  Verb mode for urls, etc.
)
LaTeX Info: Redefining \url on input line 5115.
\XeTeXLinkMargin=\dimen144
\Fld@menulength=\count125
\Field@Width=\dimen145
\Fld@charsize=\dimen146
Package hyperref Info: Hyper figures OFF on input line 6369.
Package hyperref Info: Link nesting OFF on input line 6374.
Package hyperref Info: Hyper index ON on input line 6377.
Package hyperref Info: backreferencing ON on input line 6382.
Package hyperref Info: Link coloring ON on input line 6387.
Package hyperref Info: Link coloring with OCG OFF on input line 6394.
Package hyperref Info: PDF/A mode OFF on input line 6399.
LaTeX Info: Redefining \ref on input line 6439.
LaTeX Info: Redefining \pageref on input line 6443.
\Hy@abspage=\count126
\c@Item=\count127
\c@Hfootnote=\count128
)
Package hyperref Info: Driver (autodetected): hpdftex.

(/usr/share/texlive/texmf-dist/tex/latex/hyperref/hpdftex.def
File: hpdftex.def 2018/02/06 v6.86b Hyperref driver for pdfTeX
\Fld@listcount=\count129
\c@bookmark@seq@number=\count130
\Hy@SectionHShift=\skip59
)
Package hyperref Info: Option `colorlinks' set `false' on input line 42.

(/usr/share/texlive/texmf-dist/tex/latex/pgf/frontendlayer/tikz.sty
(/usr/share/texlive/texmf-dist/tex/latex/pgf/basiclayer/pgf.sty
(/usr/share/texlive/texmf-dist/tex/latex/pgf/utilities/pgfrcs.sty
(/usr/share/texlive/texmf-dist/tex/generic/pgf/utilities/pgfutil-common.tex
\pgfutil@everybye=\toks35
\pgfutil@tempdima=\dimen147
\pgfutil@tempdimb=\dimen148

(/usr/share/texlive/texmf-dist/tex/generic/pgf/utilities/pgfutil-common-lists.t
ex)) (/usr/share/texlive/texmf-dist/tex/generic/pgf/utilities/pgfutil-latex.def
\pgfutil@abb=\box63
(/usr/share/texlive/texmf-dist/tex/latex/ms/everyshi.sty
Package: everyshi 2001/05/15 v3.00 EveryShipout Package (MS)
))
(/usr/share/texlive/texmf-dist/tex/generic/pgf/utilities/pgfrcs.code.tex
Package: pgfrcs 2015/08/07 v3.0.1a (rcs-revision 1.31)
))
Package: pgf 2015/08/07 v3.0.1a (rcs-revision 1.15)

(/usr/share/texlive/texmf-dist/tex/latex/pgf/basiclayer/pgfcore.sty
(/usr/share/texlive/texmf-dist/tex/latex/pgf/systemlayer/pgfsys.sty
(/usr/share/texlive/texmf-dist/tex/generic/pgf/systemlayer/pgfsys.code.tex
Package: pgfsys 2014/07/09 v3.0.1a (rcs-revision 1.48)

(/usr/share/texlive/texmf-dist/tex/generic/pgf/utilities/pgfkeys.code.tex
\pgfkeys@pathtoks=\toks36
\pgfkeys@temptoks=\toks37

(/usr/share/texlive/texmf-dist/tex/generic/pgf/utilities/pgfkeysfiltered.code.t
ex
\pgfkeys@tmptoks=\toks38
))
\pgf@x=\dimen149
\pgf@y=\dimen150
\pgf@xa=\dimen151
\pgf@ya=\dimen152
\pgf@xb=\dimen153
\pgf@yb=\dimen154
\pgf@xc=\dimen155
\pgf@yc=\dimen156
\w@pgf@writea=\write4
\r@pgf@reada=\read1
\c@pgf@counta=\count131
\c@pgf@countb=\count132
\c@pgf@countc=\count133
\c@pgf@countd=\count134
\t@pgf@toka=\toks39
\t@pgf@tokb=\toks40
\t@pgf@tokc=\toks41
 (/usr/share/texlive/texmf-dist/tex/generic/pgf/systemlayer/pgf.cfg
File: pgf.cfg 2008/05/14  (rcs-revision 1.7)
)
Driver file for pgf: pgfsys-pdftex.def

(/usr/share/texlive/texmf-dist/tex/generic/pgf/systemlayer/pgfsys-pdftex.def
File: pgfsys-pdftex.def 2014/10/11  (rcs-revision 1.35)

(/usr/share/texlive/texmf-dist/tex/generic/pgf/systemlayer/pgfsys-common-pdf.de
f
File: pgfsys-common-pdf.def 2013/10/10  (rcs-revision 1.13)
)))
(/usr/share/texlive/texmf-dist/tex/generic/pgf/systemlayer/pgfsyssoftpath.code.
tex
File: pgfsyssoftpath.code.tex 2013/09/09  (rcs-revision 1.9)
\pgfsyssoftpath@smallbuffer@items=\count135
\pgfsyssoftpath@bigbuffer@items=\count136
)
(/usr/share/texlive/texmf-dist/tex/generic/pgf/systemlayer/pgfsysprotocol.code.
tex
File: pgfsysprotocol.code.tex 2006/10/16  (rcs-revision 1.4)
)) (/usr/share/texlive/texmf-dist/tex/latex/xcolor/xcolor.sty
Package: xcolor 2016/05/11 v2.12 LaTeX color extensions (UK)

(/usr/share/texlive/texmf-dist/tex/latex/graphics-cfg/color.cfg
File: color.cfg 2016/01/02 v1.6 sample color configuration
)
Package xcolor Info: Driver file: pdftex.def on input line 225.
LaTeX Info: Redefining \color on input line 709.
Package xcolor Info: Model `cmy' substituted by `cmy0' on input line 1348.
Package xcolor Info: Model `hsb' substituted by `rgb' on input line 1352.
Package xcolor Info: Model `RGB' extended on input line 1364.
Package xcolor Info: Model `HTML' substituted by `rgb' on input line 1366.
Package xcolor Info: Model `Hsb' substituted by `hsb' on input line 1367.
Package xcolor Info: Model `tHsb' substituted by `hsb' on input line 1368.
Package xcolor Info: Model `HSB' substituted by `hsb' on input line 1369.
Package xcolor Info: Model `Gray' substituted by `gray' on input line 1370.
Package xcolor Info: Model `wave' substituted by `hsb' on input line 1371.
)
(/usr/share/texlive/texmf-dist/tex/generic/pgf/basiclayer/pgfcore.code.tex
Package: pgfcore 2010/04/11 v3.0.1a (rcs-revision 1.7)

(/usr/share/texlive/texmf-dist/tex/generic/pgf/math/pgfmath.code.tex
(/usr/share/texlive/texmf-dist/tex/generic/pgf/math/pgfmathcalc.code.tex
(/usr/share/texlive/texmf-dist/tex/generic/pgf/math/pgfmathutil.code.tex)
(/usr/share/texlive/texmf-dist/tex/generic/pgf/math/pgfmathparser.code.tex
\pgfmath@dimen=\dimen157
\pgfmath@count=\count137
\pgfmath@box=\box64
\pgfmath@toks=\toks42
\pgfmath@stack@operand=\toks43
\pgfmath@stack@operation=\toks44
)
(/usr/share/texlive/texmf-dist/tex/generic/pgf/math/pgfmathfunctions.code.tex
(/usr/share/texlive/texmf-dist/tex/generic/pgf/math/pgfmathfunctions.basic.code
.tex)
(/usr/share/texlive/texmf-dist/tex/generic/pgf/math/pgfmathfunctions.trigonomet
ric.code.tex)
(/usr/share/texlive/texmf-dist/tex/generic/pgf/math/pgfmathfunctions.random.cod
e.tex)
(/usr/share/texlive/texmf-dist/tex/generic/pgf/math/pgfmathfunctions.comparison
.code.tex)
(/usr/share/texlive/texmf-dist/tex/generic/pgf/math/pgfmathfunctions.base.code.
tex)
(/usr/share/texlive/texmf-dist/tex/generic/pgf/math/pgfmathfunctions.round.code
.tex)
(/usr/share/texlive/texmf-dist/tex/generic/pgf/math/pgfmathfunctions.misc.code.
tex)
(/usr/share/texlive/texmf-dist/tex/generic/pgf/math/pgfmathfunctions.integerari
thmetics.code.tex)))
(/usr/share/texlive/texmf-dist/tex/generic/pgf/math/pgfmathfloat.code.tex
\c@pgfmathroundto@lastzeros=\count138
))
(/usr/share/texlive/texmf-dist/tex/generic/pgf/basiclayer/pgfcorepoints.code.te
x
File: pgfcorepoints.code.tex 2013/10/07  (rcs-revision 1.27)
\pgf@picminx=\dimen158
\pgf@picmaxx=\dimen159
\pgf@picminy=\dimen160
\pgf@picmaxy=\dimen161
\pgf@pathminx=\dimen162
\pgf@pathmaxx=\dimen163
\pgf@pathminy=\dimen164
\pgf@pathmaxy=\dimen165
\pgf@xx=\dimen166
\pgf@xy=\dimen167
\pgf@yx=\dimen168
\pgf@yy=\dimen169
\pgf@zx=\dimen170
\pgf@zy=\dimen171
)
(/usr/share/texlive/texmf-dist/tex/generic/pgf/basiclayer/pgfcorepathconstruct.
code.tex
File: pgfcorepathconstruct.code.tex 2013/10/07  (rcs-revision 1.29)
\pgf@path@lastx=\dimen172
\pgf@path@lasty=\dimen173
)
(/usr/share/texlive/texmf-dist/tex/generic/pgf/basiclayer/pgfcorepathusage.code
.tex
File: pgfcorepathusage.code.tex 2014/11/02  (rcs-revision 1.24)
\pgf@shorten@end@additional=\dimen174
\pgf@shorten@start@additional=\dimen175
)
(/usr/share/texlive/texmf-dist/tex/generic/pgf/basiclayer/pgfcorescopes.code.te
x
File: pgfcorescopes.code.tex 2015/05/08  (rcs-revision 1.46)
\pgfpic=\box65
\pgf@hbox=\box66
\pgf@layerbox@main=\box67
\pgf@picture@serial@count=\count139
)
(/usr/share/texlive/texmf-dist/tex/generic/pgf/basiclayer/pgfcoregraphicstate.c
ode.tex
File: pgfcoregraphicstate.code.tex 2014/11/02  (rcs-revision 1.12)
\pgflinewidth=\dimen176
)
(/usr/share/texlive/texmf-dist/tex/generic/pgf/basiclayer/pgfcoretransformation
s.code.tex
File: pgfcoretransformations.code.tex 2015/08/07  (rcs-revision 1.20)
\pgf@pt@x=\dimen177
\pgf@pt@y=\dimen178
\pgf@pt@temp=\dimen179
)
(/usr/share/texlive/texmf-dist/tex/generic/pgf/basiclayer/pgfcorequick.code.tex
File: pgfcorequick.code.tex 2008/10/09  (rcs-revision 1.3)
)
(/usr/share/texlive/texmf-dist/tex/generic/pgf/basiclayer/pgfcoreobjects.code.t
ex
File: pgfcoreobjects.code.tex 2006/10/11  (rcs-revision 1.2)
)
(/usr/share/texlive/texmf-dist/tex/generic/pgf/basiclayer/pgfcorepathprocessing
.code.tex
File: pgfcorepathprocessing.code.tex 2013/09/09  (rcs-revision 1.9)
)
(/usr/share/texlive/texmf-dist/tex/generic/pgf/basiclayer/pgfcorearrows.code.te
x
File: pgfcorearrows.code.tex 2015/05/14  (rcs-revision 1.43)
\pgfarrowsep=\dimen180
)
(/usr/share/texlive/texmf-dist/tex/generic/pgf/basiclayer/pgfcoreshade.code.tex
File: pgfcoreshade.code.tex 2013/07/15  (rcs-revision 1.15)
\pgf@max=\dimen181
\pgf@sys@shading@range@num=\count140
)
(/usr/share/texlive/texmf-dist/tex/generic/pgf/basiclayer/pgfcoreimage.code.tex
File: pgfcoreimage.code.tex 2013/07/15  (rcs-revision 1.18)

(/usr/share/texlive/texmf-dist/tex/generic/pgf/basiclayer/pgfcoreexternal.code.
tex
File: pgfcoreexternal.code.tex 2014/07/09  (rcs-revision 1.21)
\pgfexternal@startupbox=\box68
))
(/usr/share/texlive/texmf-dist/tex/generic/pgf/basiclayer/pgfcorelayers.code.te
x
File: pgfcorelayers.code.tex 2013/07/18  (rcs-revision 1.7)
)
(/usr/share/texlive/texmf-dist/tex/generic/pgf/basiclayer/pgfcoretransparency.c
ode.tex
File: pgfcoretransparency.code.tex 2013/09/30  (rcs-revision 1.5)
)
(/usr/share/texlive/texmf-dist/tex/generic/pgf/basiclayer/pgfcorepatterns.code.
tex
File: pgfcorepatterns.code.tex 2013/11/07  (rcs-revision 1.5)
)))
(/usr/share/texlive/texmf-dist/tex/generic/pgf/modules/pgfmoduleshapes.code.tex
File: pgfmoduleshapes.code.tex 2014/03/21  (rcs-revision 1.35)
\pgfnodeparttextbox=\box69
) (/usr/share/texlive/texmf-dist/tex/generic/pgf/modules/pgfmoduleplot.code.tex
File: pgfmoduleplot.code.tex 2015/08/03  (rcs-revision 1.13)
)
(/usr/share/texlive/texmf-dist/tex/latex/pgf/compatibility/pgfcomp-version-0-65
.sty
Package: pgfcomp-version-0-65 2007/07/03 v3.0.1a (rcs-revision 1.7)
\pgf@nodesepstart=\dimen182
\pgf@nodesepend=\dimen183
)
(/usr/share/texlive/texmf-dist/tex/latex/pgf/compatibility/pgfcomp-version-1-18
.sty
Package: pgfcomp-version-1-18 2007/07/23 v3.0.1a (rcs-revision 1.1)
)) (/usr/share/texlive/texmf-dist/tex/latex/pgf/utilities/pgffor.sty
(/usr/share/texlive/texmf-dist/tex/latex/pgf/utilities/pgfkeys.sty
(/usr/share/texlive/texmf-dist/tex/generic/pgf/utilities/pgfkeys.code.tex))
(/usr/share/texlive/texmf-dist/tex/latex/pgf/math/pgfmath.sty
(/usr/share/texlive/texmf-dist/tex/generic/pgf/math/pgfmath.code.tex))
(/usr/share/texlive/texmf-dist/tex/generic/pgf/utilities/pgffor.code.tex
Package: pgffor 2013/12/13 v3.0.1a (rcs-revision 1.25)

(/usr/share/texlive/texmf-dist/tex/generic/pgf/math/pgfmath.code.tex)
\pgffor@iter=\dimen184
\pgffor@skip=\dimen185
\pgffor@stack=\toks45
\pgffor@toks=\toks46
))
(/usr/share/texlive/texmf-dist/tex/generic/pgf/frontendlayer/tikz/tikz.code.tex
Package: tikz 2015/08/07 v3.0.1a (rcs-revision 1.151)

(/usr/share/texlive/texmf-dist/tex/generic/pgf/libraries/pgflibraryplothandlers
.code.tex
File: pgflibraryplothandlers.code.tex 2013/08/31 v3.0.1a (rcs-revision 1.20)
\pgf@plot@mark@count=\count141
\pgfplotmarksize=\dimen186
)
\tikz@lastx=\dimen187
\tikz@lasty=\dimen188
\tikz@lastxsaved=\dimen189
\tikz@lastysaved=\dimen190
\tikzleveldistance=\dimen191
\tikzsiblingdistance=\dimen192
\tikz@figbox=\box70
\tikz@figbox@bg=\box71
\tikz@tempbox=\box72
\tikz@tempbox@bg=\box73
\tikztreelevel=\count142
\tikznumberofchildren=\count143
\tikznumberofcurrentchild=\count144
\tikz@fig@count=\count145

(/usr/share/texlive/texmf-dist/tex/generic/pgf/modules/pgfmodulematrix.code.tex
File: pgfmodulematrix.code.tex 2013/09/17  (rcs-revision 1.8)
\pgfmatrixcurrentrow=\count146
\pgfmatrixcurrentcolumn=\count147
\pgf@matrix@numberofcolumns=\count148
)
\tikz@expandcount=\count149

(/usr/share/texlive/texmf-dist/tex/generic/pgf/frontendlayer/tikz/libraries/tik
zlibrarytopaths.code.tex
File: tikzlibrarytopaths.code.tex 2008/06/17 v3.0.1a (rcs-revision 1.2)
)))
(/usr/share/texlive/texmf-dist/tex/generic/pgf/frontendlayer/tikz/libraries/tik
zlibraryshapes.code.tex
File: tikzlibraryshapes.code.tex 2008/01/09 v3.0.1a (rcs-revision 1.1)

(/usr/share/texlive/texmf-dist/tex/generic/pgf/frontendlayer/tikz/libraries/tik
zlibraryshapes.geometric.code.tex
File: tikzlibraryshapes.geometric.code.tex 2008/01/09 v3.0.1a (rcs-revision 1.1
)

(/usr/share/texlive/texmf-dist/tex/generic/pgf/libraries/shapes/pgflibraryshape
s.geometric.code.tex
File: pgflibraryshapes.geometric.code.tex 2008/06/26 v3.0.1a (rcs-revision 1.1)

))
(/usr/share/texlive/texmf-dist/tex/generic/pgf/frontendlayer/tikz/libraries/tik
zlibraryshapes.misc.code.tex
File: tikzlibraryshapes.misc.code.tex 2008/01/09 v3.0.1a (rcs-revision 1.1)

(/usr/share/texlive/texmf-dist/tex/generic/pgf/libraries/shapes/pgflibraryshape
s.misc.code.tex
File: pgflibraryshapes.misc.code.tex 2013/07/18 v3.0.1a (rcs-revision 1.5)
))
(/usr/share/texlive/texmf-dist/tex/generic/pgf/frontendlayer/tikz/libraries/tik
zlibraryshapes.symbols.code.tex
File: tikzlibraryshapes.symbols.code.tex 2008/01/09 v3.0.1a (rcs-revision 1.1)

(/usr/share/texlive/texmf-dist/tex/generic/pgf/libraries/shapes/pgflibraryshape
s.symbols.code.tex
File: pgflibraryshapes.symbols.code.tex 2013/09/11 v3.0.1a (rcs-revision 1.6)
))
(/usr/share/texlive/texmf-dist/tex/generic/pgf/frontendlayer/tikz/libraries/tik
zlibraryshapes.arrows.code.tex
File: tikzlibraryshapes.arrows.code.tex 2008/01/09 v3.0.1a (rcs-revision 1.1)

(/usr/share/texlive/texmf-dist/tex/generic/pgf/libraries/shapes/pgflibraryshape
s.arrows.code.tex
File: pgflibraryshapes.arrows.code.tex 2008/06/26 v3.0.1a (rcs-revision 1.1)
))
(/usr/share/texlive/texmf-dist/tex/generic/pgf/frontendlayer/tikz/libraries/tik
zlibraryshapes.callouts.code.tex
(/usr/share/texlive/texmf-dist/tex/generic/pgf/libraries/shapes/pgflibraryshape
s.callouts.code.tex))
(/usr/share/texlive/texmf-dist/tex/generic/pgf/frontendlayer/tikz/libraries/tik
zlibraryshapes.multipart.code.tex
File: tikzlibraryshapes.multipart.code.tex 2008/01/09 v3.0.1a (rcs-revision 1.1
)

(/usr/share/texlive/texmf-dist/tex/generic/pgf/libraries/shapes/pgflibraryshape
s.multipart.code.tex
File: pgflibraryshapes.multipart.code.tex 2010/01/07 v3.0.1a (rcs-revision 1.2)

\pgfnodepartlowerbox=\box74
\pgfnodeparttwobox=\box75
\pgfnodepartthreebox=\box76
\pgfnodepartfourbox=\box77
\pgfnodeparttwentybox=\box78
\pgfnodepartnineteenbox=\box79
\pgfnodeparteighteenbox=\box80
\pgfnodepartseventeenbox=\box81
\pgfnodepartsixteenbox=\box82
\pgfnodepartfifteenbox=\box83
\pgfnodepartfourteenbox=\box84
\pgfnodepartthirteenbox=\box85
\pgfnodeparttwelvebox=\box86
\pgfnodepartelevenbox=\box87
\pgfnodeparttenbox=\box88
\pgfnodepartninebox=\box89
\pgfnodeparteightbox=\box90
\pgfnodepartsevenbox=\box91
\pgfnodepartsixbox=\box92
\pgfnodepartfivebox=\box93
)))
(/usr/share/texlive/texmf-dist/tex/generic/pgf/frontendlayer/tikz/libraries/tik
zlibraryplotmarks.code.tex
File: tikzlibraryplotmarks.code.tex 2008/01/09 v3.0.1a (rcs-revision 1.1)

(/usr/share/texlive/texmf-dist/tex/generic/pgf/libraries/pgflibraryplotmarks.co
de.tex
File: pgflibraryplotmarks.code.tex 2015/08/03 v3.0.1a (rcs-revision 1.14)
)) (./pause.sty)
\c@theorem=\count150
 (./algoritmos_cgm3.aux)
\openout1 = `algoritmos_cgm3.aux'.

LaTeX Font Info:    Checking defaults for OML/cmm/m/it on input line 263.
LaTeX Font Info:    ... okay on input line 263.
LaTeX Font Info:    Checking defaults for T1/cmr/m/n on input line 263.
LaTeX Font Info:    ... okay on input line 263.
LaTeX Font Info:    Checking defaults for OT1/lcmss/m/n on input line 263.
LaTeX Font Info:    ... okay on input line 263.
LaTeX Font Info:    Checking defaults for OMS/cmsy/m/n on input line 263.
LaTeX Font Info:    ... okay on input line 263.
LaTeX Font Info:    Checking defaults for OMX/cmex/m/n on input line 263.
LaTeX Font Info:    ... okay on input line 263.
LaTeX Font Info:    Checking defaults for U/cmr/m/n on input line 263.
LaTeX Font Info:    ... okay on input line 263.
LaTeX Font Info:    Checking defaults for TS1/cmr/m/n on input line 263.
LaTeX Font Info:    Try loading font information for TS1+cmr on input line 263.


(/usr/share/texlive/texmf-dist/tex/latex/base/ts1cmr.fd
File: ts1cmr.fd 2014/09/29 v2.5h Standard LaTeX font definitions
)
LaTeX Font Info:    ... okay on input line 263.
LaTeX Font Info:    Checking defaults for PD1/pdf/m/n on input line 263.
LaTeX Font Info:    ... okay on input line 263.

(/usr/share/texlive/texmf-dist/tex/context/base/mkii/supp-pdf.mkii
[Loading MPS to PDF converter (version 2006.09.02).]
\scratchcounter=\count151
\scratchdimen=\dimen193
\scratchbox=\box94
\nofMPsegments=\count152
\nofMParguments=\count153
\everyMPshowfont=\toks47
\MPscratchCnt=\count154
\MPscratchDim=\dimen194
\MPnumerator=\count155
\makeMPintoPDFobject=\count156
\everyMPtoPDFconversion=\toks48
)
\AtBeginShipoutBox=\box95
Package hyperref Info: Link coloring OFF on input line 263.
 (/usr/share/texlive/texmf-dist/tex/latex/hyperref/nameref.sty
Package: nameref 2016/05/21 v2.44 Cross-referencing by name of section

(/usr/share/texlive/texmf-dist/tex/generic/oberdiek/gettitlestring.sty
Package: gettitlestring 2016/05/16 v1.5 Cleanup title references (HO)
)
\c@section@level=\count157
)
LaTeX Info: Redefining \ref on input line 263.
LaTeX Info: Redefining \pageref on input line 263.
LaTeX Info: Redefining \nameref on input line 263.

(./algoritmos_cgm3.out) (./algoritmos_cgm3.out)
\@outlinefile=\write5
\openout5 = `algoritmos_cgm3.out'.


ABD: EveryShipout initializing macros

LaTeX Font Warning: Font shape `T1/lcmss/m/n' in size <17> not available
(Font)              size <16.59> substituted on input line 277.


Overfull \hbox (10.41669pt too wide) has occurred while \output is active
[][] 
 []

Package babel Info: Redefining portuges shorthand "|
(babel)             in language  on input line 277.
Package babel Info: Redefining portuges shorthand "|
(babel)             in language  on input line 277.
[1
Non-PDF special ignored!{/var/lib/texmf/fonts/map/pdftex/updmap/pdftex.map}

]
Overfull \hbox (10.41669pt too wide) has occurred while \output is active
[][] 
 []

Package babel Info: Redefining portuges shorthand "|
(babel)             in language  on input line 282.
Package babel Info: Redefining portuges shorthand "|
(babel)             in language  on input line 282.
[2]
LaTeX Font Info:    Try loading font information for OML+lcmm on input line 288
.
 (/usr/share/texlive/texmf-dist/tex/latex/base/omllcmm.fd
File: omllcmm.fd 1998/06/12 v2.2e Standard LaTeX slide font definitions
)
LaTeX Font Info:    Try loading font information for OMS+lcmsy on input line 28
8.

(/usr/share/texlive/texmf-dist/tex/latex/base/omslcmsy.fd
File: omslcmsy.fd 1998/06/12 v2.2e Standard LaTeX slide font definitions
)
LaTeX Font Info:    Try loading font information for OMX+lcmex on input line 28
8.

(/usr/share/texlive/texmf-dist/tex/latex/base/omxlcmex.fd
File: omxlcmex.fd 1998/06/12 v2.2e Standard LaTeX slide font definitions
)
LaTeX Font Info:    External font `cmex10 at17.28pt' loaded for size
(Font)              <19.907> on input line 288.
LaTeX Font Info:    External font `cmex10 at17.28pt' loaded for size
(Font)              <16.59> on input line 288.
LaTeX Font Info:    External font `cmex10 at17.28pt' loaded for size
(Font)              <13.82> on input line 288.
LaTeX Font Info:    Try loading font information for U+msa on input line 288.

(/usr/share/texlive/texmf-dist/tex/latex/amsfonts/umsa.fd
File: umsa.fd 2013/01/14 v3.01 AMS symbols A
)
LaTeX Font Info:    Try loading font information for U+msb on input line 288.

(/usr/share/texlive/texmf-dist/tex/latex/amsfonts/umsb.fd
File: umsb.fd 2013/01/14 v3.01 AMS symbols B
)
Overfull \hbox (10.41669pt too wide) has occurred while \output is active
[][] 
 []

Package babel Info: Redefining portuges shorthand "|
(babel)             in language  on input line 291.
Package babel Info: Redefining portuges shorthand "|
(babel)             in language  on input line 291.
[3]
LaTeX Font Info:    Try loading font information for T1+lcmtt on input line 298
.
 (/usr/share/texlive/texmf-dist/tex/latex/base/t1lcmtt.fd
File: t1lcmtt.fd 1998/06/12 v2.2e Standard LaTeX slide font definitions
)
Overfull \hbox (10.41669pt too wide) has occurred while \output is active
[][] 
 []

Package babel Info: Redefining portuges shorthand "|
(babel)             in language  on input line 309.
Package babel Info: Redefining portuges shorthand "|
(babel)             in language  on input line 309.
[4]
Package epstopdf Info: Source file: <fig04.eps>
(epstopdf)                    date: 2020-05-17 14:11:01
(epstopdf)                    size: 38772 bytes
(epstopdf)             Output file: <fig04-eps-converted-to.pdf>
(epstopdf)                    date: 2020-05-17 14:11:19
(epstopdf)                    size: 7452 bytes
(epstopdf)             Command: <repstopdf --outfile=fig04-eps-converted-to.pdf
 fig04.eps>
(epstopdf)             \includegraphics on input line 318.
Package epstopdf Info: Output file is already uptodate.


pdfTeX warning: pdflatex (file ./fig04-eps-converted-to.pdf): PDF inclusion: fo
und PDF version <1.7>, but at most version <1.5> allowed
<fig04-eps-converted-to.pdf, id=31, 381.425pt x 177.66376pt>
File: fig04-eps-converted-to.pdf Graphic file (type pdf)
<use fig04-eps-converted-to.pdf>
Package pdftex.def Info: fig04-eps-converted-to.pdf  used on input line 318.
(pdftex.def)             Requested size: 259.99603pt x 121.10794pt.

Overfull \hbox (10.41669pt too wide) has occurred while \output is active
[][] 
 []

Package babel Info: Redefining portuges shorthand "|
(babel)             in language  on input line 320.
Package babel Info: Redefining portuges shorthand "|
(babel)             in language  on input line 320.
[5 <./fig04-eps-converted-to.pdf>]
Overfull \hbox (10.41669pt too wide) has occurred while \output is active
[][] 
 []

Package babel Info: Redefining portuges shorthand "|
(babel)             in language  on input line 340.
Package babel Info: Redefining portuges shorthand "|
(babel)             in language  on input line 340.
[6]
Overfull \hbox (10.41669pt too wide) has occurred while \output is active
[][] 
 []

Package babel Info: Redefining portuges shorthand "|
(babel)             in language  on input line 371.
Package babel Info: Redefining portuges shorthand "|
(babel)             in language  on input line 371.
[7]

Class slides Warning: Slide 7 too long on input line 372.

Package babel Info: Redefining portuges shorthand "|
(babel)             in language  on input line 372.
Package babel Info: Redefining portuges shorthand "|
(babel)             in language  on input line 372.
[7]
Overfull \hbox (10.41669pt too wide) has occurred while \output is active
[][] 
 []

Package babel Info: Redefining portuges shorthand "|
(babel)             in language  on input line 388.
Package babel Info: Redefining portuges shorthand "|
(babel)             in language  on input line 388.
[8]
Overfull \hbox (47.99814pt too wide) in paragraph at lines 408--408
[]\T1/lcmtt/m/n/19.907 void envia(int i, int j, int *lin, int *col, int n, int 
destino) {[] 
 []


Overfull \hbox (58.57387pt too wide) in paragraph at lines 408--408
[]   \T1/lcmtt/m/n/19.907 MPI_Pack(&i, 1, MPI_INT, buffer, 100, &posicao, MPI_C
OMM_WORLD);[] 
 []


Overfull \hbox (58.57387pt too wide) in paragraph at lines 408--408
[]   \T1/lcmtt/m/n/19.907 MPI_Pack(&j, 1, MPI_INT, buffer, 100, &posicao, MPI_C
OMM_WORLD);[] 
 []


Overfull \hbox (58.57387pt too wide) in paragraph at lines 408--408
[]   \T1/lcmtt/m/n/19.907 MPI_Pack(&n, 1, MPI_INT, buffer, 100, &posicao, MPI_C
OMM_WORLD);[] 
 []


Overfull \hbox (58.57387pt too wide) in paragraph at lines 408--408
[]                                         \T1/lcmtt/m/n/19.907 MPI_COMM_WORLD,
 &request);[] 
 []


Overfull \hbox (58.57387pt too wide) in paragraph at lines 408--408
[]                                         \T1/lcmtt/m/n/19.907 MPI_COMM_WORLD,
 &request);[] 
 []


Overfull \hbox (58.57387pt too wide) in paragraph at lines 408--408
[]                                         \T1/lcmtt/m/n/19.907 MPI_COMM_WORLD,
 &request);[] 
 []


Overfull \hbox (10.41669pt too wide) has occurred while \output is active
[][] 
 []

Package babel Info: Redefining portuges shorthand "|
(babel)             in language  on input line 409.
Package babel Info: Redefining portuges shorthand "|
(babel)             in language  on input line 409.
[9]
Overfull \hbox (69.1496pt too wide) in paragraph at lines 431--431
[]                                 \T1/lcmtt/m/n/19.907 MPI_COMM_WORLD, MPI_STA
TUS_IGNORE);[] 
 []


Overfull \hbox (69.1496pt too wide) in paragraph at lines 431--431
[]   \T1/lcmtt/m/n/19.907 MPI_Unpack(buffer, 100, &posicao, i, 1, MPI_INT, MPI_
COMM_WORLD);[] 
 []


Overfull \hbox (69.1496pt too wide) in paragraph at lines 431--431
[]   \T1/lcmtt/m/n/19.907 MPI_Unpack(buffer, 100, &posicao, j, 1, MPI_INT, MPI_
COMM_WORLD);[] 
 []


Overfull \hbox (69.1496pt too wide) in paragraph at lines 431--431
[]   \T1/lcmtt/m/n/19.907 MPI_Unpack(buffer, 100, &posicao, n, 1, MPI_INT, MPI_
COMM_WORLD);[] 
 []


Overfull \hbox (69.1496pt too wide) in paragraph at lines 431--431
[]                                                 \T1/lcmtt/m/n/19.907 MPI_STA
TUS_IGNORE);[] 
 []


Overfull \hbox (69.1496pt too wide) in paragraph at lines 431--431
[]                                                 \T1/lcmtt/m/n/19.907 MPI_STA
TUS_IGNORE);[] 
 []


Overfull \hbox (16.6667pt too wide) has occurred while \output is active
[][] 
 []

Package babel Info: Redefining portuges shorthand "|
(babel)             in language  on input line 432.
Package babel Info: Redefining portuges shorthand "|
(babel)             in language  on input line 432.
[10]
Overfull \hbox (16.6667pt too wide) has occurred while \output is active
[][] 
 []

Package babel Info: Redefining portuges shorthand "|
(babel)             in language  on input line 450.
Package babel Info: Redefining portuges shorthand "|
(babel)             in language  on input line 450.
[11]
Package epstopdf Info: Source file: <fig04.eps>
(epstopdf)                    date: 2020-05-17 14:11:01
(epstopdf)                    size: 38772 bytes
(epstopdf)             Output file: <fig04-eps-converted-to.pdf>
(epstopdf)                    date: 2020-05-17 14:11:19
(epstopdf)                    size: 7452 bytes
(epstopdf)             Command: <repstopdf --outfile=fig04-eps-converted-to.pdf
 fig04.eps>
(epstopdf)             \includegraphics on input line 459.
Package epstopdf Info: Output file is already uptodate.
File: fig04-eps-converted-to.pdf Graphic file (type pdf)
<use fig04-eps-converted-to.pdf>
Package pdftex.def Info: fig04-eps-converted-to.pdf  used on input line 459.
(pdftex.def)             Requested size: 259.99603pt x 121.10794pt.

Overfull \hbox (16.6667pt too wide) has occurred while \output is active
[][] 
 []

Package babel Info: Redefining portuges shorthand "|
(babel)             in language  on input line 461.
Package babel Info: Redefining portuges shorthand "|
(babel)             in language  on input line 461.
[12]
Overfull \hbox (16.6667pt too wide) has occurred while \output is active
[][] 
 []

Package babel Info: Redefining portuges shorthand "|
(babel)             in language  on input line 479.
Package babel Info: Redefining portuges shorthand "|
(babel)             in language  on input line 479.
[13]
Overfull \hbox (37.42241pt too wide) in paragraph at lines 510--510
[]             \T1/lcmtt/m/n/19.907 C[i*N + j] = multiplica_linha_coluna(A, B, 
i, j, N);[] 
 []


Overfull \hbox (16.6667pt too wide) has occurred while \output is active
[][] 
 []

Package babel Info: Redefining portuges shorthand "|
(babel)             in language  on input line 510.
Package babel Info: Redefining portuges shorthand "|
(babel)             in language  on input line 510.
[14]

Class slides Warning: Slide 14 too long on input line 511.

Package babel Info: Redefining portuges shorthand "|
(babel)             in language  on input line 511.
Package babel Info: Redefining portuges shorthand "|
(babel)             in language  on input line 511.
[14]
Overfull \hbox (16.27095pt too wide) in paragraph at lines 527--527
[]                                            \T1/lcmtt/m/n/19.907 int coluna, 
int n){[] 
 []


Overfull \hbox (16.6667pt too wide) has occurred while \output is active
[][] 
 []

Package babel Info: Redefining portuges shorthand "|
(babel)             in language  on input line 528.
Package babel Info: Redefining portuges shorthand "|
(babel)             in language  on input line 528.
[15]
Overfull \hbox (58.57387pt too wide) in paragraph at lines 543--543
[]   \T1/lcmtt/m/n/19.907 MPI_Pack(&i, 1, MPI_INT, buffer, 100, &posicao, MPI_C
OMM_WORLD);[] 
 []


Overfull \hbox (58.57387pt too wide) in paragraph at lines 543--543
[]   \T1/lcmtt/m/n/19.907 MPI_Pack(&j, 1, MPI_INT, buffer, 100, &posicao, MPI_C
OMM_WORLD);[] 
 []


Overfull \hbox (58.57387pt too wide) in paragraph at lines 543--543
[]   \T1/lcmtt/m/n/19.907 MPI_Isend(buffer, 100, MPI_PACKED, destino, tag, MPI_
COMM_WORLD,[] 
 []


Overfull \hbox (58.57387pt too wide) in paragraph at lines 543--543
[]                                                         \T1/lcmtt/m/n/19.907
 &request);[] 
 []


Overfull \hbox (16.6667pt too wide) has occurred while \output is active
[][] 
 []

Package babel Info: Redefining portuges shorthand "|
(babel)             in language  on input line 544.
Package babel Info: Redefining portuges shorthand "|
(babel)             in language  on input line 544.
[16]
Overfull \hbox (69.1496pt too wide) in paragraph at lines 560--560
[]                                 \T1/lcmtt/m/n/19.907 MPI_COMM_WORLD, MPI_STA
TUS_IGNORE);[] 
 []


Overfull \hbox (69.1496pt too wide) in paragraph at lines 560--560
[]   \T1/lcmtt/m/n/19.907 MPI_Unpack(buffer, 100, &posicao, i, 1, MPI_INT, MPI_
COMM_WORLD);[] 
 []


Overfull \hbox (69.1496pt too wide) in paragraph at lines 560--560
[]   \T1/lcmtt/m/n/19.907 MPI_Unpack(buffer, 100, &posicao, j, 1, MPI_INT, MPI_
COMM_WORLD);[] 
 []


Overfull \hbox (16.6667pt too wide) has occurred while \output is active
[][] 
 []

Package babel Info: Redefining portuges shorthand "|
(babel)             in language  on input line 561.
Package babel Info: Redefining portuges shorthand "|
(babel)             in language  on input line 561.
[17]
Overfull \hbox (58.57387pt too wide) in paragraph at lines 578--578
[]   \T1/lcmtt/m/n/19.907 MPI_Pack(&i, 1, MPI_INT, buffer, 100, &posicao, MPI_C
OMM_WORLD);[] 
 []


Overfull \hbox (58.57387pt too wide) in paragraph at lines 578--578
[]   \T1/lcmtt/m/n/19.907 MPI_Pack(&j, 1, MPI_INT, buffer, 100, &posicao, MPI_C
OMM_WORLD);[] 
 []


Overfull \hbox (58.57387pt too wide) in paragraph at lines 578--578
[]   \T1/lcmtt/m/n/19.907 MPI_Pack(&r, 1, MPI_INT, buffer, 100, &posicao, MPI_C
OMM_WORLD);[] 
 []


Overfull \hbox (47.99814pt too wide) in paragraph at lines 578--578
[]   \T1/lcmtt/m/n/19.907 MPI_Isend(buffer, 100, MPI_PACKED, MESTRE, tag, MPI_C
OMM_WORLD,[] 
 []


Overfull \hbox (58.57387pt too wide) in paragraph at lines 578--578
[]                                                         \T1/lcmtt/m/n/19.907
 &request);[] 
 []


Overfull \hbox (16.6667pt too wide) has occurred while \output is active
[][] 
 []

Package babel Info: Redefining portuges shorthand "|
(babel)             in language  on input line 579.
Package babel Info: Redefining portuges shorthand "|
(babel)             in language  on input line 579.
[18]
Overfull \hbox (69.1496pt too wide) in paragraph at lines 596--596
[]                                 \T1/lcmtt/m/n/19.907 MPI_COMM_WORLD, MPI_STA
TUS_IGNORE);[] 
 []


Overfull \hbox (69.1496pt too wide) in paragraph at lines 596--596
[]   \T1/lcmtt/m/n/19.907 MPI_Unpack(buffer, 100, &posicao, i, 1, MPI_INT, MPI_
COMM_WORLD);[] 
 []


Overfull \hbox (69.1496pt too wide) in paragraph at lines 596--596
[]   \T1/lcmtt/m/n/19.907 MPI_Unpack(buffer, 100, &posicao, j, 1, MPI_INT, MPI_
COMM_WORLD);[] 
 []


Overfull \hbox (69.1496pt too wide) in paragraph at lines 596--596
[]   \T1/lcmtt/m/n/19.907 MPI_Unpack(buffer, 100, &posicao, r, 1, MPI_INT, MPI_
COMM_WORLD);[] 
 []


Overfull \hbox (16.6667pt too wide) has occurred while \output is active
[][] 
 []

Package babel Info: Redefining portuges shorthand "|
(babel)             in language  on input line 597.
Package babel Info: Redefining portuges shorthand "|
(babel)             in language  on input line 597.
[19]
Package epstopdf Info: Source file: <fig03.eps>
(epstopdf)                    date: 2020-05-17 06:55:06
(epstopdf)                    size: 131124 bytes
(epstopdf)             Output file: <fig03-eps-converted-to.pdf>
(epstopdf)                    date: 2020-05-17 06:56:14
(epstopdf)                    size: 32158 bytes
(epstopdf)             Command: <repstopdf --outfile=fig03-eps-converted-to.pdf
 fig03.eps>
(epstopdf)             \includegraphics on input line 605.
Package epstopdf Info: Output file is already uptodate.


pdfTeX warning: pdflatex (file ./fig03-eps-converted-to.pdf): PDF inclusion: fo
und PDF version <1.7>, but at most version <1.5> allowed
<fig03-eps-converted-to.pdf, id=107, 379.4175pt x 354.32375pt>
File: fig03-eps-converted-to.pdf Graphic file (type pdf)
<use fig03-eps-converted-to.pdf>
Package pdftex.def Info: fig03-eps-converted-to.pdf  used on input line 605.
(pdftex.def)             Requested size: 259.99603pt x 242.80222pt.

Overfull \hbox (16.6667pt too wide) has occurred while \output is active
[][] 
 []

Package babel Info: Redefining portuges shorthand "|
(babel)             in language  on input line 607.
Package babel Info: Redefining portuges shorthand "|
(babel)             in language  on input line 607.
[20 <./fig03-eps-converted-to.pdf>]
Overfull \hbox (16.6667pt too wide) has occurred while \output is active
[][] 
 []

Package babel Info: Redefining portuges shorthand "|
(babel)             in language  on input line 620.
Package babel Info: Redefining portuges shorthand "|
(babel)             in language  on input line 620.
[21]
Overfull \hbox (16.6667pt too wide) has occurred while \output is active
[][] 
 []

Package babel Info: Redefining portuges shorthand "|
(babel)             in language  on input line 639.
Package babel Info: Redefining portuges shorthand "|
(babel)             in language  on input line 639.
[22]
Overfull \hbox (16.6667pt too wide) has occurred while \output is active
[][] 
 []

Package babel Info: Redefining portuges shorthand "|
(babel)             in language  on input line 660.
Package babel Info: Redefining portuges shorthand "|
(babel)             in language  on input line 660.
[23]
Overfull \hbox (16.6667pt too wide) has occurred while \output is active
[][] 
 []

Package babel Info: Redefining portuges shorthand "|
(babel)             in language  on input line 674.
Package babel Info: Redefining portuges shorthand "|
(babel)             in language  on input line 674.
[24]
Overfull \hbox (16.6667pt too wide) has occurred while \output is active
[][] 
 []

Package babel Info: Redefining portuges shorthand "|
(babel)             in language  on input line 687.
Package babel Info: Redefining portuges shorthand "|
(babel)             in language  on input line 687.
[25]
Overfull \hbox (16.6667pt too wide) has occurred while \output is active
[][] 
 []

Package babel Info: Redefining portuges shorthand "|
(babel)             in language  on input line 694.
Package babel Info: Redefining portuges shorthand "|
(babel)             in language  on input line 694.
[26]
Overfull \hbox (16.6667pt too wide) has occurred while \output is active
[][] 
 []

Package babel Info: Redefining portuges shorthand "|
(babel)             in language  on input line 706.
Package babel Info: Redefining portuges shorthand "|
(babel)             in language  on input line 706.
[27]
Overfull \hbox (16.6667pt too wide) has occurred while \output is active
[][] 
 []

Package babel Info: Redefining portuges shorthand "|
(babel)             in language  on input line 720.
Package babel Info: Redefining portuges shorthand "|
(babel)             in language  on input line 720.
[28]
Overfull \hbox (16.6667pt too wide) has occurred while \output is active
[][] 
 []

Package babel Info: Redefining portuges shorthand "|
(babel)             in language  on input line 724.
Package babel Info: Redefining portuges shorthand "|
(babel)             in language  on input line 724.
[29]
Overfull \hbox (16.6667pt too wide) has occurred while \output is active
[][] 
 []

Package babel Info: Redefining portuges shorthand "|
(babel)             in language  on input line 735.
Package babel Info: Redefining portuges shorthand "|
(babel)             in language  on input line 735.
[30]
Package epstopdf Info: Source file: <fig01.eps>
(epstopdf)                    date: 2020-05-16 18:32:38
(epstopdf)                    size: 109648 bytes
(epstopdf)             Output file: <fig01-eps-converted-to.pdf>
(epstopdf)                    date: 2020-05-16 18:33:13
(epstopdf)                    size: 42318 bytes
(epstopdf)             Command: <repstopdf --outfile=fig01-eps-converted-to.pdf
 fig01.eps>
(epstopdf)             \includegraphics on input line 740.
Package epstopdf Info: Output file is already uptodate.


pdfTeX warning: pdflatex (file ./fig01-eps-converted-to.pdf): PDF inclusion: fo
und PDF version <1.7>, but at most version <1.5> allowed
<fig01-eps-converted-to.pdf, id=158, 557.08125pt x 330.23375pt>
File: fig01-eps-converted-to.pdf Graphic file (type pdf)
<use fig01-eps-converted-to.pdf>
Package pdftex.def Info: fig01-eps-converted-to.pdf  used on input line 740.
(pdftex.def)             Requested size: 520.00198pt x 308.25804pt.

Overfull \hbox (16.6667pt too wide) has occurred while \output is active
[][] 
 []

Package babel Info: Redefining portuges shorthand "|
(babel)             in language  on input line 742.
Package babel Info: Redefining portuges shorthand "|
(babel)             in language  on input line 742.
[31 <./fig01-eps-converted-to.pdf>]
Overfull \hbox (16.6667pt too wide) has occurred while \output is active
[][] 
 []

Package babel Info: Redefining portuges shorthand "|
(babel)             in language  on input line 755.
Package babel Info: Redefining portuges shorthand "|
(babel)             in language  on input line 755.
[32]
Overfull \hbox (16.6667pt too wide) has occurred while \output is active
[][] 
 []

Package babel Info: Redefining portuges shorthand "|
(babel)             in language  on input line 778.
Package babel Info: Redefining portuges shorthand "|
(babel)             in language  on input line 778.
[33]
Package epstopdf Info: Source file: <fig01.eps>
(epstopdf)                    date: 2020-05-16 18:32:38
(epstopdf)                    size: 109648 bytes
(epstopdf)             Output file: <fig01-eps-converted-to.pdf>
(epstopdf)                    date: 2020-05-16 18:33:13
(epstopdf)                    size: 42318 bytes
(epstopdf)             Command: <repstopdf --outfile=fig01-eps-converted-to.pdf
 fig01.eps>
(epstopdf)             \includegraphics on input line 783.
Package epstopdf Info: Output file is already uptodate.
File: fig01-eps-converted-to.pdf Graphic file (type pdf)
<use fig01-eps-converted-to.pdf>
Package pdftex.def Info: fig01-eps-converted-to.pdf  used on input line 783.
(pdftex.def)             Requested size: 259.99603pt x 154.1265pt.

Overfull \hbox (16.27095pt too wide) in paragraph at lines 792--792
[]    \T1/lcmtt/m/n/19.907 period[2] = {1, 0}, // ciclo: ltima coluna para a p
rimeira[] 
 []


Overfull \hbox (26.84668pt too wide) in paragraph at lines 792--792
[]\T1/lcmtt/m/n/19.907 MPI_Cart_create(MPI_COMM_WORLD, 2, dim, period, reorder,
 &comm);[] 
 []


Overfull \hbox (16.6667pt too wide) has occurred while \output is active
[][] 
 []

Package babel Info: Redefining portuges shorthand "|
(babel)             in language  on input line 793.
Package babel Info: Redefining portuges shorthand "|
(babel)             in language  on input line 793.
[34]
Overfull \hbox (16.6667pt too wide) has occurred while \output is active
[][] 
 []

Package babel Info: Redefining portuges shorthand "|
(babel)             in language  on input line 801.
Package babel Info: Redefining portuges shorthand "|
(babel)             in language  on input line 801.
[35]
Overfull \hbox (16.6667pt too wide) has occurred while \output is active
[][] 
 []

Package babel Info: Redefining portuges shorthand "|
(babel)             in language  on input line 810.
Package babel Info: Redefining portuges shorthand "|
(babel)             in language  on input line 810.
[36]
Overfull \hbox (16.27095pt too wide) in paragraph at lines 831--831
[]    \T1/lcmtt/m/n/19.907 period[2] = {1, 0}, // ciclo: ltima coluna para a p
rimeira[] 
 []


Overfull \hbox (26.84668pt too wide) in paragraph at lines 831--831
[]\T1/lcmtt/m/n/19.907 MPI_Cart_create(MPI_COMM_WORLD, 2, dim, period, reorder,
 &comm);[] 
 []


Overfull \hbox (69.1496pt too wide) in paragraph at lines 831--831
[]   \T1/lcmtt/m/n/19.907 printf("P:%d my coordinates are %d %d\n",rank,coord[0
],coord[1]);[] 
 []


Overfull \hbox (69.1496pt too wide) in paragraph at lines 831--831
[]   \T1/lcmtt/m/n/19.907 printf("processor at (%d, %d), rank %d\n",coord[0],co
ord[1], id);[] 
 []


Overfull \hbox (16.6667pt too wide) has occurred while \output is active
[][] 
 []

Package babel Info: Redefining portuges shorthand "|
(babel)             in language  on input line 832.
Package babel Info: Redefining portuges shorthand "|
(babel)             in language  on input line 832.
[37]
Overfull \hbox (16.6667pt too wide) has occurred while \output is active
[][] 
 []

Package babel Info: Redefining portuges shorthand "|
(babel)             in language  on input line 842.
Package babel Info: Redefining portuges shorthand "|
(babel)             in language  on input line 842.
[38]
Overfull \hbox (47.99814pt too wide) in paragraph at lines 854--854
[]                                 \T1/lcmtt/m/n/19.907 int *rank_source, int *
rank_dest)[] 
 []


Overfull \hbox (16.6667pt too wide) has occurred while \output is active
[][] 
 []

Package babel Info: Redefining portuges shorthand "|
(babel)             in language  on input line 857.
Package babel Info: Redefining portuges shorthand "|
(babel)             in language  on input line 857.
[39]
Overfull \hbox (47.99814pt too wide) in paragraph at lines 868--868
[]                                 \T1/lcmtt/m/n/19.907 int *rank_source, int *
rank_dest)[] 
 []


Overfull \hbox (16.6667pt too wide) has occurred while \output is active
[][] 
 []

Package babel Info: Redefining portuges shorthand "|
(babel)             in language  on input line 880.
Package babel Info: Redefining portuges shorthand "|
(babel)             in language  on input line 880.
[40]
Package epstopdf Info: Source file: <fig02.eps>
(epstopdf)                    date: 2020-05-17 05:08:35
(epstopdf)                    size: 45564 bytes
(epstopdf)             Output file: <fig02-eps-converted-to.pdf>
(epstopdf)                    date: 2020-05-17 05:09:03
(epstopdf)                    size: 13498 bytes
(epstopdf)             Command: <repstopdf --outfile=fig02-eps-converted-to.pdf
 fig02.eps>
(epstopdf)             \includegraphics on input line 885.
Package epstopdf Info: Output file is already uptodate.


pdfTeX warning: pdflatex (file ./fig02-eps-converted-to.pdf): PDF inclusion: fo
und PDF version <1.7>, but at most version <1.5> allowed
<fig02-eps-converted-to.pdf, id=203, 449.68pt x 99.37125pt>
File: fig02-eps-converted-to.pdf Graphic file (type pdf)
<use fig02-eps-converted-to.pdf>
Package pdftex.def Info: fig02-eps-converted-to.pdf  used on input line 885.
(pdftex.def)             Requested size: 259.99603pt x 57.45644pt.

Overfull \hbox (16.27095pt too wide) in paragraph at lines 899--899
[]\T1/lcmtt/m/n/19.907 MPI_Cart_create(MPI_COMM_WORLD, 1, dim, period, 0, &ring
_comm);[] 
 []


Overfull \hbox (16.6667pt too wide) has occurred while \output is active
[][] 
 []

Package babel Info: Redefining portuges shorthand "|
(babel)             in language  on input line 900.
Package babel Info: Redefining portuges shorthand "|
(babel)             in language  on input line 900.
[41 <./fig02-eps-converted-to.pdf>]
Overfull \hbox (16.6667pt too wide) has occurred while \output is active
[][] 
 []

Package babel Info: Redefining portuges shorthand "|
(babel)             in language  on input line 921.
Package babel Info: Redefining portuges shorthand "|
(babel)             in language  on input line 921.
[42]
Overfull \hbox (58.57387pt too wide) in paragraph at lines 932--932
[]\T1/lcmtt/m/n/19.907 int MPI_Cart_sub (MPI_Comm comm_old, int* coord, MPI_Com
m comm_new)[] 
 []


Overfull \hbox (16.6667pt too wide) has occurred while \output is active
[][] 
 []

Package babel Info: Redefining portuges shorthand "|
(babel)             in language  on input line 940.
Package babel Info: Redefining portuges shorthand "|
(babel)             in language  on input line 940.
[43]
Overfull \hbox (16.6667pt too wide) has occurred while \output is active
[][] 
 []

Package babel Info: Redefining portuges shorthand "|
(babel)             in language  on input line 944.
Package babel Info: Redefining portuges shorthand "|
(babel)             in language  on input line 944.
[44]
Overfull \hbox (16.6667pt too wide) has occurred while \output is active
[][] 
 []

Package babel Info: Redefining portuges shorthand "|
(babel)             in language  on input line 955.
Package babel Info: Redefining portuges shorthand "|
(babel)             in language  on input line 955.
[45]
Overfull \hbox (7.37456pt too wide) in paragraph at lines 973--990
[]\T1/lcmss/m/n/19.907 onde $[]\OML/lcmm/m/it/19.907 A[] \OT1/lcmss/m/n/19.907 
= []$[]\T1/lcmss/m/n/19.907 , $[]\OML/lcmm/m/it/19.907 A[] \OT1/lcmss/m/n/19.90
7 = []$[]\T1/lcmss/m/n/19.907 , $[]\OML/lcmm/m/it/19.907 A[] \OT1/lcmss/m/n/19.
907 = []$[]
 []


Overfull \hbox (16.6667pt too wide) has occurred while \output is active
[][] 
 []

Package babel Info: Redefining portuges shorthand "|
(babel)             in language  on input line 990.
Package babel Info: Redefining portuges shorthand "|
(babel)             in language  on input line 990.
[46]
Overfull \hbox (16.6667pt too wide) has occurred while \output is active
[][] 
 []

Package babel Info: Redefining portuges shorthand "|
(babel)             in language  on input line 999.
Package babel Info: Redefining portuges shorthand "|
(babel)             in language  on input line 999.
[47]
Overfull \hbox (16.6667pt too wide) has occurred while \output is active
[][] 
 []

Package babel Info: Redefining portuges shorthand "|
(babel)             in language  on input line 1011.
Package babel Info: Redefining portuges shorthand "|
(babel)             in language  on input line 1011.
[48]
Overfull \hbox (16.6667pt too wide) has occurred while \output is active
[][] 
 []

Package babel Info: Redefining portuges shorthand "|
(babel)             in language  on input line 1024.
Package babel Info: Redefining portuges shorthand "|
(babel)             in language  on input line 1024.
[49]
Overfull \hbox (16.6667pt too wide) has occurred while \output is active
[][] 
 []

Package babel Info: Redefining portuges shorthand "|
(babel)             in language  on input line 1041.
Package babel Info: Redefining portuges shorthand "|
(babel)             in language  on input line 1041.
[50]
Overfull \hbox (16.6667pt too wide) has occurred while \output is active
[][] 
 []

Package babel Info: Redefining portuges shorthand "|
(babel)             in language  on input line 1057.
Package babel Info: Redefining portuges shorthand "|
(babel)             in language  on input line 1057.
[51]
LaTeX Font Info:    External font `cmex10 at17.28pt' loaded for size
(Font)              <23.89> on input line 1060.

Overfull \hbox (16.6667pt too wide) has occurred while \output is active
[][] 
 []

Package babel Info: Redefining portuges shorthand "|
(babel)             in language  on input line 1077.
Package babel Info: Redefining portuges shorthand "|
(babel)             in language  on input line 1077.
[52]
Overfull \hbox (16.6667pt too wide) has occurred while \output is active
[][] 
 []

Package babel Info: Redefining portuges shorthand "|
(babel)             in language  on input line 1090.
Package babel Info: Redefining portuges shorthand "|
(babel)             in language  on input line 1090.
[53]
Overfull \hbox (16.6667pt too wide) has occurred while \output is active
[][] 
 []

Package babel Info: Redefining portuges shorthand "|
(babel)             in language  on input line 1113.
Package babel Info: Redefining portuges shorthand "|
(babel)             in language  on input line 1113.
[54]
Overfull \hbox (16.6667pt too wide) has occurred while \output is active
[][] 
 []

Package babel Info: Redefining portuges shorthand "|
(babel)             in language  on input line 1128.
Package babel Info: Redefining portuges shorthand "|
(babel)             in language  on input line 1128.
[55]
Overfull \hbox (16.6667pt too wide) has occurred while \output is active
[][] 
 []

Package babel Info: Redefining portuges shorthand "|
(babel)             in language  on input line 1139.
Package babel Info: Redefining portuges shorthand "|
(babel)             in language  on input line 1139.
[56]
Overfull \hbox (16.6667pt too wide) has occurred while \output is active
[][] 
 []

Package babel Info: Redefining portuges shorthand "|
(babel)             in language  on input line 1158.
Package babel Info: Redefining portuges shorthand "|
(babel)             in language  on input line 1158.
[57]
Overfull \hbox (16.6667pt too wide) has occurred while \output is active
[][] 
 []

Package babel Info: Redefining portuges shorthand "|
(babel)             in language  on input line 1172.
Package babel Info: Redefining portuges shorthand "|
(babel)             in language  on input line 1172.
[58]
Overfull \hbox (16.6667pt too wide) has occurred while \output is active
[][] 
 []

Package babel Info: Redefining portuges shorthand "|
(babel)             in language  on input line 1189.
Package babel Info: Redefining portuges shorthand "|
(babel)             in language  on input line 1189.
[59]
Overfull \hbox (16.6667pt too wide) has occurred while \output is active
[][] 
 []

Package babel Info: Redefining portuges shorthand "|
(babel)             in language  on input line 1193.
Package babel Info: Redefining portuges shorthand "|
(babel)             in language  on input line 1193.
[60]
Overfull \hbox (16.6667pt too wide) has occurred while \output is active
[][] 
 []

Package babel Info: Redefining portuges shorthand "|
(babel)             in language  on input line 1215.
Package babel Info: Redefining portuges shorthand "|
(babel)             in language  on input line 1215.
[61]
Overfull \hbox (209.75755pt too wide) in paragraph at lines 1232--1237
[][] 
 []


Overfull \hbox (16.6667pt too wide) has occurred while \output is active
[][] 
 []

Package babel Info: Redefining portuges shorthand "|
(babel)             in language  on input line 1249.
Package babel Info: Redefining portuges shorthand "|
(babel)             in language  on input line 1249.
[62]
Overfull \hbox (333.34743pt too wide) in paragraph at lines 1266--1271
[][] 
 []


Overfull \hbox (16.6667pt too wide) has occurred while \output is active
[][] 
 []

Package babel Info: Redefining portuges shorthand "|
(babel)             in language  on input line 1283.
Package babel Info: Redefining portuges shorthand "|
(babel)             in language  on input line 1283.
[63]
Overfull \hbox (333.34743pt too wide) in paragraph at lines 1300--1305
[][] 
 []


Overfull \hbox (16.6667pt too wide) has occurred while \output is active
[][] 
 []

Package babel Info: Redefining portuges shorthand "|
(babel)             in language  on input line 1315.
Package babel Info: Redefining portuges shorthand "|
(babel)             in language  on input line 1315.
[64]
Overfull \hbox (16.6667pt too wide) has occurred while \output is active
[][] 
 []

Package babel Info: Redefining portuges shorthand "|
(babel)             in language  on input line 1322.
Package babel Info: Redefining portuges shorthand "|
(babel)             in language  on input line 1322.
[65]
Overfull \hbox (16.6667pt too wide) has occurred while \output is active
[][] 
 []

Package babel Info: Redefining portuges shorthand "|
(babel)             in language  on input line 1340.
Package babel Info: Redefining portuges shorthand "|
(babel)             in language  on input line 1340.
[66]
Overfull \hbox (16.6667pt too wide) has occurred while \output is active
[][] 
 []

Package babel Info: Redefining portuges shorthand "|
(babel)             in language  on input line 1386.
Package babel Info: Redefining portuges shorthand "|
(babel)             in language  on input line 1386.
[67]

Class slides Warning: Slide 67 too long on input line 1386.

Package babel Info: Redefining portuges shorthand "|
(babel)             in language  on input line 1386.
Package babel Info: Redefining portuges shorthand "|
(babel)             in language  on input line 1386.
[67]

Class slides Warning: Slide 67 too long on input line 1387.

Package babel Info: Redefining portuges shorthand "|
(babel)             in language  on input line 1387.
Package babel Info: Redefining portuges shorthand "|
(babel)             in language  on input line 1387.
[67]
Overfull \hbox (16.6667pt too wide) has occurred while \output is active
[][] 
 []

Package babel Info: Redefining portuges shorthand "|
(babel)             in language  on input line 1438.
Package babel Info: Redefining portuges shorthand "|
(babel)             in language  on input line 1438.
[68]

Class slides Warning: Slide 68 too long on input line 1438.

Package babel Info: Redefining portuges shorthand "|
(babel)             in language  on input line 1438.
Package babel Info: Redefining portuges shorthand "|
(babel)             in language  on input line 1438.
[68]

Class slides Warning: Slide 68 too long on input line 1439.

Package babel Info: Redefining portuges shorthand "|
(babel)             in language  on input line 1439.
Package babel Info: Redefining portuges shorthand "|
(babel)             in language  on input line 1439.
[68]
Overfull \hbox (16.6667pt too wide) has occurred while \output is active
[][] 
 []

Package babel Info: Redefining portuges shorthand "|
(babel)             in language  on input line 1444.
Package babel Info: Redefining portuges shorthand "|
(babel)             in language  on input line 1444.
[69]
0 minutes
Package atveryend Info: Empty hook `BeforeClearDocument' on input line 1445.
Package atveryend Info: Empty hook `AfterLastShipout' on input line 1445.
(./algoritmos_cgm3.aux)
Package atveryend Info: Executing hook `AtVeryEndDocument' on input line 1445.
Package atveryend Info: Executing hook `AtEndAfterFileList' on input line 1445.

Package rerunfilecheck Info: File `algoritmos_cgm3.out' has not changed.
(rerunfilecheck)             Checksum: D41D8CD98F00B204E9800998ECF8427E;0.


LaTeX Font Warning: Size substitutions with differences
(Font)              up to 0.41pt have occurred.

Package atveryend Info: Empty hook `AtVeryVeryEnd' on input line 1445.
 ) 
Here is how much of TeX's memory you used:
 20776 strings out of 492982
 397390 string characters out of 6134897
 500212 words of memory out of 5000000
 23786 multiletter control sequences out of 15000+600000
 14582 words of font info for 46 fonts, out of 8000000 for 9000
 1141 hyphenation exceptions out of 8191
 55i,9n,67p,419b,496s stack positions out of 5000i,500n,10000p,200000b,80000s
{/usr/share/texmf/fonts/enc/dvips/cm-super/cm-super-t1.enc}</usr/share/texliv
e/texmf-dist/fonts/type1/public/amsfonts/cm/cmex10.pfb></usr/share/texlive/texm
f-dist/fonts/type1/public/amsfonts/cm/cmmi8.pfb></usr/share/texlive/texmf-dist/
fonts/type1/public/amsfonts/cm/cmsy8.pfb></usr/share/texlive/texmf-dist/fonts/t
ype1/public/amsfonts/latxfont/lcmss8.pfb></usr/share/texlive/texmf-dist/fonts/t
ype1/public/amsfonts/symbols/msam10.pfb></usr/share/texmf/fonts/type1/public/cm
-super/sfli8.pfb></usr/share/texmf/fonts/type1/public/cm-super/sflq8.pfb></usr/
share/texmf/fonts/type1/public/cm-super/sfltt8.pfb>
Output written on algoritmos_cgm3.pdf (75 pages, 269542 bytes).
PDF statistics:
 398 PDF objects out of 1000 (max. 8388607)
 301 compressed objects within 4 object streams
 77 named destinations out of 1000 (max. 500000)
 33 words of extra memory for PDF output out of 10000 (max. 10000000)

